--------------------------------------------------------------------------------
Release 13.2 Trace  (nt)
Copyright (c) 1995-2011 Xilinx, Inc.  All rights reserved.

D:\XilinX\13.2\ISE_DS\ISE\bin\nt\unwrapped\trce.exe -intstyle ise -v 3 -s 1L -n
3 -fastpaths -xml IP_watermark.twx IP_watermark.ncd -o IP_watermark.twr
IP_watermark.pcf -ucf IP_watermark.ucf

Design file:              IP_watermark.ncd
Physical constraint file: IP_watermark.pcf
Device,package,speed:     xc6vlx75tl,ff784,C,-1L (PRODUCTION 1.10 2011-06-20)
Report level:             verbose report

Environment Variable      Effect 
--------------------      ------ 
NONE                      No environment variables were set
--------------------------------------------------------------------------------

INFO:Timing:2698 - No timing constraints found, doing default enumeration.
INFO:Timing:2752 - To get complete path coverage, use the unconstrained paths 
   option. All paths that are not constrained will be reported in the 
   unconstrained paths section(s) of the report.
INFO:Timing:3339 - The clock-to-out numbers in this timing report are based on 
   a 50 Ohm transmission line loading model.  For the details of this model, 
   and for more information on accounting for different loading conditions, 
   please see the device datasheet.



Data Sheet report:
-----------------
All values displayed in nanoseconds (ns)

Setup/Hold to clock clk
------------+------------+------------+------------+------------+------------------+--------+
            |Max Setup to|  Process   |Max Hold to |  Process   |                  | Clock  |
Source      | clk (edge) |   Corner   | clk (edge) |   Corner   |Internal Clock(s) | Phase  |
------------+------------+------------+------------+------------+------------------+--------+
Y<0>        |    9.080(R)|      SLOW  |    0.823(R)|      SLOW  |clk_BUFGP         |   0.000|
Y<1>        |    8.926(R)|      SLOW  |    0.551(R)|      SLOW  |clk_BUFGP         |   0.000|
Y<2>        |    8.717(R)|      SLOW  |   -0.153(R)|      SLOW  |clk_BUFGP         |   0.000|
Y<3>        |    8.988(R)|      SLOW  |   -0.495(R)|      FAST  |clk_BUFGP         |   0.000|
Y<4>        |    8.650(R)|      SLOW  |   -0.410(R)|      SLOW  |clk_BUFGP         |   0.000|
Y<5>        |    8.381(R)|      SLOW  |   -0.498(R)|      FAST  |clk_BUFGP         |   0.000|
Y<6>        |    8.396(R)|      SLOW  |   -0.601(R)|      FAST  |clk_BUFGP         |   0.000|
Y<7>        |    8.448(R)|      SLOW  |   -0.811(R)|      FAST  |clk_BUFGP         |   0.000|
Y<8>        |    7.936(R)|      SLOW  |   -0.593(R)|      FAST  |clk_BUFGP         |   0.000|
Y<9>        |    7.992(R)|      SLOW  |   -0.645(R)|      FAST  |clk_BUFGP         |   0.000|
Y<10>       |    8.373(R)|      SLOW  |   -1.096(R)|      FAST  |clk_BUFGP         |   0.000|
Y<11>       |    8.163(R)|      SLOW  |   -0.982(R)|      FAST  |clk_BUFGP         |   0.000|
Y<12>       |    7.824(R)|      SLOW  |   -0.696(R)|      FAST  |clk_BUFGP         |   0.000|
Y<13>       |    7.643(R)|      SLOW  |   -0.663(R)|      FAST  |clk_BUFGP         |   0.000|
Y<14>       |    7.890(R)|      SLOW  |   -1.064(R)|      FAST  |clk_BUFGP         |   0.000|
Y<15>       |    7.951(R)|      SLOW  |   -1.229(R)|      FAST  |clk_BUFGP         |   0.000|
Y<16>       |    3.288(R)|      SLOW  |   -0.314(R)|      SLOW  |clk_BUFGP         |   0.000|
Y<17>       |    3.649(R)|      SLOW  |   -0.312(R)|      SLOW  |clk_BUFGP         |   0.000|
clk_en      |    2.481(R)|      SLOW  |   -0.141(R)|      SLOW  |clk_BUFGP         |   0.000|
x<0>        |    8.730(R)|      SLOW  |    0.909(R)|      SLOW  |clk_BUFGP         |   0.000|
x<1>        |    8.528(R)|      SLOW  |    0.863(R)|      SLOW  |clk_BUFGP         |   0.000|
x<2>        |    8.328(R)|      SLOW  |    0.309(R)|      SLOW  |clk_BUFGP         |   0.000|
x<3>        |    8.766(R)|      SLOW  |   -0.215(R)|      SLOW  |clk_BUFGP         |   0.000|
x<4>        |    8.146(R)|      SLOW  |   -0.201(R)|      SLOW  |clk_BUFGP         |   0.000|
x<5>        |    7.971(R)|      SLOW  |   -0.289(R)|      SLOW  |clk_BUFGP         |   0.000|
x<6>        |    7.885(R)|      SLOW  |   -0.133(R)|      SLOW  |clk_BUFGP         |   0.000|
x<7>        |    7.933(R)|      SLOW  |   -0.494(R)|      FAST  |clk_BUFGP         |   0.000|
x<8>        |    7.679(R)|      SLOW  |   -0.341(R)|      SLOW  |clk_BUFGP         |   0.000|
x<9>        |    8.074(R)|      SLOW  |   -0.543(R)|      FAST  |clk_BUFGP         |   0.000|
x<10>       |    7.827(R)|      SLOW  |   -0.377(R)|      SLOW  |clk_BUFGP         |   0.000|
x<11>       |    7.836(R)|      SLOW  |   -0.443(R)|      SLOW  |clk_BUFGP         |   0.000|
x<12>       |    7.851(R)|      SLOW  |   -0.690(R)|      FAST  |clk_BUFGP         |   0.000|
x<13>       |    7.519(R)|      SLOW  |   -0.417(R)|      SLOW  |clk_BUFGP         |   0.000|
x<14>       |    7.507(R)|      SLOW  |    0.067(R)|      SLOW  |clk_BUFGP         |   0.000|
x<15>       |    7.443(R)|      SLOW  |   -0.294(R)|      SLOW  |clk_BUFGP         |   0.000|
x<16>       |    7.189(R)|      SLOW  |    0.046(R)|      SLOW  |clk_BUFGP         |   0.000|
x<17>       |    7.547(R)|      SLOW  |   -0.462(R)|      FAST  |clk_BUFGP         |   0.000|
------------+------------+------------+------------+------------+------------------+--------+

Clock clk to Pad
---------------------+-----------------+------------+-----------------+------------+------------------+--------+
                     |Max (slowest) clk|  Process   |Min (fastest) clk|  Process   |                  | Clock  |
Destination          |  (edge) to PAD  |   Corner   |  (edge) to PAD  |   Corner   |Internal Clock(s) | Phase  |
---------------------+-----------------+------------+-----------------+------------+------------------+--------+
DONE                 |        10.017(R)|      SLOW  |         4.863(R)|      FAST  |clk_BUFGP         |   0.000|
watermark_output<0>  |         9.075(R)|      SLOW  |         4.072(R)|      FAST  |clk_BUFGP         |   0.000|
watermark_output<1>  |        10.296(R)|      SLOW  |         4.450(R)|      FAST  |clk_BUFGP         |   0.000|
watermark_output<2>  |        10.164(R)|      SLOW  |         4.295(R)|      FAST  |clk_BUFGP         |   0.000|
watermark_output<3>  |        10.221(R)|      SLOW  |         4.450(R)|      FAST  |clk_BUFGP         |   0.000|
watermark_output<4>  |         9.985(R)|      SLOW  |         4.506(R)|      FAST  |clk_BUFGP         |   0.000|
watermark_output<5>  |         9.780(R)|      SLOW  |         4.389(R)|      FAST  |clk_BUFGP         |   0.000|
watermark_output<6>  |         9.707(R)|      SLOW  |         4.114(R)|      FAST  |clk_BUFGP         |   0.000|
watermark_output<7>  |         9.353(R)|      SLOW  |         4.263(R)|      FAST  |clk_BUFGP         |   0.000|
watermark_output<8>  |         9.546(R)|      SLOW  |         4.086(R)|      FAST  |clk_BUFGP         |   0.000|
watermark_output<9>  |         9.746(R)|      SLOW  |         4.409(R)|      FAST  |clk_BUFGP         |   0.000|
watermark_output<10> |        10.028(R)|      SLOW  |         4.080(R)|      FAST  |clk_BUFGP         |   0.000|
watermark_output<11> |        10.279(R)|      SLOW  |         4.139(R)|      FAST  |clk_BUFGP         |   0.000|
watermark_output<12> |         9.818(R)|      SLOW  |         3.801(R)|      FAST  |clk_BUFGP         |   0.000|
watermark_output<13> |         9.861(R)|      SLOW  |         3.867(R)|      FAST  |clk_BUFGP         |   0.000|
watermark_output<14> |         9.924(R)|      SLOW  |         3.781(R)|      FAST  |clk_BUFGP         |   0.000|
watermark_output<15> |         9.949(R)|      SLOW  |         3.713(R)|      FAST  |clk_BUFGP         |   0.000|
watermark_output<16> |         9.729(R)|      SLOW  |         3.559(R)|      FAST  |clk_BUFGP         |   0.000|
watermark_output<17> |         9.802(R)|      SLOW  |         3.661(R)|      FAST  |clk_BUFGP         |   0.000|
watermark_output<18> |         9.686(R)|      SLOW  |         3.632(R)|      FAST  |clk_BUFGP         |   0.000|
watermark_output<19> |         9.717(R)|      SLOW  |         3.491(R)|      FAST  |clk_BUFGP         |   0.000|
watermark_output<20> |         9.688(R)|      SLOW  |         3.527(R)|      FAST  |clk_BUFGP         |   0.000|
watermark_output<21> |         9.152(R)|      SLOW  |         3.567(R)|      FAST  |clk_BUFGP         |   0.000|
watermark_output<22> |         9.447(R)|      SLOW  |         3.635(R)|      FAST  |clk_BUFGP         |   0.000|
watermark_output<23> |         9.670(R)|      SLOW  |         3.665(R)|      FAST  |clk_BUFGP         |   0.000|
watermark_output<24> |         9.768(R)|      SLOW  |         3.556(R)|      FAST  |clk_BUFGP         |   0.000|
watermark_output<25> |         9.719(R)|      SLOW  |         3.383(R)|      FAST  |clk_BUFGP         |   0.000|
watermark_output<26> |         9.949(R)|      SLOW  |         3.638(R)|      FAST  |clk_BUFGP         |   0.000|
watermark_output<27> |         9.723(R)|      SLOW  |         3.490(R)|      FAST  |clk_BUFGP         |   0.000|
watermark_output<28> |         9.979(R)|      SLOW  |         3.704(R)|      FAST  |clk_BUFGP         |   0.000|
watermark_output<29> |         9.710(R)|      SLOW  |         3.699(R)|      FAST  |clk_BUFGP         |   0.000|
watermark_output<30> |         9.875(R)|      SLOW  |         3.633(R)|      FAST  |clk_BUFGP         |   0.000|
watermark_output<31> |        10.111(R)|      SLOW  |         3.735(R)|      FAST  |clk_BUFGP         |   0.000|
watermark_output<32> |        10.320(R)|      SLOW  |         3.559(R)|      FAST  |clk_BUFGP         |   0.000|
watermark_output<33> |        10.483(R)|      SLOW  |         3.602(R)|      FAST  |clk_BUFGP         |   0.000|
watermark_output<34> |        10.174(R)|      SLOW  |         3.650(R)|      FAST  |clk_BUFGP         |   0.000|
watermark_output<35> |        10.414(R)|      SLOW  |         3.698(R)|      FAST  |clk_BUFGP         |   0.000|
watermark_output<36> |        10.729(R)|      SLOW  |         3.652(R)|      FAST  |clk_BUFGP         |   0.000|
watermark_output<37> |        10.903(R)|      SLOW  |         3.744(R)|      FAST  |clk_BUFGP         |   0.000|
watermark_output<38> |        10.698(R)|      SLOW  |         3.712(R)|      FAST  |clk_BUFGP         |   0.000|
watermark_output<39> |        10.920(R)|      SLOW  |         3.782(R)|      FAST  |clk_BUFGP         |   0.000|
watermark_output<40> |        10.247(R)|      SLOW  |         4.437(R)|      FAST  |clk_BUFGP         |   0.000|
watermark_output<41> |        10.775(R)|      SLOW  |         3.976(R)|      FAST  |clk_BUFGP         |   0.000|
watermark_output<42> |        11.026(R)|      SLOW  |         4.025(R)|      FAST  |clk_BUFGP         |   0.000|
watermark_output<43> |         9.989(R)|      SLOW  |         4.420(R)|      FAST  |clk_BUFGP         |   0.000|
watermark_output<44> |         9.889(R)|      SLOW  |         4.295(R)|      FAST  |clk_BUFGP         |   0.000|
watermark_output<45> |         8.895(R)|      SLOW  |         3.740(R)|      FAST  |clk_BUFGP         |   0.000|
watermark_output<46> |         9.019(R)|      SLOW  |         3.958(R)|      FAST  |clk_BUFGP         |   0.000|
watermark_output<47> |         9.332(R)|      SLOW  |         4.316(R)|      FAST  |clk_BUFGP         |   0.000|
watermark_output<48> |         9.143(R)|      SLOW  |         3.991(R)|      FAST  |clk_BUFGP         |   0.000|
watermark_output<49> |         9.627(R)|      SLOW  |         3.957(R)|      FAST  |clk_BUFGP         |   0.000|
watermark_output<50> |         9.116(R)|      SLOW  |         3.916(R)|      FAST  |clk_BUFGP         |   0.000|
watermark_output<51> |         9.193(R)|      SLOW  |         3.936(R)|      FAST  |clk_BUFGP         |   0.000|
watermark_output<52> |         9.656(R)|      SLOW  |         3.469(R)|      FAST  |clk_BUFGP         |   0.000|
watermark_output<53> |         9.811(R)|      SLOW  |         3.613(R)|      FAST  |clk_BUFGP         |   0.000|
watermark_output<54> |         8.684(R)|      SLOW  |         3.827(R)|      FAST  |clk_BUFGP         |   0.000|
watermark_output<55> |         8.914(R)|      SLOW  |         3.904(R)|      FAST  |clk_BUFGP         |   0.000|
watermark_output<56> |         8.627(R)|      SLOW  |         3.820(R)|      FAST  |clk_BUFGP         |   0.000|
watermark_output<57> |         8.749(R)|      SLOW  |         3.958(R)|      FAST  |clk_BUFGP         |   0.000|
watermark_output<58> |         9.542(R)|      SLOW  |         3.875(R)|      FAST  |clk_BUFGP         |   0.000|
watermark_output<59> |         9.575(R)|      SLOW  |         3.878(R)|      FAST  |clk_BUFGP         |   0.000|
watermark_output<60> |         9.657(R)|      SLOW  |         3.815(R)|      FAST  |clk_BUFGP         |   0.000|
watermark_output<61> |         8.802(R)|      SLOW  |         3.936(R)|      FAST  |clk_BUFGP         |   0.000|
watermark_output<62> |         8.909(R)|      SLOW  |         3.966(R)|      FAST  |clk_BUFGP         |   0.000|
watermark_output<63> |         8.637(R)|      SLOW  |         3.681(R)|      FAST  |clk_BUFGP         |   0.000|
watermark_output<64> |         8.458(R)|      SLOW  |         3.745(R)|      FAST  |clk_BUFGP         |   0.000|
watermark_output<65> |         9.043(R)|      SLOW  |         4.085(R)|      FAST  |clk_BUFGP         |   0.000|
watermark_output<66> |         9.323(R)|      SLOW  |         4.106(R)|      FAST  |clk_BUFGP         |   0.000|
watermark_output<67> |         8.294(R)|      SLOW  |         3.687(R)|      FAST  |clk_BUFGP         |   0.000|
watermark_output<68> |         8.706(R)|      SLOW  |         3.704(R)|      FAST  |clk_BUFGP         |   0.000|
watermark_output<69> |         9.173(R)|      SLOW  |         3.922(R)|      FAST  |clk_BUFGP         |   0.000|
watermark_output<70> |         8.625(R)|      SLOW  |         3.838(R)|      FAST  |clk_BUFGP         |   0.000|
watermark_output<71> |         8.705(R)|      SLOW  |         3.895(R)|      FAST  |clk_BUFGP         |   0.000|
watermark_output<72> |         8.714(R)|      SLOW  |         3.834(R)|      FAST  |clk_BUFGP         |   0.000|
watermark_output<73> |         9.220(R)|      SLOW  |         3.912(R)|      FAST  |clk_BUFGP         |   0.000|
watermark_output<74> |         8.583(R)|      SLOW  |         3.813(R)|      FAST  |clk_BUFGP         |   0.000|
watermark_output<75> |         8.826(R)|      SLOW  |         3.942(R)|      FAST  |clk_BUFGP         |   0.000|
watermark_output<76> |         8.986(R)|      SLOW  |         3.854(R)|      FAST  |clk_BUFGP         |   0.000|
watermark_output<77> |         9.035(R)|      SLOW  |         3.934(R)|      FAST  |clk_BUFGP         |   0.000|
watermark_output<78> |         8.966(R)|      SLOW  |         3.910(R)|      FAST  |clk_BUFGP         |   0.000|
watermark_output<79> |         9.105(R)|      SLOW  |         3.944(R)|      FAST  |clk_BUFGP         |   0.000|
watermark_output<80> |         9.596(R)|      SLOW  |         4.237(R)|      FAST  |clk_BUFGP         |   0.000|
watermark_output<81> |         9.444(R)|      SLOW  |         4.142(R)|      FAST  |clk_BUFGP         |   0.000|
watermark_output<82> |         9.592(R)|      SLOW  |         4.095(R)|      FAST  |clk_BUFGP         |   0.000|
watermark_output<83> |        11.044(R)|      SLOW  |         4.646(R)|      FAST  |clk_BUFGP         |   0.000|
watermark_output<84> |         9.841(R)|      SLOW  |         3.887(R)|      FAST  |clk_BUFGP         |   0.000|
watermark_output<85> |         9.848(R)|      SLOW  |         3.765(R)|      FAST  |clk_BUFGP         |   0.000|
watermark_output<86> |        10.168(R)|      SLOW  |         3.919(R)|      FAST  |clk_BUFGP         |   0.000|
watermark_output<87> |        10.341(R)|      SLOW  |         3.915(R)|      FAST  |clk_BUFGP         |   0.000|
watermark_output<88> |        10.395(R)|      SLOW  |         3.835(R)|      FAST  |clk_BUFGP         |   0.000|
watermark_output<89> |         9.826(R)|      SLOW  |         4.605(R)|      FAST  |clk_BUFGP         |   0.000|
watermark_output<90> |         9.945(R)|      SLOW  |         3.706(R)|      FAST  |clk_BUFGP         |   0.000|
watermark_output<91> |         9.969(R)|      SLOW  |         3.685(R)|      FAST  |clk_BUFGP         |   0.000|
watermark_output<92> |        10.343(R)|      SLOW  |         4.584(R)|      FAST  |clk_BUFGP         |   0.000|
watermark_output<93> |        10.768(R)|      SLOW  |         3.896(R)|      FAST  |clk_BUFGP         |   0.000|
watermark_output<94> |        10.783(R)|      SLOW  |         3.875(R)|      FAST  |clk_BUFGP         |   0.000|
watermark_output<95> |         9.618(R)|      SLOW  |         3.817(R)|      FAST  |clk_BUFGP         |   0.000|
watermark_output<96> |         9.962(R)|      SLOW  |         3.906(R)|      FAST  |clk_BUFGP         |   0.000|
watermark_output<97> |         9.735(R)|      SLOW  |         3.617(R)|      FAST  |clk_BUFGP         |   0.000|
watermark_output<98> |         9.942(R)|      SLOW  |         3.831(R)|      FAST  |clk_BUFGP         |   0.000|
watermark_output<99> |         9.475(R)|      SLOW  |         3.701(R)|      FAST  |clk_BUFGP         |   0.000|
watermark_output<100>|         9.677(R)|      SLOW  |         3.675(R)|      FAST  |clk_BUFGP         |   0.000|
watermark_output<101>|         9.708(R)|      SLOW  |         3.647(R)|      FAST  |clk_BUFGP         |   0.000|
watermark_output<102>|         9.129(R)|      SLOW  |         3.794(R)|      FAST  |clk_BUFGP         |   0.000|
watermark_output<103>|         9.151(R)|      SLOW  |         3.703(R)|      FAST  |clk_BUFGP         |   0.000|
watermark_output<104>|         9.716(R)|      SLOW  |         4.192(R)|      FAST  |clk_BUFGP         |   0.000|
watermark_output<105>|         9.807(R)|      SLOW  |         4.145(R)|      FAST  |clk_BUFGP         |   0.000|
watermark_output<106>|         9.712(R)|      SLOW  |         4.347(R)|      FAST  |clk_BUFGP         |   0.000|
watermark_output<107>|         9.719(R)|      SLOW  |         4.193(R)|      FAST  |clk_BUFGP         |   0.000|
watermark_output<108>|         9.155(R)|      SLOW  |         4.151(R)|      FAST  |clk_BUFGP         |   0.000|
watermark_output<109>|         9.553(R)|      SLOW  |         4.308(R)|      FAST  |clk_BUFGP         |   0.000|
watermark_output<110>|         9.549(R)|      SLOW  |         4.267(R)|      FAST  |clk_BUFGP         |   0.000|
watermark_output<111>|         9.668(R)|      SLOW  |         4.300(R)|      FAST  |clk_BUFGP         |   0.000|
watermark_output<112>|         9.620(R)|      SLOW  |         4.080(R)|      FAST  |clk_BUFGP         |   0.000|
watermark_output<113>|         9.937(R)|      SLOW  |         4.067(R)|      FAST  |clk_BUFGP         |   0.000|
watermark_output<114>|         9.924(R)|      SLOW  |         4.281(R)|      FAST  |clk_BUFGP         |   0.000|
watermark_output<115>|         9.048(R)|      SLOW  |         4.184(R)|      FAST  |clk_BUFGP         |   0.000|
watermark_output<116>|         9.354(R)|      SLOW  |         4.197(R)|      FAST  |clk_BUFGP         |   0.000|
watermark_output<117>|         9.577(R)|      SLOW  |         4.347(R)|      FAST  |clk_BUFGP         |   0.000|
watermark_output<118>|         9.687(R)|      SLOW  |         4.448(R)|      FAST  |clk_BUFGP         |   0.000|
watermark_output<119>|        10.057(R)|      SLOW  |         4.581(R)|      FAST  |clk_BUFGP         |   0.000|
watermark_output<120>|         9.935(R)|      SLOW  |         3.902(R)|      FAST  |clk_BUFGP         |   0.000|
watermark_output<121>|        10.276(R)|      SLOW  |         3.962(R)|      FAST  |clk_BUFGP         |   0.000|
watermark_output<122>|         9.564(R)|      SLOW  |         3.634(R)|      FAST  |clk_BUFGP         |   0.000|
watermark_output<123>|        10.449(R)|      SLOW  |         4.266(R)|      FAST  |clk_BUFGP         |   0.000|
watermark_output<124>|         9.821(R)|      SLOW  |         3.480(R)|      FAST  |clk_BUFGP         |   0.000|
watermark_output<125>|         9.992(R)|      SLOW  |         3.624(R)|      FAST  |clk_BUFGP         |   0.000|
watermark_output<126>|         9.745(R)|      SLOW  |         4.021(R)|      FAST  |clk_BUFGP         |   0.000|
watermark_output<127>|         9.612(R)|      SLOW  |         3.711(R)|      FAST  |clk_BUFGP         |   0.000|
---------------------+-----------------+------------+-----------------+------------+------------------+--------+

Clock rst to Pad
--------------+-----------------+------------+-----------------+------------+--------------------------+--------+
              |Max (slowest) clk|  Process   |Min (fastest) clk|  Process   |                          | Clock  |
Destination   |  (edge) to PAD  |   Corner   |  (edge) to PAD  |   Corner   |Internal Clock(s)         | Phase  |
--------------+-----------------+------------+-----------------+------------+--------------------------+--------+
output_dev<0> |        10.008(F)|      SLOW  |         4.935(F)|      FAST  |test_mode_rst_OR_58_o_BUFG|   0.000|
output_dev<1> |        10.046(F)|      SLOW  |         4.967(F)|      FAST  |test_mode_rst_OR_58_o_BUFG|   0.000|
output_dev<2> |        10.034(F)|      SLOW  |         4.956(F)|      FAST  |test_mode_rst_OR_58_o_BUFG|   0.000|
output_dev<3> |        10.042(F)|      SLOW  |         4.965(F)|      FAST  |test_mode_rst_OR_58_o_BUFG|   0.000|
output_dev<4> |        10.046(F)|      SLOW  |         4.968(F)|      FAST  |test_mode_rst_OR_58_o_BUFG|   0.000|
output_dev<5> |        10.025(F)|      SLOW  |         4.951(F)|      FAST  |test_mode_rst_OR_58_o_BUFG|   0.000|
output_dev<6> |        10.017(F)|      SLOW  |         4.944(F)|      FAST  |test_mode_rst_OR_58_o_BUFG|   0.000|
output_dev<7> |         9.981(F)|      SLOW  |         4.914(F)|      FAST  |test_mode_rst_OR_58_o_BUFG|   0.000|
output_dev<8> |         9.979(F)|      SLOW  |         4.912(F)|      FAST  |test_mode_rst_OR_58_o_BUFG|   0.000|
output_dev<9> |         9.993(F)|      SLOW  |         4.923(F)|      FAST  |test_mode_rst_OR_58_o_BUFG|   0.000|
output_dev<10>|         9.993(F)|      SLOW  |         4.924(F)|      FAST  |test_mode_rst_OR_58_o_BUFG|   0.000|
output_dev<11>|        10.001(F)|      SLOW  |         4.931(F)|      FAST  |test_mode_rst_OR_58_o_BUFG|   0.000|
output_dev<12>|         9.992(F)|      SLOW  |         4.923(F)|      FAST  |test_mode_rst_OR_58_o_BUFG|   0.000|
output_dev<13>|        10.013(F)|      SLOW  |         4.941(F)|      FAST  |test_mode_rst_OR_58_o_BUFG|   0.000|
output_dev<14>|        10.012(F)|      SLOW  |         4.940(F)|      FAST  |test_mode_rst_OR_58_o_BUFG|   0.000|
output_dev<15>|        10.003(F)|      SLOW  |         4.932(F)|      FAST  |test_mode_rst_OR_58_o_BUFG|   0.000|
output_dev<16>|        10.007(F)|      SLOW  |         4.936(F)|      FAST  |test_mode_rst_OR_58_o_BUFG|   0.000|
output_dev<17>|         9.973(F)|      SLOW  |         4.907(F)|      FAST  |test_mode_rst_OR_58_o_BUFG|   0.000|
output_dev<18>|         9.974(F)|      SLOW  |         4.908(F)|      FAST  |test_mode_rst_OR_58_o_BUFG|   0.000|
output_dev<19>|        10.000(F)|      SLOW  |         4.929(F)|      FAST  |test_mode_rst_OR_58_o_BUFG|   0.000|
output_dev<20>|         9.997(F)|      SLOW  |         4.927(F)|      FAST  |test_mode_rst_OR_58_o_BUFG|   0.000|
output_dev<21>|        10.023(F)|      SLOW  |         4.951(F)|      FAST  |test_mode_rst_OR_58_o_BUFG|   0.000|
output_dev<22>|        10.018(F)|      SLOW  |         4.946(F)|      FAST  |test_mode_rst_OR_58_o_BUFG|   0.000|
output_dev<23>|         9.998(F)|      SLOW  |         4.928(F)|      FAST  |test_mode_rst_OR_58_o_BUFG|   0.000|
output_dev<24>|        10.000(F)|      SLOW  |         4.930(F)|      FAST  |test_mode_rst_OR_58_o_BUFG|   0.000|
output_dev<25>|        10.020(F)|      SLOW  |         4.946(F)|      FAST  |test_mode_rst_OR_58_o_BUFG|   0.000|
output_dev<26>|        10.018(F)|      SLOW  |         4.945(F)|      FAST  |test_mode_rst_OR_58_o_BUFG|   0.000|
output_dev<27>|         9.996(F)|      SLOW  |         4.924(F)|      FAST  |test_mode_rst_OR_58_o_BUFG|   0.000|
output_dev<28>|         9.987(F)|      SLOW  |         4.916(F)|      FAST  |test_mode_rst_OR_58_o_BUFG|   0.000|
output_dev<29>|        10.025(F)|      SLOW  |         4.950(F)|      FAST  |test_mode_rst_OR_58_o_BUFG|   0.000|
output_dev<30>|        10.019(F)|      SLOW  |         4.945(F)|      FAST  |test_mode_rst_OR_58_o_BUFG|   0.000|
output_dev<31>|         9.999(F)|      SLOW  |         4.927(F)|      FAST  |test_mode_rst_OR_58_o_BUFG|   0.000|
output_dev<32>|         9.991(F)|      SLOW  |         4.920(F)|      FAST  |test_mode_rst_OR_58_o_BUFG|   0.000|
output_dev<33>|         9.971(F)|      SLOW  |         4.903(F)|      FAST  |test_mode_rst_OR_58_o_BUFG|   0.000|
output_dev<34>|         9.961(F)|      SLOW  |         4.894(F)|      FAST  |test_mode_rst_OR_58_o_BUFG|   0.000|
output_dev<35>|        10.001(F)|      SLOW  |         4.929(F)|      FAST  |test_mode_rst_OR_58_o_BUFG|   0.000|
--------------+-----------------+------------+-----------------+------------+--------------------------+--------+

Clock test_mode to Pad
--------------+-----------------+------------+-----------------+------------+--------------------------+--------+
              |Max (slowest) clk|  Process   |Min (fastest) clk|  Process   |                          | Clock  |
Destination   |  (edge) to PAD  |   Corner   |  (edge) to PAD  |   Corner   |Internal Clock(s)         | Phase  |
--------------+-----------------+------------+-----------------+------------+--------------------------+--------+
output_dev<0> |        10.586(F)|      SLOW  |         5.179(F)|      FAST  |test_mode_rst_OR_58_o_BUFG|   0.000|
output_dev<1> |        10.624(F)|      SLOW  |         5.211(F)|      FAST  |test_mode_rst_OR_58_o_BUFG|   0.000|
output_dev<2> |        10.612(F)|      SLOW  |         5.200(F)|      FAST  |test_mode_rst_OR_58_o_BUFG|   0.000|
output_dev<3> |        10.620(F)|      SLOW  |         5.209(F)|      FAST  |test_mode_rst_OR_58_o_BUFG|   0.000|
output_dev<4> |        10.624(F)|      SLOW  |         5.212(F)|      FAST  |test_mode_rst_OR_58_o_BUFG|   0.000|
output_dev<5> |        10.603(F)|      SLOW  |         5.195(F)|      FAST  |test_mode_rst_OR_58_o_BUFG|   0.000|
output_dev<6> |        10.595(F)|      SLOW  |         5.188(F)|      FAST  |test_mode_rst_OR_58_o_BUFG|   0.000|
output_dev<7> |        10.559(F)|      SLOW  |         5.158(F)|      FAST  |test_mode_rst_OR_58_o_BUFG|   0.000|
output_dev<8> |        10.557(F)|      SLOW  |         5.156(F)|      FAST  |test_mode_rst_OR_58_o_BUFG|   0.000|
output_dev<9> |        10.571(F)|      SLOW  |         5.167(F)|      FAST  |test_mode_rst_OR_58_o_BUFG|   0.000|
output_dev<10>|        10.571(F)|      SLOW  |         5.168(F)|      FAST  |test_mode_rst_OR_58_o_BUFG|   0.000|
output_dev<11>|        10.579(F)|      SLOW  |         5.175(F)|      FAST  |test_mode_rst_OR_58_o_BUFG|   0.000|
output_dev<12>|        10.570(F)|      SLOW  |         5.167(F)|      FAST  |test_mode_rst_OR_58_o_BUFG|   0.000|
output_dev<13>|        10.591(F)|      SLOW  |         5.185(F)|      FAST  |test_mode_rst_OR_58_o_BUFG|   0.000|
output_dev<14>|        10.590(F)|      SLOW  |         5.184(F)|      FAST  |test_mode_rst_OR_58_o_BUFG|   0.000|
output_dev<15>|        10.581(F)|      SLOW  |         5.176(F)|      FAST  |test_mode_rst_OR_58_o_BUFG|   0.000|
output_dev<16>|        10.585(F)|      SLOW  |         5.180(F)|      FAST  |test_mode_rst_OR_58_o_BUFG|   0.000|
output_dev<17>|        10.551(F)|      SLOW  |         5.151(F)|      FAST  |test_mode_rst_OR_58_o_BUFG|   0.000|
output_dev<18>|        10.552(F)|      SLOW  |         5.152(F)|      FAST  |test_mode_rst_OR_58_o_BUFG|   0.000|
output_dev<19>|        10.578(F)|      SLOW  |         5.173(F)|      FAST  |test_mode_rst_OR_58_o_BUFG|   0.000|
output_dev<20>|        10.575(F)|      SLOW  |         5.171(F)|      FAST  |test_mode_rst_OR_58_o_BUFG|   0.000|
output_dev<21>|        10.601(F)|      SLOW  |         5.195(F)|      FAST  |test_mode_rst_OR_58_o_BUFG|   0.000|
output_dev<22>|        10.596(F)|      SLOW  |         5.190(F)|      FAST  |test_mode_rst_OR_58_o_BUFG|   0.000|
output_dev<23>|        10.576(F)|      SLOW  |         5.172(F)|      FAST  |test_mode_rst_OR_58_o_BUFG|   0.000|
output_dev<24>|        10.578(F)|      SLOW  |         5.174(F)|      FAST  |test_mode_rst_OR_58_o_BUFG|   0.000|
output_dev<25>|        10.598(F)|      SLOW  |         5.190(F)|      FAST  |test_mode_rst_OR_58_o_BUFG|   0.000|
output_dev<26>|        10.596(F)|      SLOW  |         5.189(F)|      FAST  |test_mode_rst_OR_58_o_BUFG|   0.000|
output_dev<27>|        10.574(F)|      SLOW  |         5.168(F)|      FAST  |test_mode_rst_OR_58_o_BUFG|   0.000|
output_dev<28>|        10.565(F)|      SLOW  |         5.160(F)|      FAST  |test_mode_rst_OR_58_o_BUFG|   0.000|
output_dev<29>|        10.603(F)|      SLOW  |         5.194(F)|      FAST  |test_mode_rst_OR_58_o_BUFG|   0.000|
output_dev<30>|        10.597(F)|      SLOW  |         5.189(F)|      FAST  |test_mode_rst_OR_58_o_BUFG|   0.000|
output_dev<31>|        10.577(F)|      SLOW  |         5.171(F)|      FAST  |test_mode_rst_OR_58_o_BUFG|   0.000|
output_dev<32>|        10.569(F)|      SLOW  |         5.164(F)|      FAST  |test_mode_rst_OR_58_o_BUFG|   0.000|
output_dev<33>|        10.549(F)|      SLOW  |         5.147(F)|      FAST  |test_mode_rst_OR_58_o_BUFG|   0.000|
output_dev<34>|        10.539(F)|      SLOW  |         5.138(F)|      FAST  |test_mode_rst_OR_58_o_BUFG|   0.000|
output_dev<35>|        10.579(F)|      SLOW  |         5.173(F)|      FAST  |test_mode_rst_OR_58_o_BUFG|   0.000|
--------------+-----------------+------------+-----------------+------------+--------------------------+--------+

Clock to Setup on destination clock clk
---------------+---------+---------+---------+---------+
               | Src:Rise| Src:Fall| Src:Rise| Src:Fall|
Source Clock   |Dest:Rise|Dest:Rise|Dest:Fall|Dest:Fall|
---------------+---------+---------+---------+---------+
clk            |    5.446|         |         |         |
rst            |    4.473|    5.437|         |         |
test_mode      |    3.844|    3.844|         |         |
---------------+---------+---------+---------+---------+

Clock to Setup on destination clock rst
---------------+---------+---------+---------+---------+
               | Src:Rise| Src:Fall| Src:Rise| Src:Fall|
Source Clock   |Dest:Rise|Dest:Rise|Dest:Fall|Dest:Fall|
---------------+---------+---------+---------+---------+
clk            |         |         |    2.630|         |
rst            |         |         |    0.923|    1.890|
test_mode      |         |         |    1.337|    1.337|
---------------+---------+---------+---------+---------+

Clock to Setup on destination clock test_mode
---------------+---------+---------+---------+---------+
               | Src:Rise| Src:Fall| Src:Rise| Src:Fall|
Source Clock   |Dest:Rise|Dest:Rise|Dest:Fall|Dest:Fall|
---------------+---------+---------+---------+---------+
clk            |         |         |    2.630|         |
test_mode      |         |         |    0.892|    0.892|
---------------+---------+---------+---------+---------+


Analysis completed Tue Apr 30 23:59:12 2013 
--------------------------------------------------------------------------------

Trace Settings:
-------------------------
Trace Settings 

Peak Memory Usage: 312 MB



