ISim log file
Running: C:\Users\s\Desktop\Watermarking\output_verification\watermark_display_isim_beh.exe -intstyle ise -gui -tclbatch isim.cmd -wdb C:/Users/s/Desktop/Watermarking/output_verification/watermark_display_isim_beh.wdb 
ISim O.61xd (signature 0x1cce1bb2)
----------------------------------------------------------------------
WARNING:Security:42 - Your software subscription period has lapsed. Your current version of Xilinx tools will continue to function, but you no longer qualify for Xilinx software updates or new releases.


----------------------------------------------------------------------
This is a Full version of ISim.
Time resolution is 1 ps
# onerror resume
# wave add /
# run 1000 ns
Simulator is doing circuit initialization process.
Finished circuit initialization process.
at 0 ps, Instance /watermark_display/WM_E/IP_w/general/U0/ : Warning: There is an 'U'|'X'|'W'|'Z'|'-' in an arithmetic operand, the result will be 'X'(es).
# isim force add /watermark_display/clk 1 -radix bin -value 0 -radix bin -time 500 us -repeat 1 ms -cancel 10 ms
# isim force add /watermark_display/clk 1 -radix bin -value 0 -radix bin -time 500 us -repeat 1 ms -cancel 10 ms
# isim force add /watermark_display/rst 1 -radix bin
# isim force add /watermark_display/rst 1 -radix bin
# isim force add /watermark_display/clk_en 1 -radix bin
# isim force add /watermark_display/clk_en 1 -radix bin
# isim force add /watermark_display/x 7627 -radix hex
# isim force add /watermark_display/x 7627 -radix hex
# isim force add /watermark_display/y 7623 -radix hex
# isim force add /watermark_display/y 7623 -radix hex
# isim force add /watermark_display/test_mode 1 -radix bin
# isim force add /watermark_display/test_mode 1 -radix bin
# run all
# isim force add /watermark_display/clk 1 -radix bin -value 0 -radix bin -time 500 us -repeat 1 ms -cancel 1 s
# isim force add /watermark_display/clk 1 -radix bin -value 0 -radix bin -time 500 us -repeat 1 ms -cancel 1 s
# isim force add /watermark_display/rst 0 -radix bin
# isim force add /watermark_display/rst 0 -radix bin
# run all
ISim O.61xd (signature 0x1cce1bb2)
----------------------------------------------------------------------
WARNING:Security:42 - Your software subscription period has lapsed. Your current version of Xilinx tools will continue to function, but you no longer qualify for Xilinx software updates or new releases.


----------------------------------------------------------------------
This is a Full version of ISim.
# run 1000 ns
Simulator is doing circuit initialization process.
Finished circuit initialization process.
at 0 ps, Instance /watermark_display/WM_E/IP_w/general/U0/ : Warning: There is an 'U'|'X'|'W'|'Z'|'-' in an arithmetic operand, the result will be 'X'(es).
# isim force add /watermark_display/clk 1 -radix bin -value 0 -radix bin -time 500 us -repeat 1 ms -cancel 10 ms
# isim force add /watermark_display/rst 1 -radix bin
# isim force add /watermark_display/clk_en 1 -radix bin
# isim force add /watermark_display/x 8382 -radix hex
# isim force add /watermark_display/x 8382 -radix hex
# isim force add /watermark_display/y 2736 -radix hex
# isim force add /watermark_display/y 2736 -radix hex
# isim force add /watermark_display/test_mode 1 -radix bin
# isim force add /watermark_display/test_mode 1 -radix bin
# run all
# isim force add /watermark_display/rst 0 -radix bin
# isim force add /watermark_display/rst 0 -radix bin
# isim force add /watermark_display/clk 1 -radix bin -value 0 -radix bin -time 500 us -repeat 1 ms -cancel 1 s
# isim force add /watermark_display/clk 1 -radix bin -value 0 -radix bin -time 500 us -repeat 1 ms -cancel 1 s
# run all
ISim O.61xd (signature 0x1cce1bb2)
----------------------------------------------------------------------
WARNING:Security:42 - Your software subscription period has lapsed. Your current version of Xilinx tools will continue to function, but you no longer qualify for Xilinx software updates or new releases.


----------------------------------------------------------------------
This is a Full version of ISim.
# run 1000 ns
Simulator is doing circuit initialization process.
Finished circuit initialization process.
at 0 ps, Instance /watermark_display/WM_E/IP_w/general/U0/ : Warning: There is an 'U'|'X'|'W'|'Z'|'-' in an arithmetic operand, the result will be 'X'(es).
# isim force add /watermark_display/clk 1 -radix bin -value 0 -radix bin -time 500 us -repeat 1 ms -cancel 10 ms
# isim force add /watermark_display/rst 1 -radix bin
# isim force add /watermark_display/clk_en 1 -radix bin
# isim force add /watermark_display/clk_en 1 -radix bin
# isim force add /watermark_display/x 5234 -radix hex
# isim force add /watermark_display/x 5234 -radix hex
# isim force add /watermark_display/y 5623 -radix hex
# isim force add /watermark_display/y 5623 -radix hex
# isim force add /watermark_display/test_mode 1 -radix bin
# isim force add /watermark_display/test_mode 1 -radix bin
# run all
# isim force add /watermark_display/rst 0 -radix bin
# isim force add /watermark_display/rst 0 -radix bin
# isim force add /watermark_display/clk 1 -radix bin -value 0 -radix bin -time 500 us -repeat 1 ms -cancel 1 s
# isim force add /watermark_display/clk 1 -radix bin -value 0 -radix bin -time 500 us -repeat 1 ms -cancel 1 s
# run all
