
*** Running ngdbuild
    with args -intstyle ise -p xc6vlx75tlff784-1L -uc "IP_watermarking_MARS128.ucf" "IP_watermarking_MARS128.edf"


Command Line: D:\XilinX\13.2\ISE_DS\ISE\bin\nt\unwrapped\ngdbuild.exe -intstyle
ise -p xc6vlx75tlff784-1L -uc IP_watermarking_MARS128.ucf
IP_watermarking_MARS128.edf

Executing edif2ngd -quiet "IP_watermarking_MARS128.edf"
"IP_watermarking_MARS128.ngo"
Release 13.2 - edif2ngd O.61xd (nt)
Copyright (c) 1995-2011 Xilinx, Inc.  All rights reserved.
Reading NGO file
"C:/Users/chinna/Desktop/Watermarking/complete_final_MARS128/planAhead_run_1/com
plete_final_MARS128.runs/impl_1/IP_watermarking_MARS128.ngo" ...
Gathering constraint information from source properties...
Done.

Annotating constraints to design from ucf file "IP_watermarking_MARS128.ucf" ...
Resolving constraint associations...
Checking Constraint Associations...
Done...

Checking expanded design ...

Partition Implementation Status
-------------------------------

  No Partitions were found in this design.

-------------------------------

NGDBUILD Design Results Summary:
  Number of errors:     0
  Number of warnings:   0

Writing NGD file "IP_watermarking_MARS128.ngd" ...
Total REAL time to NGDBUILD completion: 1 min  28 sec
Total CPU time to NGDBUILD completion:   23 sec

Writing NGDBUILD log file "IP_watermarking_MARS128.bld"...

NGDBUILD done.

*** Running map
    with args -intstyle pa -w "IP_watermarking_MARS128.ngd"

Using target part "6vlx75tlff784-1l".
vvvvvvvvvvvvvvvvvvvvvvvvvvvvvvvvvvvvvvvvvvvvvvvvvvvvvvvvvvvvvvvvvvvvvv
INFO:Security:54 - 'xc6vlx75tl' is a WebPack part.
WARNING:Security:42 - Your software subscription period has lapsed. Your current
version of Xilinx tools will continue to function, but you no longer qualify for
Xilinx software updates or new releases.
----------------------------------------------------------------------
Mapping design into LUTs...
Running directed packing...
Running delay-based LUT packing...
Updating timing models...
INFO:Map:215 - The Interim Design Summary has been generated in the MAP Report
   (.mrp).
Running timing-driven placement...
Total REAL time at the beginning of Placer: 1 mins 45 secs 
Total CPU  time at the beginning of Placer: 1 mins 19 secs 

Phase 1.1  Initial Placement Analysis
Phase 1.1  Initial Placement Analysis (Checksum:15460d18) REAL time: 1 mins 59 secs 

Phase 2.7  Design Feasibility Check
Phase 2.7  Design Feasibility Check (Checksum:15460d18) REAL time: 2 mins 4 secs 

Phase 3.31  Local Placement Optimization
Phase 3.31  Local Placement Optimization (Checksum:f703c410) REAL time: 2 mins 4 secs 

Phase 4.37  Local Placement Optimization
Phase 4.37  Local Placement Optimization (Checksum:f703c410) REAL time: 2 mins 4 secs 

Phase 5.2  Initial Placement for Architecture Specific Features
....
Phase 5.2  Initial Placement for Architecture Specific Features
(Checksum:fbe60f17) REAL time: 2 mins 44 secs 

Phase 6.36  Local Placement Optimization
Phase 6.36  Local Placement Optimization (Checksum:fbe60f17) REAL time: 2 mins 44 secs 

Phase 7.30  Global Clock Region Assignment
Phase 7.30  Global Clock Region Assignment (Checksum:fbe60f17) REAL time: 2 mins 44 secs 

Phase 8.3  Local Placement Optimization
....
Phase 8.3  Local Placement Optimization (Checksum:c06f628c) REAL time: 2 mins 49 secs 

Phase 9.5  Local Placement Optimization
Phase 9.5  Local Placement Optimization (Checksum:c06f628c) REAL time: 2 mins 49 secs 

Phase 10.8  Global Placement
..................
...............................................................................................
....................................................................................................................................................................................................................
.................................................................................................................................................................................
.............................................................................................................
Phase 10.8  Global Placement (Checksum:6be10d0c) REAL time: 6 mins 5 secs 

Phase 11.5  Local Placement Optimization
Phase 11.5  Local Placement Optimization (Checksum:6be10d0c) REAL time: 6 mins 7 secs 

Phase 12.18  Placement Optimization
Phase 12.18  Placement Optimization (Checksum:2e004133) REAL time: 8 mins 40 secs 

Phase 13.5  Local Placement Optimization
Phase 13.5  Local Placement Optimization (Checksum:2e004133) REAL time: 8 mins 40 secs 

Phase 14.34  Placement Validation
Phase 14.34  Placement Validation (Checksum:8fb1ad35) REAL time: 8 mins 41 secs 

Total REAL time to Placer completion: 8 mins 43 secs 
Total CPU  time to Placer completion: 5 mins 59 secs 
Running post-placement packing...
Writing output files...

Design Summary:
Number of errors:      0
Number of warnings:    3
Slice Logic Utilization:
  Number of Slice Registers:                 2,430 out of  93,120    2%
    Number used as Flip Flops:               2,426
    Number used as Latches:                      3
    Number used as Latch-thrus:                  0
    Number used as AND/OR logics:                1
  Number of Slice LUTs:                     12,021 out of  46,560   25%
    Number used as logic:                   12,009 out of  46,560   25%
      Number using O6 output only:          11,065
      Number using O5 output only:              20
      Number using O5 and O6:                  924
      Number used as ROM:                        0
    Number used as Memory:                       0 out of  16,720    0%
    Number used exclusively as route-thrus:     12
      Number with same-slice register load:      8
      Number with same-slice carry load:         4
      Number with other load:                    0

Slice Logic Distribution:
  Number of occupied Slices:                 3,728 out of  11,640   32%
  Number of LUT Flip Flop pairs used:       12,349
    Number with an unused Flip Flop:         9,991 out of  12,349   80%
    Number with an unused LUT:                 328 out of  12,349    2%
    Number of fully used LUT-FF pairs:       2,030 out of  12,349   16%
    Number of unique control sets:              81
    Number of slice register sites lost
      to control set restrictions:             243 out of  93,120    1%

  A LUT Flip Flop pair for this architecture represents one LUT paired with
  one Flip Flop within a slice.  A control set is a unique combination of
  clock, reset, set, and enable signals for a registered element.
  The Slice Logic Distribution report is not meaningful if the design is
  over-mapped for a non-slice resource or if Placement fails.
  OVERMAPPING of BRAM resources should be ignored if the design is
  over-mapped for a non-BRAM resource or if placement fails.

IO Utilization:
  Number of bonded IOBs:                       205 out of     360   56%
    IOB Latches:                                36

Specific Feature Utilization:
  Number of RAMB36E1/FIFO36E1s:                  0 out of     156    0%
  Number of RAMB18E1/FIFO18E1s:                  0 out of     312    0%
  Number of BUFG/BUFGCTRLs:                      2 out of      32    6%
    Number used as BUFGs:                        2
    Number used as BUFGCTRLs:                    0
  Number of ILOGICE1/ISERDESE1s:                 0 out of     360    0%
  Number of OLOGICE1/OSERDESE1s:                36 out of     360   10%
    Number used as OLOGICE1s:                   36
    Number used as OSERDESE1s:                   0
  Number of BSCANs:                              0 out of       4    0%
  Number of BUFHCEs:                             0 out of      72    0%
  Number of BUFIODQSs:                           0 out of      36    0%
  Number of BUFRs:                               0 out of      18    0%
  Number of CAPTUREs:                            0 out of       1    0%
  Number of DSP48E1s:                            6 out of     288    2%
  Number of EFUSE_USRs:                          0 out of       1    0%
  Number of FRAME_ECCs:                          0 out of       1    0%
  Number of GTXE1s:                              0 out of      12    0%
  Number of IBUFDS_GTXE1s:                       0 out of       6    0%
  Number of ICAPs:                               0 out of       2    0%
  Number of IDELAYCTRLs:                         0 out of       9    0%
  Number of IODELAYE1s:                          0 out of     360    0%
  Number of MMCM_ADVs:                           0 out of       6    0%
  Number of PCIE_2_0s:                           0 out of       1    0%
  Number of STARTUPs:                            1 out of       1  100%
  Number of SYSMONs:                             0 out of       1    0%
  Number of TEMAC_SINGLEs:                       0 out of       4    0%

Average Fanout of Non-Clock Nets:                7.72

Peak Memory Usage:  500 MB
Total REAL time to MAP completion:  9 mins 3 secs 
Total CPU time to MAP completion:   6 mins 15 secs 

Mapping completed.
See MAP report file "IP_watermarking_MARS128.mrp" for details.

*** Running par
    with args -intstyle pa "IP_watermarking_MARS128.ncd" -w "IP_watermarking_MARS128_routed.ncd"




Constraints file: IP_watermarking_MARS128.pcf.
Loading device for application Rf_Device from file '6vlx75t.nph' in environment D:\XilinX\13.2\ISE_DS\ISE\.
   "IP_watermarking_MARS128" is an NCD, version 3.2, device xc6vlx75tl, package ff784, speed -1l
vvvvvvvvvvvvvvvvvvvvvvvvvvvvvvvvvvvvvvvvvvvvvvvvvvvvvvvvvvvvvvvvvvvvvv
INFO:Security:54 - 'xc6vlx75tl' is a WebPack part.
WARNING:Security:42 - Your software subscription period has lapsed. Your current version of Xilinx tools will continue
to function, but you no longer qualify for Xilinx software updates or new releases.

----------------------------------------------------------------------

Initializing temperature to 85.000 Celsius. (default - Range: 0.000 to 85.000 Celsius)
Initializing voltage to 0.870 Volts. (default - Range: 0.870 to 0.930 Volts)

INFO:Par:282 - No user timing constraints were detected or you have set the option to ignore timing constraints ("par
   -x"). Place and Route will run in "Performance Evaluation Mode" to automatically improve the performance of all
   internal clocks in this design. Because there are not defined timing requirements, a timing score will not be
   reported in the PAR report in this mode. The PAR timing summary will list the performance achieved for each clock.
   Note: For the fastest runtime, set the effort level to "std".  For best performance, set the effort level to "high".

Device speed data version:  "PRODUCTION 1.10 2011-06-20".



Device Utilization Summary:

Slice Logic Utilization:
  Number of Slice Registers:                 2,430 out of  93,120    2%
    Number used as Flip Flops:               2,426
    Number used as Latches:                      3
    Number used as Latch-thrus:                  0
    Number used as AND/OR logics:                1
  Number of Slice LUTs:                     12,021 out of  46,560   25%
    Number used as logic:                   12,009 out of  46,560   25%
      Number using O6 output only:          11,065
      Number using O5 output only:              20
      Number using O5 and O6:                  924
      Number used as ROM:                        0
    Number used as Memory:                       0 out of  16,720    0%
    Number used exclusively as route-thrus:     12
      Number with same-slice register load:      8
      Number with same-slice carry load:         4
      Number with other load:                    0

Slice Logic Distribution:
  Number of occupied Slices:                 3,728 out of  11,640   32%
  Number of LUT Flip Flop pairs used:       12,349
    Number with an unused Flip Flop:         9,991 out of  12,349   80%
    Number with an unused LUT:                 328 out of  12,349    2%
    Number of fully used LUT-FF pairs:       2,030 out of  12,349   16%
    Number of slice register sites lost
      to control set restrictions:               0 out of  93,120    0%

  A LUT Flip Flop pair for this architecture represents one LUT paired with
  one Flip Flop within a slice.  A control set is a unique combination of
  clock, reset, set, and enable signals for a registered element.
  The Slice Logic Distribution report is not meaningful if the design is
  over-mapped for a non-slice resource or if Placement fails.
  OVERMAPPING of BRAM resources should be ignored if the design is
  over-mapped for a non-BRAM resource or if placement fails.

IO Utilization:
  Number of bonded IOBs:                       205 out of     360   56%
    IOB Latches:                                36

Specific Feature Utilization:
  Number of RAMB36E1/FIFO36E1s:                  0 out of     156    0%
  Number of RAMB18E1/FIFO18E1s:                  0 out of     312    0%
  Number of BUFG/BUFGCTRLs:                      2 out of      32    6%
    Number used as BUFGs:                        2
    Number used as BUFGCTRLs:                    0
  Number of ILOGICE1/ISERDESE1s:                 0 out of     360    0%
  Number of OLOGICE1/OSERDESE1s:                36 out of     360   10%
    Number used as OLOGICE1s:                   36
    Number used as OSERDESE1s:                   0
  Number of BSCANs:                              0 out of       4    0%
  Number of BUFHCEs:                             0 out of      72    0%
  Number of BUFIODQSs:                           0 out of      36    0%
  Number of BUFRs:                               0 out of      18    0%
  Number of CAPTUREs:                            0 out of       1    0%
  Number of DSP48E1s:                            6 out of     288    2%
  Number of EFUSE_USRs:                          0 out of       1    0%
  Number of FRAME_ECCs:                          0 out of       1    0%
  Number of GTXE1s:                              0 out of      12    0%
  Number of IBUFDS_GTXE1s:                       0 out of       6    0%
  Number of ICAPs:                               0 out of       2    0%
  Number of IDELAYCTRLs:                         0 out of       9    0%
  Number of IODELAYE1s:                          0 out of     360    0%
  Number of MMCM_ADVs:                           0 out of       6    0%
  Number of PCIE_2_0s:                           0 out of       1    0%
  Number of STARTUPs:                            1 out of       1  100%
  Number of SYSMONs:                             0 out of       1    0%
  Number of TEMAC_SINGLEs:                       0 out of       4    0%


Overall effort level (-ol):   Standard 
Router effort level (-rl):    High 

Starting initial Timing Analysis.  REAL time: 40 secs 
Finished initial Timing Analysis.  REAL time: 40 secs 

Starting Router


Phase  1  : 76473 unrouted;      REAL time: 44 secs 

Phase  2  : 73868 unrouted;      REAL time: 55 secs 

Phase  3  : 29418 unrouted;      REAL time: 1 mins 52 secs 

Phase  4  : 35125 unrouted; (Par is working to improve performance)     REAL time: 5 mins 35 secs 

Updating file: IP_watermarking_MARS128_routed.ncd with current fully routed design.

Phase  5  : 0 unrouted; (Par is working to improve performance)     REAL time: 27 mins 15 secs 

Phase  6  : 0 unrouted; (Par is working to improve performance)     REAL time: 27 mins 15 secs 

Phase  7  : 0 unrouted; (Par is working to improve performance)     REAL time: 27 mins 15 secs 

Phase  8  : 0 unrouted; (Par is working to improve performance)     REAL time: 27 mins 15 secs 
PINBOUNCE(84301,-123424) PINBOUNCE(134995,-97848) PINBOUNCE(118323,-49600) PINBOUNCE(134995,-97824) PINBOUNCE(118323,-49576) PINBOUNCE(126691,-59200) PINBOUNCE(126691,-59176) PINBOUNCE(126691,-33576) PINBOUNCE(134995,-69048) PINBOUNCE(134995,-69024) 
Phase  9  : 0 unrouted; (Par is working to improve performance)     REAL time: 27 mins 20 secs 

Phase 10  : 0 unrouted; (Par is working to improve performance)     REAL time: 27 mins 53 secs 
Total REAL time to Router completion: 27 mins 53 secs 
Total CPU time to Router completion: 21 mins 3 secs 

Partition Implementation Status
-------------------------------

  No Partitions were found in this design.

-------------------------------

Generating "PAR" statistics.
INFO:Par:459 - The Clock Report is not displayed in the non timing-driven mode.
Timing Score: 0 (Setup: 0, Hold: 0)

Asterisk (*) preceding a constraint indicates it was not met.
   This may be due to a setup or hold violation.

----------------------------------------------------------------------------------------------------------
  Constraint                                |    Check    | Worst Case |  Best Case | Timing |   Timing   
                                            |             |    Slack   | Achievable | Errors |    Score   
----------------------------------------------------------------------------------------------------------
  Autotimespec constraint for clock net clk | SETUP       |         N/A|    75.785ns|     N/A|           0
  _BUFGP                                    | HOLD        |     0.007ns|            |       0|           0
----------------------------------------------------------------------------------------------------------


All constraints were met.
INFO:Timing:2761 - N/A entries in the Constraints List may indicate that the 
   constraint is not analyzed due to the following: No paths covered by this 
   constraint; Other constraints intersect with this constraint; or This 
   constraint was disabled by a Path Tracing Control. Please run the Timespec 
   Interaction Report (TSI) via command line (trce tsi) or Timing Analyzer GUI.


Generating Pad Report.

All signals are completely routed.

Total REAL time to PAR completion: 28 mins 35 secs 
Total CPU time to PAR completion: 21 mins 39 secs 

Peak Memory Usage:  521 MB

Placer: Placement generated during map.
Routing: Completed - No errors found.

Number of error messages: 0
Number of warning messages: 0
Number of info messages: 2

Writing design to file IP_watermarking_MARS128_routed.ncd



PAR done!

*** Running trce
    with args -intstyle ise -o "IP_watermarking_MARS128.twr" -v 30 -l 30 "IP_watermarking_MARS128_routed.ncd" "IP_watermarking_MARS128.pcf"

Loading device for application Rf_Device from file '6vlx75t.nph' in environment
D:\XilinX\13.2\ISE_DS\ISE\.
   "IP_watermarking_MARS128" is an NCD, version 3.2, device xc6vlx75tl, package
ff784, speed -1l

Analysis completed Thu May 02 00:59:31 2013
--------------------------------------------------------------------------------

Generating Report ...

Number of warnings: 0
Total time: 1 mins 32 secs 

*** Running xdl
    with args -secure -ncd2xdl -nopips "IP_watermarking_MARS128_routed.ncd" "IP_watermarking_MARS128_routed.xdl"

Release 13.2 - xdl O.61xd (nt)
Copyright (c) 1995-2011 Xilinx, Inc.  All rights reserved.

