SET_PARAMETER compensation_scaling No_Scale_Compensation
SET_PARAMETER output_width 16
SET_PARAMETER ce false
SET_PARAMETER x_out false
SET_PARAMETER iterations 0
SET_PARAMETER phase_output true
SET_PARAMETER coarse_rotation false
SET_PARAMETER functional_selection Arc_Tanh
SET_PARAMETER architectural_configuration Parallel
SET_PARAMETER pipelining_mode Maximum
SET_PARAMETER nd true
SET_PARAMETER register_outputs true
SET_PARAMETER y_out false
SET_PARAMETER round_mode Truncate
SET_PARAMETER component_name cordic_v4_0
SET_PARAMETER data_format SignedFraction
SET_PARAMETER precision 0
SET_PARAMETER sclr false
SET_PARAMETER input_width 16
SET_PARAMETER phase_format Radians
SET_PARAMETER register_inputs true
SET_PARAMETER rdy true
SET_ERROR_CODE 2
SET_ERROR_MSG  CANCEL: Customization cancelled.
SET_ERROR_TEXT Finished initializing IP model.	
