Release 13.2 - xst O.61xd (nt64)
Copyright (c) 1995-2011 Xilinx, Inc.  All rights reserved.
--> Parameter TMPDIR set to xst/projnav.tmp


Total REAL time to Xst completion: 1.00 secs
Total CPU time to Xst completion: 0.42 secs
 
--> Parameter xsthdpdir set to xst


Total REAL time to Xst completion: 1.00 secs
Total CPU time to Xst completion: 0.44 secs
 
--> Reading design: watermark_display.prj

TABLE OF CONTENTS
  1) Synthesis Options Summary
  2) HDL Parsing
  3) HDL Elaboration
  4) HDL Synthesis
       4.1) HDL Synthesis Report
  5) Advanced HDL Synthesis
       5.1) Advanced HDL Synthesis Report
  6) Low Level Synthesis
  7) Partition Report
  8) Design Summary
       8.1) Primitive and Black Box Usage
       8.2) Device utilization summary
       8.3) Partition Resource Summary
       8.4) Timing Report
            8.4.1) Clock Information
            8.4.2) Asynchronous Control Signals Information
            8.4.3) Timing Summary
            8.4.4) Timing Details
            8.4.5) Cross Clock Domains Report


=========================================================================
*                      Synthesis Options Summary                        *
=========================================================================
---- Source Parameters
Input File Name                    : "watermark_display.prj"
Input Format                       : mixed
Ignore Synthesis Constraint File   : NO

---- Target Parameters
Output File Name                   : "watermark_display"
Output Format                      : NGC
Target Device                      : xc6vlx75tl-1L-ff484

---- Source Options
Top Module Name                    : watermark_display
Automatic FSM Extraction           : YES
FSM Encoding Algorithm             : Auto
Safe Implementation                : No
FSM Style                          : LUT
RAM Extraction                     : Yes
RAM Style                          : Auto
ROM Extraction                     : Yes
Shift Register Extraction          : YES
ROM Style                          : Auto
Resource Sharing                   : YES
Asynchronous To Synchronous        : NO
Shift Register Minimum Size        : 2
Use DSP Block                      : Auto
Automatic Register Balancing       : No

---- Target Options
LUT Combining                      : Auto
Reduce Control Sets                : Auto
Add IO Buffers                     : YES
Global Maximum Fanout              : 100000
Add Generic Clock Buffer(BUFG)     : 32
Register Duplication               : YES
Optimize Instantiated Primitives   : NO
Use Clock Enable                   : Auto
Use Synchronous Set                : Auto
Use Synchronous Reset              : Auto
Pack IO Registers into IOBs        : Auto
Equivalent register Removal        : YES

---- General Options
Optimization Goal                  : Speed
Optimization Effort                : 1
Power Reduction                    : NO
Keep Hierarchy                     : No
Netlist Hierarchy                  : As_Optimized
RTL Output                         : Yes
Global Optimization                : AllClockNets
Read Cores                         : YES
Write Timing Constraints           : NO
Cross Clock Analysis               : NO
Hierarchy Separator                : /
Bus Delimiter                      : <>
Case Specifier                     : Maintain
Slice Utilization Ratio            : 100
BRAM Utilization Ratio             : 100
DSP48 Utilization Ratio            : 100
Auto BRAM Packing                  : NO
Slice Utilization Ratio Delta      : 5

=========================================================================


=========================================================================
*                          HDL Parsing                                  *
=========================================================================
Parsing VHDL file "C:\Users\s\Desktop\Watermarking\output_verification\watermark_extraction.vhd" into library work
Parsing entity <watermark_extraction>.
Parsing architecture <Behavioral> of entity <watermark_extraction>.
Parsing VHDL file "C:\Users\s\Desktop\Watermarking\output_verification\watermark_display.vhd" into library work
Parsing entity <watermark_display>.
Parsing architecture <Behavioral> of entity <watermark_display>.

=========================================================================
*                            HDL Elaboration                            *
=========================================================================

Elaborating entity <watermark_display> (architecture <Behavioral>) from library <work>.

Elaborating entity <watermark_extraction> (architecture <Behavioral>) from library <work>.

=========================================================================
*                           HDL Synthesis                               *
=========================================================================

Synthesizing Unit <watermark_display>.
    Related source file is "c:/users/s/desktop/watermarking/output_verification/watermark_display.vhd".
    Found 4-bit register for signal <counter>.
    Found 5-bit register for signal <count>.
    Found 8-bit register for signal <integer_watermark>.
    Found 8-bit register for signal <watermark_char<8>>.
    Found 8-bit register for signal <watermark_char<7>>.
    Found 8-bit register for signal <watermark_char<6>>.
    Found 8-bit register for signal <watermark_char<5>>.
    Found 8-bit register for signal <watermark_char<4>>.
    Found 8-bit register for signal <watermark_char<3>>.
    Found 8-bit register for signal <watermark_char<2>>.
    Found 8-bit register for signal <watermark_char<1>>.
    Found 8-bit register for signal <watermark<8>>.
    Found 8-bit register for signal <watermark<7>>.
    Found 8-bit register for signal <watermark<6>>.
    Found 8-bit register for signal <watermark<5>>.
    Found 8-bit register for signal <watermark<4>>.
    Found 8-bit register for signal <watermark<3>>.
    Found 8-bit register for signal <watermark<2>>.
    Found 8-bit register for signal <watermark<1>>.
    Found 5-bit adder for signal <count[4]_GND_6_o_add_0_OUT> created at line 1241.
    Found 4-bit adder for signal <counter[3]_GND_6_o_add_2_OUT> created at line 1241.
INFO:Xst:2774 - HDL ADVISOR - KEEP property attached to signal binary_data may hinder XST clustering optimizations.
    Summary:
	inferred   2 Adder/Subtractor(s).
	inferred 145 D-type flip-flop(s).
	inferred   2 Multiplexer(s).
Unit <watermark_display> synthesized.

Synthesizing Unit <watermark_extraction>.
    Related source file is "c:/users/s/desktop/watermarking/output_verification/watermark_extraction.vhd".
    Found 4-bit register for signal <count>.
    Found 4-bit register for signal <counter>.
    Found 8-bit register for signal <shift_register>.
    Found 8-bit register for signal <binary_data>.
    Found 1-bit register for signal <switch>.
    Found 1-bit register for signal <watermark_bit>.
    Found 4-bit adder for signal <count[3]_GND_7_o_add_0_OUT> created at line 1241.
    Found 4-bit adder for signal <counter[3]_GND_7_o_add_3_OUT> created at line 1241.
    Summary:
	inferred   2 Adder/Subtractor(s).
	inferred  26 D-type flip-flop(s).
	inferred   3 Multiplexer(s).
Unit <watermark_extraction> synthesized.

=========================================================================
HDL Synthesis Report

Macro Statistics
# Adders/Subtractors                                   : 4
 4-bit adder                                           : 3
 5-bit adder                                           : 1
# Registers                                            : 25
 1-bit register                                        : 2
 4-bit register                                        : 3
 5-bit register                                        : 1
 8-bit register                                        : 19
# Multiplexers                                         : 5
 1-bit 2-to-1 multiplexer                              : 1
 4-bit 2-to-1 multiplexer                              : 3
 5-bit 2-to-1 multiplexer                              : 1

=========================================================================

=========================================================================
*                       Advanced HDL Synthesis                          *
=========================================================================


Synthesizing (advanced) Unit <watermark_display>.
The following registers are absorbed into counter <count>: 1 register on signal <count>.
The following registers are absorbed into counter <counter>: 1 register on signal <counter>.
Unit <watermark_display> synthesized (advanced).

Synthesizing (advanced) Unit <watermark_extraction>.
The following registers are absorbed into counter <counter>: 1 register on signal <counter>.
The following registers are absorbed into counter <count>: 1 register on signal <count>.
Unit <watermark_extraction> synthesized (advanced).

=========================================================================
Advanced HDL Synthesis Report

Macro Statistics
# Counters                                             : 4
 4-bit up counter                                      : 3
 5-bit up counter                                      : 1
# Registers                                            : 154
 Flip-Flops                                            : 154
# Multiplexers                                         : 1
 1-bit 2-to-1 multiplexer                              : 1

=========================================================================

=========================================================================
*                         Low Level Synthesis                           *
=========================================================================

Optimizing unit <watermark_display> ...

Optimizing unit <watermark_extraction> ...

Mapping all equations...
Building and optimizing final netlist ...
Found area constraint ratio of 100 (+ 5) on block watermark_display, actual ratio is 0.

Final Macro Processing ...

=========================================================================
Final Register Report

Macro Statistics
# Registers                                            : 171
 Flip-Flops                                            : 171

=========================================================================

=========================================================================
*                           Partition Report                            *
=========================================================================

Partition Implementation Status
-------------------------------

  No Partitions were found in this design.

-------------------------------

=========================================================================
*                            Design Summary                             *
=========================================================================

Top Level Output File Name         : watermark_display.ngc

Primitive and Black Box Usage:
------------------------------
# BELS                             : 91
#      INV                         : 5
#      LUT2                        : 4
#      LUT3                        : 66
#      LUT4                        : 9
#      LUT5                        : 5
#      LUT6                        : 2
# FlipFlops/Latches                : 171
#      FDC                         : 6
#      FDCE                        : 28
#      FDE                         : 137
# Clock Buffers                    : 1
#      BUFGP                       : 1
# IO Buffers                       : 74
#      IBUF                        : 2
#      OBUF                        : 72

Device utilization summary:
---------------------------

Selected Device : 6vlx75tlff484-1l 


Slice Logic Utilization: 
 Number of Slice Registers:             171  out of  93120     0%  
 Number of Slice LUTs:                   91  out of  46560     0%  
    Number used as Logic:                91  out of  46560     0%  

Slice Logic Distribution: 
 Number of LUT Flip Flop pairs used:    177
   Number with an unused Flip Flop:       6  out of    177     3%  
   Number with an unused LUT:            86  out of    177    48%  
   Number of fully used LUT-FF pairs:    85  out of    177    48%  
   Number of unique control sets:         8

IO Utilization: 
 Number of IOs:                          75
 Number of bonded IOBs:                  75  out of    240    31%  

Specific Feature Utilization:
 Number of BUFG/BUFGCTRLs:                1  out of     32     3%  

---------------------------
Partition Resource Summary:
---------------------------

  No Partitions were found in this design.

---------------------------


=========================================================================
Timing Report

NOTE: THESE TIMING NUMBERS ARE ONLY A SYNTHESIS ESTIMATE.
      FOR ACCURATE TIMING INFORMATION PLEASE REFER TO THE TRACE REPORT
      GENERATED AFTER PLACE-and-ROUTE.

Clock Information:
------------------
-----------------------------------+------------------------+-------+
Clock Signal                       | Clock buffer(FF name)  | Load  |
-----------------------------------+------------------------+-------+
clk                                | BUFGP                  | 171   |
-----------------------------------+------------------------+-------+

Asynchronous Control Signals Information:
----------------------------------------
No asynchronous control signals found in this design

Timing Summary:
---------------
Speed Grade: -1

   Minimum period: 2.046ns (Maximum Frequency: 488.869MHz)
   Minimum input arrival time before clock: 2.019ns
   Maximum output required time after clock: 0.688ns
   Maximum combinational path delay: No path found

Timing Details:
---------------
All values displayed in nanoseconds (ns)

=========================================================================
Timing constraint: Default period analysis for Clock 'clk'
  Clock period: 2.046ns (frequency: 488.869MHz)
  Total number of paths / destination ports: 1222 / 327
-------------------------------------------------------------------------
Delay:               2.046ns (Levels of Logic = 3)
  Source:            counter_2 (FF)
  Destination:       watermark_1_0 (FF)
  Source Clock:      clk rising
  Destination Clock: clk rising

  Data Path: counter_2 to watermark_1_0
                                Gate     Net
    Cell:in->out      fanout   Delay   Delay  Logical Name (Net Name)
    ----------------------------------------  ------------
     FDCE:C->Q             3   0.280   0.615  counter_2 (counter_2)
     LUT5:I1->O            1   0.053   0.416  _n0180_inv2_SW0 (N01)
     LUT5:I4->O           64   0.053   0.576  _n0180_inv2_rstpot (_n0180_inv2_rstpot)
     LUT3:I2->O            1   0.053   0.000  watermark_1_0_dpot (watermark_1_0_dpot)
     FDE:D                    -0.012          watermark_1_0
    ----------------------------------------
    Total                      2.046ns (0.439ns logic, 1.607ns route)
                                       (21.5% logic, 78.5% route)

=========================================================================
Timing constraint: Default OFFSET IN BEFORE for Clock 'clk'
  Total number of paths / destination ports: 172 / 172
-------------------------------------------------------------------------
Offset:              2.019ns (Levels of Logic = 4)
  Source:            rst (PAD)
  Destination:       watermark_1_0 (FF)
  Destination Clock: clk rising

  Data Path: rst to watermark_1_0
                                Gate     Net
    Cell:in->out      fanout   Delay   Delay  Logical Name (Net Name)
    ----------------------------------------  ------------
     IBUF:I->O            38   0.003   0.866  rst_IBUF (rst_IBUF)
     LUT5:I0->O            1   0.053   0.416  _n0180_inv2_SW0 (N01)
     LUT5:I4->O           64   0.053   0.576  _n0180_inv2_rstpot (_n0180_inv2_rstpot)
     LUT3:I2->O            1   0.053   0.000  watermark_1_0_dpot (watermark_1_0_dpot)
     FDE:D                    -0.012          watermark_1_0
    ----------------------------------------
    Total                      2.019ns (0.162ns logic, 1.857ns route)
                                       (8.0% logic, 92.0% route)

=========================================================================
Timing constraint: Default OFFSET OUT AFTER for Clock 'clk'
  Total number of paths / destination ports: 72 / 72
-------------------------------------------------------------------------
Offset:              0.688ns (Levels of Logic = 1)
  Source:            WM_E/binary_data_7 (FF)
  Destination:       binary_data<7> (PAD)
  Source Clock:      clk rising

  Data Path: WM_E/binary_data_7 to binary_data<7>
                                Gate     Net
    Cell:in->out      fanout   Delay   Delay  Logical Name (Net Name)
    ----------------------------------------  ------------
     FDCE:C->Q             2   0.280   0.405  WM_E/binary_data_7 (WM_E/binary_data_7)
     OBUF:I->O                 0.003          binary_data_7_OBUF (binary_data<7>)
    ----------------------------------------
    Total                      0.688ns (0.283ns logic, 0.405ns route)
                                       (41.1% logic, 58.9% route)

=========================================================================

Cross Clock Domains Report:
--------------------------

Clock to Setup on destination clock clk
---------------+---------+---------+---------+---------+
               | Src:Rise| Src:Fall| Src:Rise| Src:Fall|
Source Clock   |Dest:Rise|Dest:Rise|Dest:Fall|Dest:Fall|
---------------+---------+---------+---------+---------+
clk            |    2.046|         |         |         |
---------------+---------+---------+---------+---------+

=========================================================================


Total REAL time to Xst completion: 19.00 secs
Total CPU time to Xst completion: 19.17 secs
 
--> 

Total memory usage is 268200 kilobytes

Number of errors   :    0 (   0 filtered)
Number of warnings :    0 (   0 filtered)
Number of infos    :    1 (   0 filtered)

