Release 13.2 - ngc2edif O.61xd (nt)
Copyright (c) 1995-2011 Xilinx, Inc.  All rights reserved.
Reading design IP_watermarking_RC6.ngc ...
WARNING:NetListWriters:298 - No output is written to IP_watermarking_RC6.xncf,
   ignored.
Processing design ...
   Preping design's networks ...
   Preping design's macros ...
WARNING:NetListWriters:306 - Signal bus
   crypto_RIJNDAEL/ALG/GND_44_o_GND_44_o_mux_41_OUT<127 : 32> on block
   IP_watermarking_RC6 is not reconstructed, because there are some missing bus
   signals.
  finished :Prep
Writing EDIF netlist file IP_watermarking_RC6.edif ...
ngc2edif: Total memory usage is 62004 kilobytes

Release 13.2 - ngc2edif O.61xd (nt)
Copyright (c) 1995-2011 Xilinx, Inc.  All rights reserved.
Reading design ip_core.ngc ...
WARNING:NetListWriters:298 - No output is written to ip_core.xncf, ignored.
Processing design ...
   Preping design's networks ...
   Preping design's macros ...
  finished :Prep
Writing EDIF netlist file ip_core.edif ...
ngc2edif: Total memory usage is 54836 kilobytes

