ISim log file
Running: C:\Users\s\Desktop\Watermarking\Final\WGC_V_isim_beh.exe -intstyle ise -gui -tclbatch isim.cmd -wdb C:/Users/s/Desktop/Watermarking/Final/WGC_V_isim_beh.wdb 
ISim O.61xd (signature 0x1cce1bb2)
----------------------------------------------------------------------
WARNING:Security:42 - Your software subscription period has lapsed. Your current version of Xilinx tools will continue to function, but you no longer qualify for Xilinx software updates or new releases.


----------------------------------------------------------------------
This is a Full version of ISim.
Time resolution is 1 ps
# onerror resume
# wave add /
# run 1000 ns
Simulator is doing circuit initialization process.
Finished circuit initialization process.
# isim force add /wgc_v/clk 1 -radix bin -value 0 -radix bin -time 500 us -repeat 1 ms -cancel 10 ms
# isim force add /wgc_v/clk 1 -radix bin -value 0 -radix bin -time 500 us -repeat 1 ms -cancel 10 ms
# isim force add /wgc_v/rst 1 -radix bin
# isim force add /wgc_v/rst 1 -radix bin
# isim force add /wgc_v/test_mode 1 -radix bin
# isim force add /wgc_v/test_mode 1 -radix bin
# run all
# isim force add /wgc_v/clk 1 -radix bin -value 0 -radix bin -time 500 us -repeat 1 ms -cancel 100 ms
# isim force add /wgc_v/clk 1 -radix bin -value 0 -radix bin -time 500 us -repeat 1 ms -cancel 100 ms
# isim force add /wgc_v/rst 0 -radix bin
# isim force add /wgc_v/rst 0 -radix bin
# run all
