Release 13.2 - xst O.61xd (nt)
Copyright (c) 1995-2011 Xilinx, Inc.  All rights reserved.
--> Parameter TMPDIR set to xst/projnav.tmp


Total REAL time to Xst completion: 0.00 secs
Total CPU time to Xst completion: 0.20 secs
 
--> Parameter xsthdpdir set to xst


Total REAL time to Xst completion: 0.00 secs
Total CPU time to Xst completion: 0.20 secs
 
--> Reading design: LFSR.prj

TABLE OF CONTENTS
  1) Synthesis Options Summary
  2) HDL Parsing
  3) HDL Elaboration
  4) HDL Synthesis
       4.1) HDL Synthesis Report
  5) Advanced HDL Synthesis
       5.1) Advanced HDL Synthesis Report
  6) Low Level Synthesis
  7) Partition Report
  8) Design Summary
       8.1) Primitive and Black Box Usage
       8.2) Device utilization summary
       8.3) Partition Resource Summary
       8.4) Timing Report
            8.4.1) Clock Information
            8.4.2) Asynchronous Control Signals Information
            8.4.3) Timing Summary
            8.4.4) Timing Details
            8.4.5) Cross Clock Domains Report


=========================================================================
*                      Synthesis Options Summary                        *
=========================================================================
---- Source Parameters
Input File Name                    : "LFSR.prj"
Input Format                       : mixed
Ignore Synthesis Constraint File   : NO

---- Target Parameters
Output File Name                   : "LFSR"
Output Format                      : NGC
Target Device                      : xc6vlx130tl-1L-ff1156

---- Source Options
Top Module Name                    : LFSR
Automatic FSM Extraction           : YES
FSM Encoding Algorithm             : Auto
Safe Implementation                : No
FSM Style                          : LUT
RAM Extraction                     : Yes
RAM Style                          : Auto
ROM Extraction                     : Yes
Shift Register Extraction          : YES
ROM Style                          : Auto
Resource Sharing                   : YES
Asynchronous To Synchronous        : NO
Shift Register Minimum Size        : 2
Use DSP Block                      : Auto
Automatic Register Balancing       : No

---- Target Options
LUT Combining                      : Auto
Reduce Control Sets                : Auto
Add IO Buffers                     : YES
Global Maximum Fanout              : 100000
Add Generic Clock Buffer(BUFG)     : 32
Register Duplication               : YES
Optimize Instantiated Primitives   : NO
Use Clock Enable                   : Auto
Use Synchronous Set                : Auto
Use Synchronous Reset              : Auto
Pack IO Registers into IOBs        : Auto
Equivalent register Removal        : YES

---- General Options
Optimization Goal                  : Speed
Optimization Effort                : 1
Power Reduction                    : NO
Keep Hierarchy                     : No
Netlist Hierarchy                  : As_Optimized
RTL Output                         : Yes
Global Optimization                : AllClockNets
Read Cores                         : YES
Write Timing Constraints           : NO
Cross Clock Analysis               : NO
Hierarchy Separator                : /
Bus Delimiter                      : <>
Case Specifier                     : Maintain
Slice Utilization Ratio            : 100
BRAM Utilization Ratio             : 100
DSP48 Utilization Ratio            : 100
Auto BRAM Packing                  : NO
Slice Utilization Ratio Delta      : 5

=========================================================================


=========================================================================
*                          HDL Parsing                                  *
=========================================================================
Parsing VHDL file "C:\Users\chinna\Desktop\Watermarking\Final\LFSR.vhd" into library work
Parsing entity <LFSR>.
Parsing architecture <Behavioral> of entity <lfsr>.
ERROR:HDLCompiler:806 - "C:\Users\chinna\Desktop\Watermarking\Final\LFSR.vhd" Line 42: Syntax error near "signal".
ERROR:HDLCompiler:40 - "C:\Users\chinna\Desktop\Watermarking\Final\LFSR.vhd" Line 42: std_logic is not a component
ERROR:HDLCompiler:806 - "C:\Users\chinna\Desktop\Watermarking\Final\LFSR.vhd" Line 43: Syntax error near "signal".
ERROR:HDLCompiler:40 - "C:\Users\chinna\Desktop\Watermarking\Final\LFSR.vhd" Line 43: std_logic is not a component
ERROR:HDLCompiler:806 - "C:\Users\chinna\Desktop\Watermarking\Final\LFSR.vhd" Line 44: Syntax error near "signal".
ERROR:HDLCompiler:32 - "C:\Users\chinna\Desktop\Watermarking\Final\LFSR.vhd" Line 44: <output> is already declared in this region.
ERROR:HDLCompiler:40 - "C:\Users\chinna\Desktop\Watermarking\Final\LFSR.vhd" Line 44: std_logic_vector is not a component
ERROR:HDLCompiler:402 - "C:\Users\chinna\Desktop\Watermarking\Final\LFSR.vhd" Line 44: Expected an architecture identifier in index
ERROR:HDLCompiler:806 - "C:\Users\chinna\Desktop\Watermarking\Final\LFSR.vhd" Line 46: Syntax error near "begin".
ERROR:HDLCompiler:69 - "C:\Users\chinna\Desktop\Watermarking\Final\LFSR.vhd" Line 49: <x0> is not declared.
ERROR:HDLCompiler:69 - "C:\Users\chinna\Desktop\Watermarking\Final\LFSR.vhd" Line 51: <q0> is not declared.
ERROR:HDLCompiler:69 - "C:\Users\chinna\Desktop\Watermarking\Final\LFSR.vhd" Line 52: <q1> is not declared.
ERROR:HDLCompiler:56 - "C:\Users\chinna\Desktop\Watermarking\Final\LFSR.vhd" Line 53: <q2> is not a signal.
ERROR:HDLCompiler:69 - "C:\Users\chinna\Desktop\Watermarking\Final\LFSR.vhd" Line 55: <q0> is not declared.
ERROR:HDLCompiler:69 - "C:\Users\chinna\Desktop\Watermarking\Final\LFSR.vhd" Line 56: <q1> is not declared.
ERROR:HDLCompiler:56 - "C:\Users\chinna\Desktop\Watermarking\Final\LFSR.vhd" Line 57: <q2> is not a signal.
ERROR:HDLCompiler:69 - "C:\Users\chinna\Desktop\Watermarking\Final\LFSR.vhd" Line 60: <q0> is not declared.
ERROR:HDLCompiler:37 - "C:\Users\chinna\Desktop\Watermarking\Final\LFSR.vhd" Line 60: "q2" cannot be used in this expression.
ERROR:HDLCompiler:841 - "C:\Users\chinna\Desktop\Watermarking\Final\LFSR.vhd" Line 60: Expecting type std_logic_vector for <q2>.
Sorry, too many errors..
--> 

Total memory usage is 166504 kilobytes

Number of errors   :   19 (   0 filtered)
Number of warnings :    0 (   0 filtered)
Number of infos    :    0 (   0 filtered)

