Release 13.2 - xst O.61xd (nt)
Copyright (c) 1995-2011 Xilinx, Inc.  All rights reserved.
--> Parameter TMPDIR set to xst/projnav.tmp


Total REAL time to Xst completion: 1.00 secs
Total CPU time to Xst completion: 0.62 secs
 
--> Parameter xsthdpdir set to xst


Total REAL time to Xst completion: 1.00 secs
Total CPU time to Xst completion: 0.62 secs
 
--> Reading design: WGC_V.prj

TABLE OF CONTENTS
  1) Synthesis Options Summary
  2) HDL Parsing
  3) HDL Elaboration
  4) HDL Synthesis
       4.1) HDL Synthesis Report
  5) Advanced HDL Synthesis
       5.1) Advanced HDL Synthesis Report
  6) Low Level Synthesis
  7) Partition Report
  8) Design Summary
       8.1) Primitive and Black Box Usage
       8.2) Device utilization summary
       8.3) Partition Resource Summary
       8.4) Timing Report
            8.4.1) Clock Information
            8.4.2) Asynchronous Control Signals Information
            8.4.3) Timing Summary
            8.4.4) Timing Details
            8.4.5) Cross Clock Domains Report


=========================================================================
*                      Synthesis Options Summary                        *
=========================================================================
---- Source Parameters
Input File Name                    : "WGC_V.prj"
Input Format                       : mixed
Ignore Synthesis Constraint File   : NO

---- Target Parameters
Output File Name                   : "WGC_V"
Output Format                      : NGC
Target Device                      : xc6vlx130tl-1L-ff1156

---- Source Options
Top Module Name                    : WGC_V
Automatic FSM Extraction           : YES
FSM Encoding Algorithm             : Auto
Safe Implementation                : No
FSM Style                          : LUT
RAM Extraction                     : Yes
RAM Style                          : Auto
ROM Extraction                     : Yes
Shift Register Extraction          : YES
ROM Style                          : Auto
Resource Sharing                   : YES
Asynchronous To Synchronous        : NO
Shift Register Minimum Size        : 2
Use DSP Block                      : Auto
Automatic Register Balancing       : No

---- Target Options
LUT Combining                      : Auto
Reduce Control Sets                : Auto
Add IO Buffers                     : YES
Global Maximum Fanout              : 100000
Add Generic Clock Buffer(BUFG)     : 32
Register Duplication               : YES
Optimize Instantiated Primitives   : NO
Use Clock Enable                   : Auto
Use Synchronous Set                : Auto
Use Synchronous Reset              : Auto
Pack IO Registers into IOBs        : Auto
Equivalent register Removal        : YES

---- General Options
Optimization Goal                  : Speed
Optimization Effort                : 1
Power Reduction                    : NO
Keep Hierarchy                     : No
Netlist Hierarchy                  : As_Optimized
RTL Output                         : Yes
Global Optimization                : AllClockNets
Read Cores                         : YES
Write Timing Constraints           : NO
Cross Clock Analysis               : NO
Hierarchy Separator                : /
Bus Delimiter                      : <>
Case Specifier                     : Maintain
Slice Utilization Ratio            : 100
BRAM Utilization Ratio             : 100
DSP48 Utilization Ratio            : 100
Auto BRAM Packing                  : NO
Slice Utilization Ratio Delta      : 5

=========================================================================


=========================================================================
*                          HDL Parsing                                  *
=========================================================================
Parsing VHDL file "C:\Users\chinna\Desktop\Watermarking\Final\WGC_V.vhd" into library work
Parsing entity <WGC_V>.
Parsing architecture <Behavioral> of entity <wgc_v>.

=========================================================================
*                            HDL Elaboration                            *
=========================================================================

Elaborating entity <WGC_V> (architecture <Behavioral>) from library <work>.

=========================================================================
*                           HDL Synthesis                               *
=========================================================================

Synthesizing Unit <WGC_V>.
    Related source file is "c:/users/chinna/desktop/watermarking/final/wgc_v.vhd".
    Found 1-bit register for signal <load>.
    Found 4-bit register for signal <counter>.
    Found 5-bit register for signal <symbol>.
    Found 5-bit register for signal <shift_reg>.
    Found 2-bit register for signal <count>.
    Found 1-bit register for signal <ready>.
    Found 1-bit register for signal <WGC_output>.
    Found 2-bit adder for signal <count[1]_GND_4_o_add_1_OUT> created at line 1241.
    Found 4-bit adder for signal <counter[3]_GND_4_o_add_6_OUT> created at line 1241.
    Summary:
	inferred   2 Adder/Subtractor(s).
	inferred  19 D-type flip-flop(s).
	inferred   3 Multiplexer(s).
Unit <WGC_V> synthesized.

=========================================================================
HDL Synthesis Report

Macro Statistics
# Adders/Subtractors                                   : 2
 2-bit adder                                           : 1
 4-bit adder                                           : 1
# Registers                                            : 7
 1-bit register                                        : 3
 2-bit register                                        : 1
 4-bit register                                        : 1
 5-bit register                                        : 2
# Multiplexers                                         : 3
 2-bit 2-to-1 multiplexer                              : 1
 4-bit 2-to-1 multiplexer                              : 1
 5-bit 2-to-1 multiplexer                              : 1

=========================================================================

=========================================================================
*                       Advanced HDL Synthesis                          *
=========================================================================

WARNING:Xst:1710 - FF/Latch <symbol_1> (without init value) has a constant value of 0 in block <WGC_V>. This FF/Latch will be trimmed during the optimization process.
WARNING:Xst:1895 - Due to other FF/Latch trimming, FF/Latch <symbol_3> (without init value) has a constant value of 0 in block <WGC_V>. This FF/Latch will be trimmed during the optimization process.

Synthesizing (advanced) Unit <WGC_V>.
The following registers are absorbed into counter <counter>: 1 register on signal <counter>.
The following registers are absorbed into counter <count>: 1 register on signal <count>.
Unit <WGC_V> synthesized (advanced).

=========================================================================
Advanced HDL Synthesis Report

Macro Statistics
# Counters                                             : 2
 2-bit up counter                                      : 1
 4-bit up counter                                      : 1
# Registers                                            : 13
 Flip-Flops                                            : 13
# Multiplexers                                         : 1
 5-bit 2-to-1 multiplexer                              : 1

=========================================================================

=========================================================================
*                         Low Level Synthesis                           *
=========================================================================
WARNING:Xst:1710 - FF/Latch <symbol_1> (without init value) has a constant value of 0 in block <WGC_V>. This FF/Latch will be trimmed during the optimization process.
WARNING:Xst:1895 - Due to other FF/Latch trimming, FF/Latch <symbol_3> (without init value) has a constant value of 0 in block <WGC_V>. This FF/Latch will be trimmed during the optimization process.
INFO:Xst:2261 - The FF/Latch <symbol_0> in Unit <WGC_V> is equivalent to the following 2 FFs/Latches, which will be removed : <symbol_2> <symbol_4> 

Optimizing unit <WGC_V> ...
INFO:Xst:2261 - The FF/Latch <count_0> in Unit <WGC_V> is equivalent to the following FF/Latch, which will be removed : <counter_0> 

Mapping all equations...
Building and optimizing final netlist ...
Found area constraint ratio of 100 (+ 5) on block WGC_V, actual ratio is 0.

Final Macro Processing ...

=========================================================================
Final Register Report

Macro Statistics
# Registers                                            : 14
 Flip-Flops                                            : 14

=========================================================================

=========================================================================
*                           Partition Report                            *
=========================================================================

Partition Implementation Status
-------------------------------

  No Partitions were found in this design.

-------------------------------

=========================================================================
*                            Design Summary                             *
=========================================================================

Top Level Output File Name         : WGC_V.ngc

Primitive and Black Box Usage:
------------------------------
# BELS                             : 14
#      INV                         : 2
#      LUT2                        : 4
#      LUT3                        : 3
#      LUT4                        : 4
#      LUT5                        : 1
# FlipFlops/Latches                : 14
#      FDC                         : 2
#      FDCE                        : 11
#      FDP                         : 1
# Clock Buffers                    : 1
#      BUFGP                       : 1
# IO Buffers                       : 4
#      IBUF                        : 2
#      OBUF                        : 2

Device utilization summary:
---------------------------

Selected Device : 6vlx130tlff1156-1l 


Slice Logic Utilization: 
 Number of Slice Registers:              14  out of  160000     0%  
 Number of Slice LUTs:                   14  out of  80000     0%  
    Number used as Logic:                14  out of  80000     0%  

Slice Logic Distribution: 
 Number of LUT Flip Flop pairs used:     15
   Number with an unused Flip Flop:       1  out of     15     6%  
   Number with an unused LUT:             1  out of     15     6%  
   Number of fully used LUT-FF pairs:    13  out of     15    86%  
   Number of unique control sets:         3

IO Utilization: 
 Number of IOs:                           5
 Number of bonded IOBs:                   5  out of    600     0%  

Specific Feature Utilization:
 Number of BUFG/BUFGCTRLs:                1  out of     32     3%  

---------------------------
Partition Resource Summary:
---------------------------

  No Partitions were found in this design.

---------------------------


=========================================================================
Timing Report

NOTE: THESE TIMING NUMBERS ARE ONLY A SYNTHESIS ESTIMATE.
      FOR ACCURATE TIMING INFORMATION PLEASE REFER TO THE TRACE REPORT
      GENERATED AFTER PLACE-and-ROUTE.

Clock Information:
------------------
-----------------------------------+------------------------+-------+
Clock Signal                       | Clock buffer(FF name)  | Load  |
-----------------------------------+------------------------+-------+
clk                                | BUFGP                  | 14    |
-----------------------------------+------------------------+-------+

Asynchronous Control Signals Information:
----------------------------------------
No asynchronous control signals found in this design

Timing Summary:
---------------
Speed Grade: -1

   Minimum period: 1.317ns (Maximum Frequency: 759.301MHz)
   Minimum input arrival time before clock: 0.807ns
   Maximum output required time after clock: 0.688ns
   Maximum combinational path delay: No path found

Timing Details:
---------------
All values displayed in nanoseconds (ns)

=========================================================================
Timing constraint: Default period analysis for Clock 'clk'
  Clock period: 1.317ns (frequency: 759.301MHz)
  Total number of paths / destination ports: 37 / 14
-------------------------------------------------------------------------
Delay:               1.317ns (Levels of Logic = 1)
  Source:            counter_1 (FF)
  Destination:       ready (FF)
  Source Clock:      clk rising
  Destination Clock: clk rising

  Data Path: counter_1 to ready
                                Gate     Net
    Cell:in->out      fanout   Delay   Delay  Logical Name (Net Name)
    ----------------------------------------  ------------
     FDCE:C->Q             4   0.280   0.419  counter_1 (counter_1)
     INV:I->O              1   0.070   0.399  _n0059_inv11_cepot_INV_0 (_n0059_inv11_cepot)
     FDCE:CE                   0.149          ready
    ----------------------------------------
    Total                      1.317ns (0.499ns logic, 0.818ns route)
                                       (37.9% logic, 62.1% route)

=========================================================================
Timing constraint: Default OFFSET IN BEFORE for Clock 'clk'
  Total number of paths / destination ports: 28 / 28
-------------------------------------------------------------------------
Offset:              0.807ns (Levels of Logic = 1)
  Source:            rst (PAD)
  Destination:       symbol_0 (FF)
  Destination Clock: clk rising

  Data Path: rst to symbol_0
                                Gate     Net
    Cell:in->out      fanout   Delay   Delay  Logical Name (Net Name)
    ----------------------------------------  ------------
     IBUF:I->O            14   0.003   0.484  rst_IBUF (rst_IBUF)
     FDC:CLR                   0.320          symbol_0
    ----------------------------------------
    Total                      0.807ns (0.323ns logic, 0.484ns route)
                                       (40.0% logic, 60.0% route)

=========================================================================
Timing constraint: Default OFFSET OUT AFTER for Clock 'clk'
  Total number of paths / destination ports: 2 / 2
-------------------------------------------------------------------------
Offset:              0.688ns (Levels of Logic = 1)
  Source:            ready (FF)
  Destination:       ready (PAD)
  Source Clock:      clk rising

  Data Path: ready to ready
                                Gate     Net
    Cell:in->out      fanout   Delay   Delay  Logical Name (Net Name)
    ----------------------------------------  ------------
     FDCE:C->Q             2   0.280   0.405  ready (ready_OBUF)
     OBUF:I->O                 0.003          ready_OBUF (ready)
    ----------------------------------------
    Total                      0.688ns (0.283ns logic, 0.405ns route)
                                       (41.1% logic, 58.9% route)

=========================================================================

Cross Clock Domains Report:
--------------------------

Clock to Setup on destination clock clk
---------------+---------+---------+---------+---------+
               | Src:Rise| Src:Fall| Src:Rise| Src:Fall|
Source Clock   |Dest:Rise|Dest:Rise|Dest:Fall|Dest:Fall|
---------------+---------+---------+---------+---------+
clk            |    1.317|         |         |         |
---------------+---------+---------+---------+---------+

=========================================================================


Total REAL time to Xst completion: 9.00 secs
Total CPU time to Xst completion: 8.45 secs
 
--> 

Total memory usage is 200156 kilobytes

Number of errors   :    0 (   0 filtered)
Number of warnings :    4 (   0 filtered)
Number of infos    :    2 (   0 filtered)

