--------------------------------------------------------------------------------
Release 13.2 Trace  (nt)
Copyright (c) 1995-2011 Xilinx, Inc.  All rights reserved.

D:\XilinX\13.2\ISE_DS\ISE\bin\nt\unwrapped\trce.exe -intstyle ise -v 3 -s 1L -n
3 -fastpaths -xml IP_watermarking_twofish_preroute.twx
IP_watermarking_twofish_map.ncd -o IP_watermarking_twofish_preroute.twr
IP_watermarking_twofish.pcf -ucf IP_watermarking_twofish.ucf

Design file:              IP_watermarking_twofish_map.ncd
Physical constraint file: IP_watermarking_twofish.pcf
Device,package,speed:     xc6vlx75tl,ff784,C,-1L (PRODUCTION 1.10 2011-06-20)
Report level:             verbose report

Environment Variable      Effect 
--------------------      ------ 
NONE                      No environment variables were set
--------------------------------------------------------------------------------

INFO:Timing:2698 - No timing constraints found, doing default enumeration.
INFO:Timing:2752 - To get complete path coverage, use the unconstrained paths 
   option. All paths that are not constrained will be reported in the 
   unconstrained paths section(s) of the report.
INFO:Timing:3284 - This timing report was generated using estimated delay 
   information.  For accurate numbers, please refer to the post Place and Route 
   timing report.
INFO:Timing:3339 - The clock-to-out numbers in this timing report are based on 
   a 50 Ohm transmission line loading model.  For the details of this model, 
   and for more information on accounting for different loading conditions, 
   please see the device datasheet.



Data Sheet report:
-----------------
All values displayed in nanoseconds (ns)

Setup/Hold to clock clk
------------+------------+------------+------------+------------+------------------+--------+
            |Max Setup to|  Process   |Max Hold to |  Process   |                  | Clock  |
Source      | clk (edge) |   Corner   | clk (edge) |   Corner   |Internal Clock(s) | Phase  |
------------+------------+------------+------------+------------+------------------+--------+
Y<0>        |    5.166(R)|      SLOW  |    1.036(R)|      SLOW  |clk_BUFGP         |   0.000|
Y<1>        |    3.993(R)|      SLOW  |    2.063(R)|      SLOW  |clk_BUFGP         |   0.000|
Y<2>        |    3.412(R)|      SLOW  |    1.901(R)|      FAST  |clk_BUFGP         |   0.000|
Y<3>        |    3.628(R)|      SLOW  |    1.686(R)|      FAST  |clk_BUFGP         |   0.000|
Y<4>        |    3.449(R)|      SLOW  |    2.096(R)|      FAST  |clk_BUFGP         |   0.000|
Y<5>        |    3.638(R)|      SLOW  |    1.826(R)|      SLOW  |clk_BUFGP         |   0.000|
Y<6>        |    3.202(R)|      SLOW  |    1.608(R)|      FAST  |clk_BUFGP         |   0.000|
Y<7>        |    3.312(R)|      SLOW  |    1.418(R)|      FAST  |clk_BUFGP         |   0.000|
Y<8>        |    2.904(R)|      SLOW  |    1.971(R)|      SLOW  |clk_BUFGP         |   0.000|
Y<9>        |    2.955(R)|      SLOW  |    1.924(R)|      SLOW  |clk_BUFGP         |   0.000|
Y<10>       |    2.767(R)|      SLOW  |    1.624(R)|      FAST  |clk_BUFGP         |   0.000|
Y<11>       |    2.893(R)|      SLOW  |    1.433(R)|      FAST  |clk_BUFGP         |   0.000|
Y<12>       |    2.693(R)|      SLOW  |    1.785(R)|      FAST  |clk_BUFGP         |   0.000|
Y<13>       |    3.032(R)|      SLOW  |    1.462(R)|      FAST  |clk_BUFGP         |   0.000|
Y<14>       |    2.561(R)|      SLOW  |    1.423(R)|      FAST  |clk_BUFGP         |   0.000|
Y<15>       |    2.803(R)|      SLOW  |    0.983(R)|      FAST  |clk_BUFGP         |   0.000|
Y<16>       |    0.841(R)|      SLOW  |    1.199(R)|      SLOW  |clk_BUFGP         |   0.000|
Y<17>       |    0.747(R)|      SLOW  |    0.935(R)|      SLOW  |clk_BUFGP         |   0.000|
clk_en      |   -0.673(R)|      SLOW  |    1.422(R)|      SLOW  |clk_BUFGP         |   0.000|
x<0>        |    4.112(R)|      SLOW  |    2.369(R)|      SLOW  |clk_BUFGP         |   0.000|
x<1>        |    3.768(R)|      SLOW  |    2.450(R)|      SLOW  |clk_BUFGP         |   0.000|
x<2>        |    3.857(R)|      SLOW  |    2.014(R)|      FAST  |clk_BUFGP         |   0.000|
x<3>        |    3.883(R)|      SLOW  |    2.010(R)|      FAST  |clk_BUFGP         |   0.000|
x<4>        |    3.706(R)|      SLOW  |    1.966(R)|      SLOW  |clk_BUFGP         |   0.000|
x<5>        |    3.730(R)|      SLOW  |    1.777(R)|      FAST  |clk_BUFGP         |   0.000|
x<6>        |    3.983(R)|      SLOW  |    1.774(R)|      FAST  |clk_BUFGP         |   0.000|
x<7>        |    4.085(R)|      SLOW  |    1.800(R)|      SLOW  |clk_BUFGP         |   0.000|
x<8>        |    4.114(R)|      SLOW  |    1.561(R)|      SLOW  |clk_BUFGP         |   0.000|
x<9>        |    3.422(R)|      SLOW  |    1.694(R)|      FAST  |clk_BUFGP         |   0.000|
x<10>       |    4.101(R)|      SLOW  |    1.543(R)|      FAST  |clk_BUFGP         |   0.000|
x<11>       |    4.140(R)|      SLOW  |    1.602(R)|      FAST  |clk_BUFGP         |   0.000|
x<12>       |    4.162(R)|      SLOW  |    1.340(R)|      SLOW  |clk_BUFGP         |   0.000|
x<13>       |    4.109(R)|      SLOW  |    1.327(R)|      FAST  |clk_BUFGP         |   0.000|
x<14>       |    4.233(R)|      SLOW  |    1.418(R)|      FAST  |clk_BUFGP         |   0.000|
x<15>       |    4.066(R)|      SLOW  |    1.257(R)|      FAST  |clk_BUFGP         |   0.000|
x<16>       |    3.969(R)|      SLOW  |    1.415(R)|      SLOW  |clk_BUFGP         |   0.000|
x<17>       |    3.842(R)|      SLOW  |    1.239(R)|      SLOW  |clk_BUFGP         |   0.000|
------------+------------+------------+------------+------------+------------------+--------+

Clock clk to Pad
---------------------+-----------------+------------+-----------------+------------+------------------+--------+
                     |Max (slowest) clk|  Process   |Min (fastest) clk|  Process   |                  | Clock  |
Destination          |  (edge) to PAD  |   Corner   |  (edge) to PAD  |   Corner   |Internal Clock(s) | Phase  |
---------------------+-----------------+------------+-----------------+------------+------------------+--------+
DONE                 |         9.111(R)|      SLOW  |         7.456(R)|      FAST  |clk_BUFGP         |   0.000|
watermark_output<0>  |        10.008(R)|      SLOW  |         7.852(R)|      FAST  |clk_BUFGP         |   0.000|
watermark_output<1>  |         9.927(R)|      SLOW  |         7.720(R)|      FAST  |clk_BUFGP         |   0.000|
watermark_output<2>  |        10.229(R)|      SLOW  |         8.110(R)|      FAST  |clk_BUFGP         |   0.000|
watermark_output<3>  |         9.958(R)|      SLOW  |         8.175(R)|      FAST  |clk_BUFGP         |   0.000|
watermark_output<4>  |        10.678(R)|      SLOW  |         8.121(R)|      FAST  |clk_BUFGP         |   0.000|
watermark_output<5>  |        10.254(R)|      SLOW  |         8.285(R)|      FAST  |clk_BUFGP         |   0.000|
watermark_output<6>  |        10.384(R)|      SLOW  |         8.399(R)|      FAST  |clk_BUFGP         |   0.000|
watermark_output<7>  |        10.214(R)|      SLOW  |         8.283(R)|      FAST  |clk_BUFGP         |   0.000|
watermark_output<8>  |        10.402(R)|      SLOW  |         8.535(R)|      FAST  |clk_BUFGP         |   0.000|
watermark_output<9>  |         9.997(R)|      SLOW  |         7.813(R)|      FAST  |clk_BUFGP         |   0.000|
watermark_output<10> |         9.790(R)|      SLOW  |         7.883(R)|      FAST  |clk_BUFGP         |   0.000|
watermark_output<11> |        10.164(R)|      SLOW  |         7.916(R)|      FAST  |clk_BUFGP         |   0.000|
watermark_output<12> |        10.081(R)|      SLOW  |         8.390(R)|      FAST  |clk_BUFGP         |   0.000|
watermark_output<13> |        10.475(R)|      SLOW  |         8.462(R)|      FAST  |clk_BUFGP         |   0.000|
watermark_output<14> |        10.227(R)|      SLOW  |         8.408(R)|      FAST  |clk_BUFGP         |   0.000|
watermark_output<15> |        10.491(R)|      SLOW  |         8.505(R)|      FAST  |clk_BUFGP         |   0.000|
watermark_output<16> |        10.433(R)|      SLOW  |         8.441(R)|      FAST  |clk_BUFGP         |   0.000|
watermark_output<17> |        10.674(R)|      SLOW  |         8.497(R)|      FAST  |clk_BUFGP         |   0.000|
watermark_output<18> |        10.546(R)|      SLOW  |         8.547(R)|      FAST  |clk_BUFGP         |   0.000|
watermark_output<19> |        10.955(R)|      SLOW  |         8.645(R)|      FAST  |clk_BUFGP         |   0.000|
watermark_output<20> |        10.721(R)|      SLOW  |         8.752(R)|      FAST  |clk_BUFGP         |   0.000|
watermark_output<21> |        10.428(R)|      SLOW  |         8.548(R)|      FAST  |clk_BUFGP         |   0.000|
watermark_output<22> |        11.066(R)|      SLOW  |         8.677(R)|      FAST  |clk_BUFGP         |   0.000|
watermark_output<23> |        10.729(R)|      SLOW  |         8.691(R)|      FAST  |clk_BUFGP         |   0.000|
watermark_output<24> |        11.213(R)|      SLOW  |         8.853(R)|      FAST  |clk_BUFGP         |   0.000|
watermark_output<25> |        11.018(R)|      SLOW  |         8.806(R)|      FAST  |clk_BUFGP         |   0.000|
watermark_output<26> |        11.304(R)|      SLOW  |         8.856(R)|      FAST  |clk_BUFGP         |   0.000|
watermark_output<27> |        10.923(R)|      SLOW  |         8.857(R)|      FAST  |clk_BUFGP         |   0.000|
watermark_output<28> |        11.360(R)|      SLOW  |         8.916(R)|      FAST  |clk_BUFGP         |   0.000|
watermark_output<29> |        11.034(R)|      SLOW  |         9.284(R)|      FAST  |clk_BUFGP         |   0.000|
watermark_output<30> |        11.193(R)|      SLOW  |         9.002(R)|      FAST  |clk_BUFGP         |   0.000|
watermark_output<31> |        11.383(R)|      SLOW  |         9.068(R)|      FAST  |clk_BUFGP         |   0.000|
watermark_output<32> |        10.931(R)|      SLOW  |         8.942(R)|      FAST  |clk_BUFGP         |   0.000|
watermark_output<33> |        11.315(R)|      SLOW  |         9.049(R)|      FAST  |clk_BUFGP         |   0.000|
watermark_output<34> |        11.067(R)|      SLOW  |         9.082(R)|      FAST  |clk_BUFGP         |   0.000|
watermark_output<35> |        11.523(R)|      SLOW  |         9.147(R)|      FAST  |clk_BUFGP         |   0.000|
watermark_output<36> |        11.189(R)|      SLOW  |         9.095(R)|      FAST  |clk_BUFGP         |   0.000|
watermark_output<37> |        11.732(R)|      SLOW  |         9.269(R)|      FAST  |clk_BUFGP         |   0.000|
watermark_output<38> |        11.187(R)|      SLOW  |         9.221(R)|      FAST  |clk_BUFGP         |   0.000|
watermark_output<39> |        11.646(R)|      SLOW  |         9.319(R)|      FAST  |clk_BUFGP         |   0.000|
watermark_output<40> |        11.561(R)|      SLOW  |         9.238(R)|      FAST  |clk_BUFGP         |   0.000|
watermark_output<41> |        11.368(R)|      SLOW  |         9.191(R)|      FAST  |clk_BUFGP         |   0.000|
watermark_output<42> |        12.188(R)|      SLOW  |         9.240(R)|      FAST  |clk_BUFGP         |   0.000|
watermark_output<43> |        12.042(R)|      SLOW  |         9.399(R)|      FAST  |clk_BUFGP         |   0.000|
watermark_output<44> |        12.234(R)|      SLOW  |         9.431(R)|      FAST  |clk_BUFGP         |   0.000|
watermark_output<45> |        10.340(R)|      SLOW  |         8.210(R)|      FAST  |clk_BUFGP         |   0.000|
watermark_output<46> |        10.371(R)|      SLOW  |         8.189(R)|      FAST  |clk_BUFGP         |   0.000|
watermark_output<47> |        10.284(R)|      SLOW  |         8.289(R)|      FAST  |clk_BUFGP         |   0.000|
watermark_output<48> |        10.330(R)|      SLOW  |         8.357(R)|      FAST  |clk_BUFGP         |   0.000|
watermark_output<49> |        10.299(R)|      SLOW  |         8.028(R)|      FAST  |clk_BUFGP         |   0.000|
watermark_output<50> |        10.114(R)|      SLOW  |         8.379(R)|      FAST  |clk_BUFGP         |   0.000|
watermark_output<51> |        10.519(R)|      SLOW  |         8.583(R)|      FAST  |clk_BUFGP         |   0.000|
watermark_output<52> |        10.290(R)|      SLOW  |         8.199(R)|      FAST  |clk_BUFGP         |   0.000|
watermark_output<53> |        10.463(R)|      SLOW  |         8.395(R)|      FAST  |clk_BUFGP         |   0.000|
watermark_output<54> |        10.433(R)|      SLOW  |         8.649(R)|      FAST  |clk_BUFGP         |   0.000|
watermark_output<55> |        10.668(R)|      SLOW  |         8.755(R)|      FAST  |clk_BUFGP         |   0.000|
watermark_output<56> |        10.699(R)|      SLOW  |         8.960(R)|      FAST  |clk_BUFGP         |   0.000|
watermark_output<57> |        10.811(R)|      SLOW  |         8.795(R)|      FAST  |clk_BUFGP         |   0.000|
watermark_output<58> |        10.621(R)|      SLOW  |         8.835(R)|      FAST  |clk_BUFGP         |   0.000|
watermark_output<59> |        11.089(R)|      SLOW  |         8.942(R)|      FAST  |clk_BUFGP         |   0.000|
watermark_output<60> |        11.597(R)|      SLOW  |         9.219(R)|      FAST  |clk_BUFGP         |   0.000|
watermark_output<61> |        11.024(R)|      SLOW  |         9.065(R)|      FAST  |clk_BUFGP         |   0.000|
watermark_output<62> |        11.290(R)|      SLOW  |         9.117(R)|      FAST  |clk_BUFGP         |   0.000|
watermark_output<63> |        11.002(R)|      SLOW  |         9.028(R)|      FAST  |clk_BUFGP         |   0.000|
watermark_output<64> |        11.791(R)|      SLOW  |         9.063(R)|      FAST  |clk_BUFGP         |   0.000|
watermark_output<65> |        10.944(R)|      SLOW  |         8.466(R)|      FAST  |clk_BUFGP         |   0.000|
watermark_output<66> |        11.304(R)|      SLOW  |         8.477(R)|      FAST  |clk_BUFGP         |   0.000|
watermark_output<67> |        11.763(R)|      SLOW  |         9.266(R)|      FAST  |clk_BUFGP         |   0.000|
watermark_output<68> |        11.196(R)|      SLOW  |         8.527(R)|      FAST  |clk_BUFGP         |   0.000|
watermark_output<69> |        11.306(R)|      SLOW  |         9.389(R)|      FAST  |clk_BUFGP         |   0.000|
watermark_output<70> |        11.679(R)|      SLOW  |         9.312(R)|      FAST  |clk_BUFGP         |   0.000|
watermark_output<71> |        11.214(R)|      SLOW  |         8.556(R)|      FAST  |clk_BUFGP         |   0.000|
watermark_output<72> |        10.391(R)|      SLOW  |         8.487(R)|      FAST  |clk_BUFGP         |   0.000|
watermark_output<73> |        10.545(R)|      SLOW  |         8.730(R)|      FAST  |clk_BUFGP         |   0.000|
watermark_output<74> |        10.630(R)|      SLOW  |         8.664(R)|      FAST  |clk_BUFGP         |   0.000|
watermark_output<75> |        10.798(R)|      SLOW  |         8.943(R)|      FAST  |clk_BUFGP         |   0.000|
watermark_output<76> |        10.456(R)|      SLOW  |         8.739(R)|      FAST  |clk_BUFGP         |   0.000|
watermark_output<77> |        10.712(R)|      SLOW  |         8.824(R)|      FAST  |clk_BUFGP         |   0.000|
watermark_output<78> |        10.452(R)|      SLOW  |         8.668(R)|      FAST  |clk_BUFGP         |   0.000|
watermark_output<79> |        11.683(R)|      SLOW  |         9.791(R)|      FAST  |clk_BUFGP         |   0.000|
watermark_output<80> |        11.863(R)|      SLOW  |        10.031(R)|      FAST  |clk_BUFGP         |   0.000|
watermark_output<81> |        11.139(R)|      SLOW  |         9.357(R)|      FAST  |clk_BUFGP         |   0.000|
watermark_output<82> |        11.480(R)|      SLOW  |         9.598(R)|      FAST  |clk_BUFGP         |   0.000|
watermark_output<83> |        11.252(R)|      SLOW  |         9.389(R)|      FAST  |clk_BUFGP         |   0.000|
watermark_output<84> |        12.046(R)|      SLOW  |        10.095(R)|      FAST  |clk_BUFGP         |   0.000|
watermark_output<85> |         9.672(R)|      SLOW  |         7.902(R)|      FAST  |clk_BUFGP         |   0.000|
watermark_output<86> |        10.048(R)|      SLOW  |         8.157(R)|      FAST  |clk_BUFGP         |   0.000|
watermark_output<87> |         9.818(R)|      SLOW  |         7.808(R)|      FAST  |clk_BUFGP         |   0.000|
watermark_output<88> |        10.592(R)|      SLOW  |         8.192(R)|      FAST  |clk_BUFGP         |   0.000|
watermark_output<89> |         9.965(R)|      SLOW  |         8.127(R)|      FAST  |clk_BUFGP         |   0.000|
watermark_output<90> |        10.020(R)|      SLOW  |         8.109(R)|      FAST  |clk_BUFGP         |   0.000|
watermark_output<91> |        10.126(R)|      SLOW  |         8.332(R)|      FAST  |clk_BUFGP         |   0.000|
watermark_output<92> |        10.467(R)|      SLOW  |         8.702(R)|      FAST  |clk_BUFGP         |   0.000|
watermark_output<93> |        10.393(R)|      SLOW  |         8.355(R)|      FAST  |clk_BUFGP         |   0.000|
watermark_output<94> |        10.560(R)|      SLOW  |         8.643(R)|      FAST  |clk_BUFGP         |   0.000|
watermark_output<95> |        10.781(R)|      SLOW  |         8.580(R)|      FAST  |clk_BUFGP         |   0.000|
watermark_output<96> |         9.852(R)|      SLOW  |         7.991(R)|      FAST  |clk_BUFGP         |   0.000|
watermark_output<97> |        10.354(R)|      SLOW  |         8.115(R)|      FAST  |clk_BUFGP         |   0.000|
watermark_output<98> |         9.973(R)|      SLOW  |         8.154(R)|      FAST  |clk_BUFGP         |   0.000|
watermark_output<99> |        10.434(R)|      SLOW  |         8.230(R)|      FAST  |clk_BUFGP         |   0.000|
watermark_output<100>|        10.661(R)|      SLOW  |         8.749(R)|      FAST  |clk_BUFGP         |   0.000|
watermark_output<101>|        10.273(R)|      SLOW  |         8.307(R)|      FAST  |clk_BUFGP         |   0.000|
watermark_output<102>|        10.631(R)|      SLOW  |         8.359(R)|      FAST  |clk_BUFGP         |   0.000|
watermark_output<103>|        10.318(R)|      SLOW  |         8.259(R)|      FAST  |clk_BUFGP         |   0.000|
watermark_output<104>|        10.619(R)|      SLOW  |         8.411(R)|      FAST  |clk_BUFGP         |   0.000|
watermark_output<105>|        10.954(R)|      SLOW  |         8.941(R)|      FAST  |clk_BUFGP         |   0.000|
watermark_output<106>|        10.976(R)|      SLOW  |         9.083(R)|      FAST  |clk_BUFGP         |   0.000|
watermark_output<107>|        10.613(R)|      SLOW  |         8.445(R)|      FAST  |clk_BUFGP         |   0.000|
watermark_output<108>|        10.818(R)|      SLOW  |         8.803(R)|      FAST  |clk_BUFGP         |   0.000|
watermark_output<109>|        10.959(R)|      SLOW  |         9.006(R)|      FAST  |clk_BUFGP         |   0.000|
watermark_output<110>|        10.806(R)|      SLOW  |         8.645(R)|      FAST  |clk_BUFGP         |   0.000|
watermark_output<111>|        11.085(R)|      SLOW  |         8.828(R)|      FAST  |clk_BUFGP         |   0.000|
watermark_output<112>|        11.223(R)|      SLOW  |         9.159(R)|      FAST  |clk_BUFGP         |   0.000|
watermark_output<113>|        11.076(R)|      SLOW  |         9.068(R)|      FAST  |clk_BUFGP         |   0.000|
watermark_output<114>|        11.248(R)|      SLOW  |         9.237(R)|      FAST  |clk_BUFGP         |   0.000|
watermark_output<115>|        11.266(R)|      SLOW  |         9.193(R)|      FAST  |clk_BUFGP         |   0.000|
watermark_output<116>|        11.299(R)|      SLOW  |         9.250(R)|      FAST  |clk_BUFGP         |   0.000|
watermark_output<117>|        11.221(R)|      SLOW  |         9.036(R)|      FAST  |clk_BUFGP         |   0.000|
watermark_output<118>|        11.434(R)|      SLOW  |         9.453(R)|      FAST  |clk_BUFGP         |   0.000|
watermark_output<119>|        10.862(R)|      SLOW  |         8.846(R)|      FAST  |clk_BUFGP         |   0.000|
watermark_output<120>|        10.563(R)|      SLOW  |         8.767(R)|      FAST  |clk_BUFGP         |   0.000|
watermark_output<121>|        10.880(R)|      SLOW  |         8.804(R)|      FAST  |clk_BUFGP         |   0.000|
watermark_output<122>|        10.548(R)|      SLOW  |         8.817(R)|      FAST  |clk_BUFGP         |   0.000|
watermark_output<123>|        10.950(R)|      SLOW  |         8.918(R)|      FAST  |clk_BUFGP         |   0.000|
watermark_output<124>|        11.647(R)|      SLOW  |         9.118(R)|      FAST  |clk_BUFGP         |   0.000|
watermark_output<125>|        10.675(R)|      SLOW  |         8.237(R)|      FAST  |clk_BUFGP         |   0.000|
watermark_output<126>|        10.685(R)|      SLOW  |         8.269(R)|      FAST  |clk_BUFGP         |   0.000|
watermark_output<127>|        10.661(R)|      SLOW  |         8.337(R)|      FAST  |clk_BUFGP         |   0.000|
---------------------+-----------------+------------+-----------------+------------+------------------+--------+

Clock rst to Pad
--------------+-----------------+------------+-----------------+------------+--------------------------+--------+
              |Max (slowest) clk|  Process   |Min (fastest) clk|  Process   |                          | Clock  |
Destination   |  (edge) to PAD  |   Corner   |  (edge) to PAD  |   Corner   |Internal Clock(s)         | Phase  |
--------------+-----------------+------------+-----------------+------------+--------------------------+--------+
output_dev<0> |        13.010(F)|      SLOW  |        11.067(F)|      FAST  |test_mode_rst_OR_36_o_BUFG|   0.000|
output_dev<1> |        13.013(F)|      SLOW  |        11.070(F)|      FAST  |test_mode_rst_OR_36_o_BUFG|   0.000|
output_dev<2> |        13.030(F)|      SLOW  |        11.085(F)|      FAST  |test_mode_rst_OR_36_o_BUFG|   0.000|
output_dev<3> |        13.026(F)|      SLOW  |        11.081(F)|      FAST  |test_mode_rst_OR_36_o_BUFG|   0.000|
output_dev<4> |        12.964(F)|      SLOW  |        11.028(F)|      FAST  |test_mode_rst_OR_36_o_BUFG|   0.000|
output_dev<5> |        13.032(F)|      SLOW  |        11.086(F)|      FAST  |test_mode_rst_OR_36_o_BUFG|   0.000|
output_dev<6> |        12.953(F)|      SLOW  |        11.019(F)|      FAST  |test_mode_rst_OR_36_o_BUFG|   0.000|
output_dev<7> |        13.037(F)|      SLOW  |        11.091(F)|      FAST  |test_mode_rst_OR_36_o_BUFG|   0.000|
output_dev<8> |        13.015(F)|      SLOW  |        11.072(F)|      FAST  |test_mode_rst_OR_36_o_BUFG|   0.000|
output_dev<9> |        13.018(F)|      SLOW  |        11.074(F)|      FAST  |test_mode_rst_OR_36_o_BUFG|   0.000|
output_dev<10>|        13.028(F)|      SLOW  |        11.083(F)|      FAST  |test_mode_rst_OR_36_o_BUFG|   0.000|
output_dev<11>|        13.026(F)|      SLOW  |        11.082(F)|      FAST  |test_mode_rst_OR_36_o_BUFG|   0.000|
output_dev<12>|        13.031(F)|      SLOW  |        11.085(F)|      FAST  |test_mode_rst_OR_36_o_BUFG|   0.000|
output_dev<13>|        13.018(F)|      SLOW  |        11.074(F)|      FAST  |test_mode_rst_OR_36_o_BUFG|   0.000|
output_dev<14>|        13.028(F)|      SLOW  |        11.083(F)|      FAST  |test_mode_rst_OR_36_o_BUFG|   0.000|
output_dev<15>|        12.971(F)|      SLOW  |        11.034(F)|      FAST  |test_mode_rst_OR_36_o_BUFG|   0.000|
output_dev<16>|        13.011(F)|      SLOW  |        11.069(F)|      FAST  |test_mode_rst_OR_36_o_BUFG|   0.000|
output_dev<17>|        13.054(F)|      SLOW  |        11.105(F)|      FAST  |test_mode_rst_OR_36_o_BUFG|   0.000|
output_dev<18>|        13.011(F)|      SLOW  |        11.069(F)|      FAST  |test_mode_rst_OR_36_o_BUFG|   0.000|
output_dev<19>|        12.991(F)|      SLOW  |        11.052(F)|      FAST  |test_mode_rst_OR_36_o_BUFG|   0.000|
output_dev<20>|        13.028(F)|      SLOW  |        11.083(F)|      FAST  |test_mode_rst_OR_36_o_BUFG|   0.000|
output_dev<21>|        13.039(F)|      SLOW  |        11.093(F)|      FAST  |test_mode_rst_OR_36_o_BUFG|   0.000|
output_dev<22>|        13.003(F)|      SLOW  |        11.062(F)|      FAST  |test_mode_rst_OR_36_o_BUFG|   0.000|
output_dev<23>|        13.043(F)|      SLOW  |        11.095(F)|      FAST  |test_mode_rst_OR_36_o_BUFG|   0.000|
output_dev<24>|        12.991(F)|      SLOW  |        11.051(F)|      FAST  |test_mode_rst_OR_36_o_BUFG|   0.000|
output_dev<25>|        13.037(F)|      SLOW  |        11.091(F)|      FAST  |test_mode_rst_OR_36_o_BUFG|   0.000|
output_dev<26>|        13.051(F)|      SLOW  |        11.103(F)|      FAST  |test_mode_rst_OR_36_o_BUFG|   0.000|
output_dev<27>|        13.059(F)|      SLOW  |        11.109(F)|      FAST  |test_mode_rst_OR_36_o_BUFG|   0.000|
output_dev<28>|        13.030(F)|      SLOW  |        11.085(F)|      FAST  |test_mode_rst_OR_36_o_BUFG|   0.000|
output_dev<29>|        13.033(F)|      SLOW  |        11.087(F)|      FAST  |test_mode_rst_OR_36_o_BUFG|   0.000|
output_dev<30>|        13.036(F)|      SLOW  |        11.090(F)|      FAST  |test_mode_rst_OR_36_o_BUFG|   0.000|
output_dev<31>|        13.024(F)|      SLOW  |        11.080(F)|      FAST  |test_mode_rst_OR_36_o_BUFG|   0.000|
output_dev<32>|        13.056(F)|      SLOW  |        11.107(F)|      FAST  |test_mode_rst_OR_36_o_BUFG|   0.000|
output_dev<33>|        13.045(F)|      SLOW  |        11.098(F)|      FAST  |test_mode_rst_OR_36_o_BUFG|   0.000|
output_dev<34>|        13.065(F)|      SLOW  |        11.115(F)|      FAST  |test_mode_rst_OR_36_o_BUFG|   0.000|
output_dev<35>|        13.055(F)|      SLOW  |        11.106(F)|      FAST  |test_mode_rst_OR_36_o_BUFG|   0.000|
--------------+-----------------+------------+-----------------+------------+--------------------------+--------+

Clock test_mode to Pad
--------------+-----------------+------------+-----------------+------------+--------------------------+--------+
              |Max (slowest) clk|  Process   |Min (fastest) clk|  Process   |                          | Clock  |
Destination   |  (edge) to PAD  |   Corner   |  (edge) to PAD  |   Corner   |Internal Clock(s)         | Phase  |
--------------+-----------------+------------+-----------------+------------+--------------------------+--------+
output_dev<0> |        12.563(F)|      SLOW  |        10.618(F)|      FAST  |test_mode_rst_OR_36_o_BUFG|   0.000|
output_dev<1> |        12.566(F)|      SLOW  |        10.621(F)|      FAST  |test_mode_rst_OR_36_o_BUFG|   0.000|
output_dev<2> |        12.583(F)|      SLOW  |        10.636(F)|      FAST  |test_mode_rst_OR_36_o_BUFG|   0.000|
output_dev<3> |        12.579(F)|      SLOW  |        10.632(F)|      FAST  |test_mode_rst_OR_36_o_BUFG|   0.000|
output_dev<4> |        12.517(F)|      SLOW  |        10.579(F)|      FAST  |test_mode_rst_OR_36_o_BUFG|   0.000|
output_dev<5> |        12.585(F)|      SLOW  |        10.637(F)|      FAST  |test_mode_rst_OR_36_o_BUFG|   0.000|
output_dev<6> |        12.506(F)|      SLOW  |        10.570(F)|      FAST  |test_mode_rst_OR_36_o_BUFG|   0.000|
output_dev<7> |        12.590(F)|      SLOW  |        10.642(F)|      FAST  |test_mode_rst_OR_36_o_BUFG|   0.000|
output_dev<8> |        12.568(F)|      SLOW  |        10.623(F)|      FAST  |test_mode_rst_OR_36_o_BUFG|   0.000|
output_dev<9> |        12.571(F)|      SLOW  |        10.625(F)|      FAST  |test_mode_rst_OR_36_o_BUFG|   0.000|
output_dev<10>|        12.581(F)|      SLOW  |        10.634(F)|      FAST  |test_mode_rst_OR_36_o_BUFG|   0.000|
output_dev<11>|        12.579(F)|      SLOW  |        10.633(F)|      FAST  |test_mode_rst_OR_36_o_BUFG|   0.000|
output_dev<12>|        12.584(F)|      SLOW  |        10.636(F)|      FAST  |test_mode_rst_OR_36_o_BUFG|   0.000|
output_dev<13>|        12.571(F)|      SLOW  |        10.625(F)|      FAST  |test_mode_rst_OR_36_o_BUFG|   0.000|
output_dev<14>|        12.581(F)|      SLOW  |        10.634(F)|      FAST  |test_mode_rst_OR_36_o_BUFG|   0.000|
output_dev<15>|        12.524(F)|      SLOW  |        10.585(F)|      FAST  |test_mode_rst_OR_36_o_BUFG|   0.000|
output_dev<16>|        12.564(F)|      SLOW  |        10.620(F)|      FAST  |test_mode_rst_OR_36_o_BUFG|   0.000|
output_dev<17>|        12.607(F)|      SLOW  |        10.656(F)|      FAST  |test_mode_rst_OR_36_o_BUFG|   0.000|
output_dev<18>|        12.564(F)|      SLOW  |        10.620(F)|      FAST  |test_mode_rst_OR_36_o_BUFG|   0.000|
output_dev<19>|        12.544(F)|      SLOW  |        10.603(F)|      FAST  |test_mode_rst_OR_36_o_BUFG|   0.000|
output_dev<20>|        12.581(F)|      SLOW  |        10.634(F)|      FAST  |test_mode_rst_OR_36_o_BUFG|   0.000|
output_dev<21>|        12.592(F)|      SLOW  |        10.644(F)|      FAST  |test_mode_rst_OR_36_o_BUFG|   0.000|
output_dev<22>|        12.556(F)|      SLOW  |        10.613(F)|      FAST  |test_mode_rst_OR_36_o_BUFG|   0.000|
output_dev<23>|        12.596(F)|      SLOW  |        10.646(F)|      FAST  |test_mode_rst_OR_36_o_BUFG|   0.000|
output_dev<24>|        12.544(F)|      SLOW  |        10.602(F)|      FAST  |test_mode_rst_OR_36_o_BUFG|   0.000|
output_dev<25>|        12.590(F)|      SLOW  |        10.642(F)|      FAST  |test_mode_rst_OR_36_o_BUFG|   0.000|
output_dev<26>|        12.604(F)|      SLOW  |        10.654(F)|      FAST  |test_mode_rst_OR_36_o_BUFG|   0.000|
output_dev<27>|        12.612(F)|      SLOW  |        10.660(F)|      FAST  |test_mode_rst_OR_36_o_BUFG|   0.000|
output_dev<28>|        12.583(F)|      SLOW  |        10.636(F)|      FAST  |test_mode_rst_OR_36_o_BUFG|   0.000|
output_dev<29>|        12.586(F)|      SLOW  |        10.638(F)|      FAST  |test_mode_rst_OR_36_o_BUFG|   0.000|
output_dev<30>|        12.589(F)|      SLOW  |        10.641(F)|      FAST  |test_mode_rst_OR_36_o_BUFG|   0.000|
output_dev<31>|        12.577(F)|      SLOW  |        10.631(F)|      FAST  |test_mode_rst_OR_36_o_BUFG|   0.000|
output_dev<32>|        12.609(F)|      SLOW  |        10.658(F)|      FAST  |test_mode_rst_OR_36_o_BUFG|   0.000|
output_dev<33>|        12.598(F)|      SLOW  |        10.649(F)|      FAST  |test_mode_rst_OR_36_o_BUFG|   0.000|
output_dev<34>|        12.618(F)|      SLOW  |        10.666(F)|      FAST  |test_mode_rst_OR_36_o_BUFG|   0.000|
output_dev<35>|        12.608(F)|      SLOW  |        10.657(F)|      FAST  |test_mode_rst_OR_36_o_BUFG|   0.000|
--------------+-----------------+------------+-----------------+------------+--------------------------+--------+

Clock to Setup on destination clock clk
---------------+---------+---------+---------+---------+
               | Src:Rise| Src:Fall| Src:Rise| Src:Fall|
Source Clock   |Dest:Rise|Dest:Rise|Dest:Fall|Dest:Fall|
---------------+---------+---------+---------+---------+
clk            |   14.401|         |         |         |
rst            |    3.341|    3.341|         |         |
test_mode      |    2.894|    2.894|         |         |
---------------+---------+---------+---------+---------+

Clock to Setup on destination clock rst
---------------+---------+---------+---------+---------+
               | Src:Rise| Src:Fall| Src:Rise| Src:Fall|
Source Clock   |Dest:Rise|Dest:Rise|Dest:Fall|Dest:Fall|
---------------+---------+---------+---------+---------+
clk            |         |         |    1.711|         |
rst            |         |         |    0.344|    0.344|
test_mode      |         |         |   -3.813|   -3.813|
---------------+---------+---------+---------+---------+

Clock to Setup on destination clock test_mode
---------------+---------+---------+---------+---------+
               | Src:Rise| Src:Fall| Src:Rise| Src:Fall|
Source Clock   |Dest:Rise|Dest:Rise|Dest:Fall|Dest:Fall|
---------------+---------+---------+---------+---------+
clk            |         |         |    0.183|         |
test_mode      |         |         |   -3.364|   -3.364|
---------------+---------+---------+---------+---------+


Analysis completed Thu May 02 23:57:33 2013 
--------------------------------------------------------------------------------

Trace Settings:
-------------------------
Trace Settings 

Peak Memory Usage: 306 MB



