--------------------------------------------------------------------------------
Release 13.2 Trace  (nt)
Copyright (c) 1995-2011 Xilinx, Inc.  All rights reserved.

D:\XilinX\13.2\ISE_DS\ISE\bin\nt\unwrapped\trce.exe -intstyle ise -v 3 -s 1L -n
3 -fastpaths -xml IP_watermarking_twofish.twx IP_watermarking_twofish.ncd -o
IP_watermarking_twofish.twr IP_watermarking_twofish.pcf -ucf
IP_watermarking_twofish.ucf

Design file:              IP_watermarking_twofish.ncd
Physical constraint file: IP_watermarking_twofish.pcf
Device,package,speed:     xc6vlx75tl,ff784,C,-1L (PRODUCTION 1.10 2011-06-20)
Report level:             verbose report

Environment Variable      Effect 
--------------------      ------ 
NONE                      No environment variables were set
--------------------------------------------------------------------------------

INFO:Timing:2698 - No timing constraints found, doing default enumeration.
INFO:Timing:2752 - To get complete path coverage, use the unconstrained paths 
   option. All paths that are not constrained will be reported in the 
   unconstrained paths section(s) of the report.
INFO:Timing:3339 - The clock-to-out numbers in this timing report are based on 
   a 50 Ohm transmission line loading model.  For the details of this model, 
   and for more information on accounting for different loading conditions, 
   please see the device datasheet.



Data Sheet report:
-----------------
All values displayed in nanoseconds (ns)

Setup/Hold to clock clk
------------+------------+------------+------------+------------+------------------+--------+
            |Max Setup to|  Process   |Max Hold to |  Process   |                  | Clock  |
Source      | clk (edge) |   Corner   | clk (edge) |   Corner   |Internal Clock(s) | Phase  |
------------+------------+------------+------------+------------+------------------+--------+
Y<0>        |    8.302(R)|      SLOW  |   -0.146(R)|      SLOW  |clk_BUFGP         |   0.000|
Y<1>        |    7.088(R)|      SLOW  |    0.840(R)|      SLOW  |clk_BUFGP         |   0.000|
Y<2>        |    6.725(R)|      SLOW  |    0.271(R)|      SLOW  |clk_BUFGP         |   0.000|
Y<3>        |    7.065(R)|      SLOW  |   -0.173(R)|      SLOW  |clk_BUFGP         |   0.000|
Y<4>        |    6.589(R)|      SLOW  |    0.380(R)|      SLOW  |clk_BUFGP         |   0.000|
Y<5>        |    6.592(R)|      SLOW  |   -0.002(R)|      SLOW  |clk_BUFGP         |   0.000|
Y<6>        |    6.922(R)|      SLOW  |   -0.460(R)|      FAST  |clk_BUFGP         |   0.000|
Y<7>        |    6.725(R)|      SLOW  |   -0.305(R)|      FAST  |clk_BUFGP         |   0.000|
Y<8>        |    6.367(R)|      SLOW  |    0.327(R)|      SLOW  |clk_BUFGP         |   0.000|
Y<9>        |    5.664(R)|      SLOW  |    0.471(R)|      SLOW  |clk_BUFGP         |   0.000|
Y<10>       |    6.432(R)|      SLOW  |   -0.442(R)|      FAST  |clk_BUFGP         |   0.000|
Y<11>       |    6.238(R)|      SLOW  |   -0.301(R)|      FAST  |clk_BUFGP         |   0.000|
Y<12>       |    5.890(R)|      SLOW  |   -0.135(R)|      SLOW  |clk_BUFGP         |   0.000|
Y<13>       |    6.025(R)|      SLOW  |   -0.388(R)|      FAST  |clk_BUFGP         |   0.000|
Y<14>       |    5.999(R)|      SLOW  |   -0.345(R)|      FAST  |clk_BUFGP         |   0.000|
Y<15>       |    6.463(R)|      SLOW  |   -0.771(R)|      FAST  |clk_BUFGP         |   0.000|
Y<16>       |    2.858(R)|      SLOW  |   -0.228(R)|      SLOW  |clk_BUFGP         |   0.000|
Y<17>       |    2.806(R)|      SLOW  |   -0.246(R)|      SLOW  |clk_BUFGP         |   0.000|
clk_en      |    1.448(R)|      SLOW  |    0.383(R)|      SLOW  |clk_BUFGP         |   0.000|
x<0>        |    7.107(R)|      SLOW  |    1.053(R)|      SLOW  |clk_BUFGP         |   0.000|
x<1>        |    6.685(R)|      SLOW  |    1.045(R)|      SLOW  |clk_BUFGP         |   0.000|
x<2>        |    6.875(R)|      SLOW  |    0.651(R)|      SLOW  |clk_BUFGP         |   0.000|
x<3>        |    7.034(R)|      SLOW  |    0.277(R)|      SLOW  |clk_BUFGP         |   0.000|
x<4>        |    6.566(R)|      SLOW  |    0.416(R)|      SLOW  |clk_BUFGP         |   0.000|
x<5>        |    6.678(R)|      SLOW  |    0.114(R)|      SLOW  |clk_BUFGP         |   0.000|
x<6>        |    7.045(R)|      SLOW  |    0.273(R)|      SLOW  |clk_BUFGP         |   0.000|
x<7>        |    6.899(R)|      SLOW  |   -0.051(R)|      SLOW  |clk_BUFGP         |   0.000|
x<8>        |    7.214(R)|      SLOW  |   -0.111(R)|      SLOW  |clk_BUFGP         |   0.000|
x<9>        |    6.310(R)|      SLOW  |    0.534(R)|      SLOW  |clk_BUFGP         |   0.000|
x<10>       |    6.897(R)|      SLOW  |    0.114(R)|      SLOW  |clk_BUFGP         |   0.000|
x<11>       |    7.136(R)|      SLOW  |    0.057(R)|      SLOW  |clk_BUFGP         |   0.000|
x<12>       |    7.240(R)|      SLOW  |    0.247(R)|      SLOW  |clk_BUFGP         |   0.000|
x<13>       |    6.864(R)|      SLOW  |   -0.141(R)|      SLOW  |clk_BUFGP         |   0.000|
x<14>       |    6.946(R)|      SLOW  |    0.124(R)|      SLOW  |clk_BUFGP         |   0.000|
x<15>       |    7.112(R)|      SLOW  |   -0.214(R)|      SLOW  |clk_BUFGP         |   0.000|
x<16>       |    7.347(R)|      SLOW  |   -0.192(R)|      SLOW  |clk_BUFGP         |   0.000|
x<17>       |    6.828(R)|      SLOW  |   -0.303(R)|      SLOW  |clk_BUFGP         |   0.000|
------------+------------+------------+------------+------------+------------------+--------+

Clock clk to Pad
---------------------+-----------------+------------+-----------------+------------+------------------+--------+
                     |Max (slowest) clk|  Process   |Min (fastest) clk|  Process   |                  | Clock  |
Destination          |  (edge) to PAD  |   Corner   |  (edge) to PAD  |   Corner   |Internal Clock(s) | Phase  |
---------------------+-----------------+------------+-----------------+------------+------------------+--------+
DONE                 |         7.628(R)|      SLOW  |         3.476(R)|      FAST  |clk_BUFGP         |   0.000|
watermark_output<0>  |         8.924(R)|      SLOW  |         3.727(R)|      FAST  |clk_BUFGP         |   0.000|
watermark_output<1>  |         9.191(R)|      SLOW  |         3.558(R)|      FAST  |clk_BUFGP         |   0.000|
watermark_output<2>  |         9.204(R)|      SLOW  |         3.723(R)|      FAST  |clk_BUFGP         |   0.000|
watermark_output<3>  |         9.082(R)|      SLOW  |         3.793(R)|      FAST  |clk_BUFGP         |   0.000|
watermark_output<4>  |         9.082(R)|      SLOW  |         3.991(R)|      FAST  |clk_BUFGP         |   0.000|
watermark_output<5>  |         9.142(R)|      SLOW  |         3.855(R)|      FAST  |clk_BUFGP         |   0.000|
watermark_output<6>  |         9.348(R)|      SLOW  |         4.109(R)|      FAST  |clk_BUFGP         |   0.000|
watermark_output<7>  |         9.207(R)|      SLOW  |         4.006(R)|      FAST  |clk_BUFGP         |   0.000|
watermark_output<8>  |         9.633(R)|      SLOW  |         4.177(R)|      FAST  |clk_BUFGP         |   0.000|
watermark_output<9>  |         8.720(R)|      SLOW  |         3.911(R)|      FAST  |clk_BUFGP         |   0.000|
watermark_output<10> |         8.837(R)|      SLOW  |         3.733(R)|      FAST  |clk_BUFGP         |   0.000|
watermark_output<11> |         9.602(R)|      SLOW  |         3.782(R)|      FAST  |clk_BUFGP         |   0.000|
watermark_output<12> |         9.169(R)|      SLOW  |         4.073(R)|      FAST  |clk_BUFGP         |   0.000|
watermark_output<13> |         9.286(R)|      SLOW  |         4.134(R)|      FAST  |clk_BUFGP         |   0.000|
watermark_output<14> |         9.222(R)|      SLOW  |         4.087(R)|      FAST  |clk_BUFGP         |   0.000|
watermark_output<15> |         9.413(R)|      SLOW  |         4.192(R)|      FAST  |clk_BUFGP         |   0.000|
watermark_output<16> |         9.421(R)|      SLOW  |         4.119(R)|      FAST  |clk_BUFGP         |   0.000|
watermark_output<17> |         9.697(R)|      SLOW  |         4.210(R)|      FAST  |clk_BUFGP         |   0.000|
watermark_output<18> |         9.361(R)|      SLOW  |         4.131(R)|      FAST  |clk_BUFGP         |   0.000|
watermark_output<19> |         9.975(R)|      SLOW  |         4.289(R)|      FAST  |clk_BUFGP         |   0.000|
watermark_output<20> |         9.791(R)|      SLOW  |         4.398(R)|      FAST  |clk_BUFGP         |   0.000|
watermark_output<21> |         9.286(R)|      SLOW  |         4.149(R)|      FAST  |clk_BUFGP         |   0.000|
watermark_output<22> |         9.643(R)|      SLOW  |         4.168(R)|      FAST  |clk_BUFGP         |   0.000|
watermark_output<23> |         9.695(R)|      SLOW  |         4.256(R)|      FAST  |clk_BUFGP         |   0.000|
watermark_output<24> |         9.905(R)|      SLOW  |         4.315(R)|      FAST  |clk_BUFGP         |   0.000|
watermark_output<25> |         9.721(R)|      SLOW  |         4.298(R)|      FAST  |clk_BUFGP         |   0.000|
watermark_output<26> |        10.002(R)|      SLOW  |         4.370(R)|      FAST  |clk_BUFGP         |   0.000|
watermark_output<27> |        10.065(R)|      SLOW  |         4.182(R)|      FAST  |clk_BUFGP         |   0.000|
watermark_output<28> |        10.233(R)|      SLOW  |         4.251(R)|      FAST  |clk_BUFGP         |   0.000|
watermark_output<29> |        10.421(R)|      SLOW  |         4.613(R)|      FAST  |clk_BUFGP         |   0.000|
watermark_output<30> |        10.222(R)|      SLOW  |         4.240(R)|      FAST  |clk_BUFGP         |   0.000|
watermark_output<31> |        10.176(R)|      SLOW  |         4.340(R)|      FAST  |clk_BUFGP         |   0.000|
watermark_output<32> |         9.947(R)|      SLOW  |         4.318(R)|      FAST  |clk_BUFGP         |   0.000|
watermark_output<33> |         9.919(R)|      SLOW  |         4.373(R)|      FAST  |clk_BUFGP         |   0.000|
watermark_output<34> |        10.101(R)|      SLOW  |         4.308(R)|      FAST  |clk_BUFGP         |   0.000|
watermark_output<35> |        10.731(R)|      SLOW  |         4.443(R)|      FAST  |clk_BUFGP         |   0.000|
watermark_output<36> |        10.415(R)|      SLOW  |         4.323(R)|      FAST  |clk_BUFGP         |   0.000|
watermark_output<37> |        10.725(R)|      SLOW  |         4.454(R)|      FAST  |clk_BUFGP         |   0.000|
watermark_output<38> |        10.154(R)|      SLOW  |         4.433(R)|      FAST  |clk_BUFGP         |   0.000|
watermark_output<39> |        10.642(R)|      SLOW  |         4.559(R)|      FAST  |clk_BUFGP         |   0.000|
watermark_output<40> |        11.006(R)|      SLOW  |         4.671(R)|      FAST  |clk_BUFGP         |   0.000|
watermark_output<41> |        10.845(R)|      SLOW  |         4.574(R)|      FAST  |clk_BUFGP         |   0.000|
watermark_output<42> |        10.920(R)|      SLOW  |         4.596(R)|      FAST  |clk_BUFGP         |   0.000|
watermark_output<43> |        11.324(R)|      SLOW  |         4.524(R)|      FAST  |clk_BUFGP         |   0.000|
watermark_output<44> |        11.277(R)|      SLOW  |         4.669(R)|      FAST  |clk_BUFGP         |   0.000|
watermark_output<45> |         8.887(R)|      SLOW  |         3.855(R)|      FAST  |clk_BUFGP         |   0.000|
watermark_output<46> |         8.990(R)|      SLOW  |         3.876(R)|      FAST  |clk_BUFGP         |   0.000|
watermark_output<47> |         9.407(R)|      SLOW  |         3.903(R)|      FAST  |clk_BUFGP         |   0.000|
watermark_output<48> |         9.509(R)|      SLOW  |         3.848(R)|      FAST  |clk_BUFGP         |   0.000|
watermark_output<49> |         9.204(R)|      SLOW  |         3.868(R)|      FAST  |clk_BUFGP         |   0.000|
watermark_output<50> |         9.366(R)|      SLOW  |         4.013(R)|      FAST  |clk_BUFGP         |   0.000|
watermark_output<51> |         9.623(R)|      SLOW  |         4.146(R)|      FAST  |clk_BUFGP         |   0.000|
watermark_output<52> |         9.155(R)|      SLOW  |         3.983(R)|      FAST  |clk_BUFGP         |   0.000|
watermark_output<53> |         9.271(R)|      SLOW  |         4.019(R)|      FAST  |clk_BUFGP         |   0.000|
watermark_output<54> |         9.415(R)|      SLOW  |         4.153(R)|      FAST  |clk_BUFGP         |   0.000|
watermark_output<55> |         9.921(R)|      SLOW  |         4.384(R)|      FAST  |clk_BUFGP         |   0.000|
watermark_output<56> |         9.517(R)|      SLOW  |         4.263(R)|      FAST  |clk_BUFGP         |   0.000|
watermark_output<57> |         9.667(R)|      SLOW  |         4.609(R)|      FAST  |clk_BUFGP         |   0.000|
watermark_output<58> |         9.674(R)|      SLOW  |         4.290(R)|      FAST  |clk_BUFGP         |   0.000|
watermark_output<59> |         9.973(R)|      SLOW  |         4.777(R)|      FAST  |clk_BUFGP         |   0.000|
watermark_output<60> |        10.338(R)|      SLOW  |         4.466(R)|      FAST  |clk_BUFGP         |   0.000|
watermark_output<61> |         9.893(R)|      SLOW  |         4.506(R)|      FAST  |clk_BUFGP         |   0.000|
watermark_output<62> |         9.964(R)|      SLOW  |         4.523(R)|      FAST  |clk_BUFGP         |   0.000|
watermark_output<63> |        10.600(R)|      SLOW  |         4.752(R)|      FAST  |clk_BUFGP         |   0.000|
watermark_output<64> |        11.038(R)|      SLOW  |         4.788(R)|      FAST  |clk_BUFGP         |   0.000|
watermark_output<65> |         9.806(R)|      SLOW  |         4.139(R)|      FAST  |clk_BUFGP         |   0.000|
watermark_output<66> |        10.013(R)|      SLOW  |         4.162(R)|      FAST  |clk_BUFGP         |   0.000|
watermark_output<67> |        10.794(R)|      SLOW  |         4.660(R)|      FAST  |clk_BUFGP         |   0.000|
watermark_output<68> |        10.189(R)|      SLOW  |         4.332(R)|      FAST  |clk_BUFGP         |   0.000|
watermark_output<69> |        10.453(R)|      SLOW  |         4.772(R)|      FAST  |clk_BUFGP         |   0.000|
watermark_output<70> |        10.618(R)|      SLOW  |         4.610(R)|      FAST  |clk_BUFGP         |   0.000|
watermark_output<71> |        10.001(R)|      SLOW  |         4.334(R)|      FAST  |clk_BUFGP         |   0.000|
watermark_output<72> |         9.880(R)|      SLOW  |         4.556(R)|      FAST  |clk_BUFGP         |   0.000|
watermark_output<73> |         9.711(R)|      SLOW  |         4.148(R)|      FAST  |clk_BUFGP         |   0.000|
watermark_output<74> |        10.287(R)|      SLOW  |         4.869(R)|      FAST  |clk_BUFGP         |   0.000|
watermark_output<75> |        10.159(R)|      SLOW  |         4.540(R)|      FAST  |clk_BUFGP         |   0.000|
watermark_output<76> |         9.446(R)|      SLOW  |         4.139(R)|      FAST  |clk_BUFGP         |   0.000|
watermark_output<77> |         9.626(R)|      SLOW  |         4.303(R)|      FAST  |clk_BUFGP         |   0.000|
watermark_output<78> |         9.342(R)|      SLOW  |         4.106(R)|      FAST  |clk_BUFGP         |   0.000|
watermark_output<79> |        10.793(R)|      SLOW  |         5.248(R)|      FAST  |clk_BUFGP         |   0.000|
watermark_output<80> |        11.323(R)|      SLOW  |         5.504(R)|      FAST  |clk_BUFGP         |   0.000|
watermark_output<81> |        10.297(R)|      SLOW  |         4.902(R)|      FAST  |clk_BUFGP         |   0.000|
watermark_output<82> |        10.584(R)|      SLOW  |         5.048(R)|      FAST  |clk_BUFGP         |   0.000|
watermark_output<83> |        10.731(R)|      SLOW  |         5.078(R)|      FAST  |clk_BUFGP         |   0.000|
watermark_output<84> |        10.788(R)|      SLOW  |         5.159(R)|      FAST  |clk_BUFGP         |   0.000|
watermark_output<85> |         8.766(R)|      SLOW  |         3.772(R)|      FAST  |clk_BUFGP         |   0.000|
watermark_output<86> |         9.022(R)|      SLOW  |         4.029(R)|      FAST  |clk_BUFGP         |   0.000|
watermark_output<87> |         8.789(R)|      SLOW  |         3.730(R)|      FAST  |clk_BUFGP         |   0.000|
watermark_output<88> |         9.246(R)|      SLOW  |         4.039(R)|      FAST  |clk_BUFGP         |   0.000|
watermark_output<89> |         9.215(R)|      SLOW  |         3.827(R)|      FAST  |clk_BUFGP         |   0.000|
watermark_output<90> |         8.841(R)|      SLOW  |         3.852(R)|      FAST  |clk_BUFGP         |   0.000|
watermark_output<91> |         8.935(R)|      SLOW  |         3.813(R)|      FAST  |clk_BUFGP         |   0.000|
watermark_output<92> |         9.781(R)|      SLOW  |         4.309(R)|      FAST  |clk_BUFGP         |   0.000|
watermark_output<93> |         9.297(R)|      SLOW  |         4.058(R)|      FAST  |clk_BUFGP         |   0.000|
watermark_output<94> |         9.393(R)|      SLOW  |         4.274(R)|      FAST  |clk_BUFGP         |   0.000|
watermark_output<95> |         9.362(R)|      SLOW  |         4.240(R)|      FAST  |clk_BUFGP         |   0.000|
watermark_output<96> |         8.857(R)|      SLOW  |         3.913(R)|      FAST  |clk_BUFGP         |   0.000|
watermark_output<97> |         9.099(R)|      SLOW  |         3.940(R)|      FAST  |clk_BUFGP         |   0.000|
watermark_output<98> |         8.733(R)|      SLOW  |         3.884(R)|      FAST  |clk_BUFGP         |   0.000|
watermark_output<99> |         9.259(R)|      SLOW  |         3.944(R)|      FAST  |clk_BUFGP         |   0.000|
watermark_output<100>|         9.326(R)|      SLOW  |         4.162(R)|      FAST  |clk_BUFGP         |   0.000|
watermark_output<101>|         9.307(R)|      SLOW  |         3.973(R)|      FAST  |clk_BUFGP         |   0.000|
watermark_output<102>|         9.468(R)|      SLOW  |         3.958(R)|      FAST  |clk_BUFGP         |   0.000|
watermark_output<103>|         9.097(R)|      SLOW  |         4.005(R)|      FAST  |clk_BUFGP         |   0.000|
watermark_output<104>|         9.384(R)|      SLOW  |         4.104(R)|      FAST  |clk_BUFGP         |   0.000|
watermark_output<105>|        10.107(R)|      SLOW  |         4.690(R)|      FAST  |clk_BUFGP         |   0.000|
watermark_output<106>|         9.701(R)|      SLOW  |         4.279(R)|      FAST  |clk_BUFGP         |   0.000|
watermark_output<107>|         9.722(R)|      SLOW  |         4.349(R)|      FAST  |clk_BUFGP         |   0.000|
watermark_output<108>|        10.023(R)|      SLOW  |         4.288(R)|      FAST  |clk_BUFGP         |   0.000|
watermark_output<109>|        10.168(R)|      SLOW  |         4.262(R)|      FAST  |clk_BUFGP         |   0.000|
watermark_output<110>|         9.621(R)|      SLOW  |         4.148(R)|      FAST  |clk_BUFGP         |   0.000|
watermark_output<111>|        10.530(R)|      SLOW  |         4.564(R)|      FAST  |clk_BUFGP         |   0.000|
watermark_output<112>|        10.660(R)|      SLOW  |         4.680(R)|      FAST  |clk_BUFGP         |   0.000|
watermark_output<113>|        10.684(R)|      SLOW  |         4.708(R)|      FAST  |clk_BUFGP         |   0.000|
watermark_output<114>|        10.899(R)|      SLOW  |         4.658(R)|      FAST  |clk_BUFGP         |   0.000|
watermark_output<115>|        10.614(R)|      SLOW  |         4.774(R)|      FAST  |clk_BUFGP         |   0.000|
watermark_output<116>|        10.390(R)|      SLOW  |         4.568(R)|      FAST  |clk_BUFGP         |   0.000|
watermark_output<117>|        10.654(R)|      SLOW  |         4.722(R)|      FAST  |clk_BUFGP         |   0.000|
watermark_output<118>|        10.914(R)|      SLOW  |         4.901(R)|      FAST  |clk_BUFGP         |   0.000|
watermark_output<119>|         9.835(R)|      SLOW  |         4.255(R)|      FAST  |clk_BUFGP         |   0.000|
watermark_output<120>|         9.915(R)|      SLOW  |         4.192(R)|      FAST  |clk_BUFGP         |   0.000|
watermark_output<121>|         9.596(R)|      SLOW  |         4.226(R)|      FAST  |clk_BUFGP         |   0.000|
watermark_output<122>|         9.720(R)|      SLOW  |         4.252(R)|      FAST  |clk_BUFGP         |   0.000|
watermark_output<123>|         9.956(R)|      SLOW  |         4.426(R)|      FAST  |clk_BUFGP         |   0.000|
watermark_output<124>|        10.899(R)|      SLOW  |         4.390(R)|      FAST  |clk_BUFGP         |   0.000|
watermark_output<125>|         9.866(R)|      SLOW  |         3.924(R)|      FAST  |clk_BUFGP         |   0.000|
watermark_output<126>|         9.879(R)|      SLOW  |         3.892(R)|      FAST  |clk_BUFGP         |   0.000|
watermark_output<127>|         9.855(R)|      SLOW  |         3.914(R)|      FAST  |clk_BUFGP         |   0.000|
---------------------+-----------------+------------+-----------------+------------+------------------+--------+

Clock rst to Pad
--------------+-----------------+------------+-----------------+------------+--------------------------+--------+
              |Max (slowest) clk|  Process   |Min (fastest) clk|  Process   |                          | Clock  |
Destination   |  (edge) to PAD  |   Corner   |  (edge) to PAD  |   Corner   |Internal Clock(s)         | Phase  |
--------------+-----------------+------------+-----------------+------------+--------------------------+--------+
output_dev<0> |        11.434(F)|      SLOW  |         5.816(F)|      FAST  |test_mode_rst_OR_36_o_BUFG|   0.000|
output_dev<1> |        11.437(F)|      SLOW  |         5.819(F)|      FAST  |test_mode_rst_OR_36_o_BUFG|   0.000|
output_dev<2> |        11.452(F)|      SLOW  |         5.833(F)|      FAST  |test_mode_rst_OR_36_o_BUFG|   0.000|
output_dev<3> |        11.448(F)|      SLOW  |         5.829(F)|      FAST  |test_mode_rst_OR_36_o_BUFG|   0.000|
output_dev<4> |        11.360(F)|      SLOW  |         5.755(F)|      FAST  |test_mode_rst_OR_36_o_BUFG|   0.000|
output_dev<5> |        11.453(F)|      SLOW  |         5.832(F)|      FAST  |test_mode_rst_OR_36_o_BUFG|   0.000|
output_dev<6> |        11.349(F)|      SLOW  |         5.746(F)|      FAST  |test_mode_rst_OR_36_o_BUFG|   0.000|
output_dev<7> |        11.458(F)|      SLOW  |         5.837(F)|      FAST  |test_mode_rst_OR_36_o_BUFG|   0.000|
output_dev<8> |        11.433(F)|      SLOW  |         5.817(F)|      FAST  |test_mode_rst_OR_36_o_BUFG|   0.000|
output_dev<9> |        11.436(F)|      SLOW  |         5.819(F)|      FAST  |test_mode_rst_OR_36_o_BUFG|   0.000|
output_dev<10>|        11.445(F)|      SLOW  |         5.828(F)|      FAST  |test_mode_rst_OR_36_o_BUFG|   0.000|
output_dev<11>|        11.443(F)|      SLOW  |         5.827(F)|      FAST  |test_mode_rst_OR_36_o_BUFG|   0.000|
output_dev<12>|        11.446(F)|      SLOW  |         5.829(F)|      FAST  |test_mode_rst_OR_36_o_BUFG|   0.000|
output_dev<13>|        11.432(F)|      SLOW  |         5.816(F)|      FAST  |test_mode_rst_OR_36_o_BUFG|   0.000|
output_dev<14>|        11.442(F)|      SLOW  |         5.825(F)|      FAST  |test_mode_rst_OR_36_o_BUFG|   0.000|
output_dev<15>|        11.363(F)|      SLOW  |         5.758(F)|      FAST  |test_mode_rst_OR_36_o_BUFG|   0.000|
output_dev<16>|        11.401(F)|      SLOW  |         5.792(F)|      FAST  |test_mode_rst_OR_36_o_BUFG|   0.000|
output_dev<17>|        11.466(F)|      SLOW  |         5.846(F)|      FAST  |test_mode_rst_OR_36_o_BUFG|   0.000|
output_dev<18>|        11.422(F)|      SLOW  |         5.809(F)|      FAST  |test_mode_rst_OR_36_o_BUFG|   0.000|
output_dev<19>|        11.403(F)|      SLOW  |         5.793(F)|      FAST  |test_mode_rst_OR_36_o_BUFG|   0.000|
output_dev<20>|        11.443(F)|      SLOW  |         5.827(F)|      FAST  |test_mode_rst_OR_36_o_BUFG|   0.000|
output_dev<21>|        11.450(F)|      SLOW  |         5.833(F)|      FAST  |test_mode_rst_OR_36_o_BUFG|   0.000|
output_dev<22>|        11.414(F)|      SLOW  |         5.802(F)|      FAST  |test_mode_rst_OR_36_o_BUFG|   0.000|
output_dev<23>|        11.455(F)|      SLOW  |         5.836(F)|      FAST  |test_mode_rst_OR_36_o_BUFG|   0.000|
output_dev<24>|        11.403(F)|      SLOW  |         5.792(F)|      FAST  |test_mode_rst_OR_36_o_BUFG|   0.000|
output_dev<25>|        11.448(F)|      SLOW  |         5.831(F)|      FAST  |test_mode_rst_OR_36_o_BUFG|   0.000|
output_dev<26>|        11.466(F)|      SLOW  |         5.847(F)|      FAST  |test_mode_rst_OR_36_o_BUFG|   0.000|
output_dev<27>|        11.474(F)|      SLOW  |         5.853(F)|      FAST  |test_mode_rst_OR_36_o_BUFG|   0.000|
output_dev<28>|        11.447(F)|      SLOW  |         5.830(F)|      FAST  |test_mode_rst_OR_36_o_BUFG|   0.000|
output_dev<29>|        11.450(F)|      SLOW  |         5.832(F)|      FAST  |test_mode_rst_OR_36_o_BUFG|   0.000|
output_dev<30>|        11.454(F)|      SLOW  |         5.835(F)|      FAST  |test_mode_rst_OR_36_o_BUFG|   0.000|
output_dev<31>|        11.442(F)|      SLOW  |         5.825(F)|      FAST  |test_mode_rst_OR_36_o_BUFG|   0.000|
output_dev<32>|        11.477(F)|      SLOW  |         5.853(F)|      FAST  |test_mode_rst_OR_36_o_BUFG|   0.000|
output_dev<33>|        11.466(F)|      SLOW  |         5.844(F)|      FAST  |test_mode_rst_OR_36_o_BUFG|   0.000|
output_dev<34>|        11.487(F)|      SLOW  |         5.863(F)|      FAST  |test_mode_rst_OR_36_o_BUFG|   0.000|
output_dev<35>|        11.477(F)|      SLOW  |         5.854(F)|      FAST  |test_mode_rst_OR_36_o_BUFG|   0.000|
--------------+-----------------+------------+-----------------+------------+--------------------------+--------+

Clock test_mode to Pad
--------------+-----------------+------------+-----------------+------------+--------------------------+--------+
              |Max (slowest) clk|  Process   |Min (fastest) clk|  Process   |                          | Clock  |
Destination   |  (edge) to PAD  |   Corner   |  (edge) to PAD  |   Corner   |Internal Clock(s)         | Phase  |
--------------+-----------------+------------+-----------------+------------+--------------------------+--------+
output_dev<0> |        13.185(F)|      SLOW  |         6.653(F)|      FAST  |test_mode_rst_OR_36_o_BUFG|   0.000|
output_dev<1> |        13.188(F)|      SLOW  |         6.656(F)|      FAST  |test_mode_rst_OR_36_o_BUFG|   0.000|
output_dev<2> |        13.203(F)|      SLOW  |         6.670(F)|      FAST  |test_mode_rst_OR_36_o_BUFG|   0.000|
output_dev<3> |        13.199(F)|      SLOW  |         6.666(F)|      FAST  |test_mode_rst_OR_36_o_BUFG|   0.000|
output_dev<4> |        13.111(F)|      SLOW  |         6.592(F)|      FAST  |test_mode_rst_OR_36_o_BUFG|   0.000|
output_dev<5> |        13.204(F)|      SLOW  |         6.669(F)|      FAST  |test_mode_rst_OR_36_o_BUFG|   0.000|
output_dev<6> |        13.100(F)|      SLOW  |         6.583(F)|      FAST  |test_mode_rst_OR_36_o_BUFG|   0.000|
output_dev<7> |        13.209(F)|      SLOW  |         6.674(F)|      FAST  |test_mode_rst_OR_36_o_BUFG|   0.000|
output_dev<8> |        13.184(F)|      SLOW  |         6.654(F)|      FAST  |test_mode_rst_OR_36_o_BUFG|   0.000|
output_dev<9> |        13.187(F)|      SLOW  |         6.656(F)|      FAST  |test_mode_rst_OR_36_o_BUFG|   0.000|
output_dev<10>|        13.196(F)|      SLOW  |         6.665(F)|      FAST  |test_mode_rst_OR_36_o_BUFG|   0.000|
output_dev<11>|        13.194(F)|      SLOW  |         6.664(F)|      FAST  |test_mode_rst_OR_36_o_BUFG|   0.000|
output_dev<12>|        13.197(F)|      SLOW  |         6.666(F)|      FAST  |test_mode_rst_OR_36_o_BUFG|   0.000|
output_dev<13>|        13.183(F)|      SLOW  |         6.653(F)|      FAST  |test_mode_rst_OR_36_o_BUFG|   0.000|
output_dev<14>|        13.193(F)|      SLOW  |         6.662(F)|      FAST  |test_mode_rst_OR_36_o_BUFG|   0.000|
output_dev<15>|        13.114(F)|      SLOW  |         6.595(F)|      FAST  |test_mode_rst_OR_36_o_BUFG|   0.000|
output_dev<16>|        13.152(F)|      SLOW  |         6.629(F)|      FAST  |test_mode_rst_OR_36_o_BUFG|   0.000|
output_dev<17>|        13.217(F)|      SLOW  |         6.683(F)|      FAST  |test_mode_rst_OR_36_o_BUFG|   0.000|
output_dev<18>|        13.173(F)|      SLOW  |         6.646(F)|      FAST  |test_mode_rst_OR_36_o_BUFG|   0.000|
output_dev<19>|        13.154(F)|      SLOW  |         6.630(F)|      FAST  |test_mode_rst_OR_36_o_BUFG|   0.000|
output_dev<20>|        13.194(F)|      SLOW  |         6.664(F)|      FAST  |test_mode_rst_OR_36_o_BUFG|   0.000|
output_dev<21>|        13.201(F)|      SLOW  |         6.670(F)|      FAST  |test_mode_rst_OR_36_o_BUFG|   0.000|
output_dev<22>|        13.165(F)|      SLOW  |         6.639(F)|      FAST  |test_mode_rst_OR_36_o_BUFG|   0.000|
output_dev<23>|        13.206(F)|      SLOW  |         6.673(F)|      FAST  |test_mode_rst_OR_36_o_BUFG|   0.000|
output_dev<24>|        13.154(F)|      SLOW  |         6.629(F)|      FAST  |test_mode_rst_OR_36_o_BUFG|   0.000|
output_dev<25>|        13.199(F)|      SLOW  |         6.668(F)|      FAST  |test_mode_rst_OR_36_o_BUFG|   0.000|
output_dev<26>|        13.217(F)|      SLOW  |         6.684(F)|      FAST  |test_mode_rst_OR_36_o_BUFG|   0.000|
output_dev<27>|        13.225(F)|      SLOW  |         6.690(F)|      FAST  |test_mode_rst_OR_36_o_BUFG|   0.000|
output_dev<28>|        13.198(F)|      SLOW  |         6.667(F)|      FAST  |test_mode_rst_OR_36_o_BUFG|   0.000|
output_dev<29>|        13.201(F)|      SLOW  |         6.669(F)|      FAST  |test_mode_rst_OR_36_o_BUFG|   0.000|
output_dev<30>|        13.205(F)|      SLOW  |         6.672(F)|      FAST  |test_mode_rst_OR_36_o_BUFG|   0.000|
output_dev<31>|        13.193(F)|      SLOW  |         6.662(F)|      FAST  |test_mode_rst_OR_36_o_BUFG|   0.000|
output_dev<32>|        13.228(F)|      SLOW  |         6.690(F)|      FAST  |test_mode_rst_OR_36_o_BUFG|   0.000|
output_dev<33>|        13.217(F)|      SLOW  |         6.681(F)|      FAST  |test_mode_rst_OR_36_o_BUFG|   0.000|
output_dev<34>|        13.238(F)|      SLOW  |         6.700(F)|      FAST  |test_mode_rst_OR_36_o_BUFG|   0.000|
output_dev<35>|        13.228(F)|      SLOW  |         6.691(F)|      FAST  |test_mode_rst_OR_36_o_BUFG|   0.000|
--------------+-----------------+------------+-----------------+------------+--------------------------+--------+

Clock to Setup on destination clock clk
---------------+---------+---------+---------+---------+
               | Src:Rise| Src:Fall| Src:Rise| Src:Fall|
Source Clock   |Dest:Rise|Dest:Rise|Dest:Fall|Dest:Fall|
---------------+---------+---------+---------+---------+
clk            |   14.898|         |         |         |
rst            |    5.470|    5.470|         |         |
test_mode      |    7.221|    7.221|         |         |
---------------+---------+---------+---------+---------+

Clock to Setup on destination clock rst
---------------+---------+---------+---------+---------+
               | Src:Rise| Src:Fall| Src:Rise| Src:Fall|
Source Clock   |Dest:Rise|Dest:Rise|Dest:Fall|Dest:Fall|
---------------+---------+---------+---------+---------+
clk            |         |         |    1.311|         |
rst            |         |         |    0.992|    0.992|
test_mode      |         |         |   -1.054|   -1.054|
---------------+---------+---------+---------+---------+

Clock to Setup on destination clock test_mode
---------------+---------+---------+---------+---------+
               | Src:Rise| Src:Fall| Src:Rise| Src:Fall|
Source Clock   |Dest:Rise|Dest:Rise|Dest:Fall|Dest:Fall|
---------------+---------+---------+---------+---------+
clk            |         |         |    0.278|         |
test_mode      |         |         |   -1.891|   -1.891|
---------------+---------+---------+---------+---------+


Analysis completed Thu May 02 23:56:24 2013 
--------------------------------------------------------------------------------

Trace Settings:
-------------------------
Trace Settings 

Peak Memory Usage: 310 MB



