Release 13.2 Map O.61xd (nt)
Xilinx Mapping Report File for Design 'IP_watermarking_MARS128'

Design Information
------------------
Command Line   : map -intstyle ise -p xc6vlx75tl-ff784-1L -w -logic_opt off -ol
high -t 1 -xt 0 -register_duplication off -r 4 -global_opt off -mt off -ir off
-pr off -lc off -power off -o IP_watermarking_MARS128_map.ncd
IP_watermarking_MARS128.ngd IP_watermarking_MARS128.pcf 
Target Device  : xc6vlx75tl
Target Package : ff784
Target Speed   : -1l
Mapper Version : virtex6l -- $Revision: 1.55 $
Mapped Date    : Mon May 06 20:42:37 2013

Design Summary
--------------
Number of errors:      0
Number of warnings:    3
Slice Logic Utilization:
  Number of Slice Registers:                 2,430 out of  93,120    2%
    Number used as Flip Flops:               2,426
    Number used as Latches:                      3
    Number used as Latch-thrus:                  0
    Number used as AND/OR logics:                1
  Number of Slice LUTs:                     12,021 out of  46,560   25%
    Number used as logic:                   12,009 out of  46,560   25%
      Number using O6 output only:          11,065
      Number using O5 output only:              20
      Number using O5 and O6:                  924
      Number used as ROM:                        0
    Number used as Memory:                       0 out of  16,720    0%
    Number used exclusively as route-thrus:     12
      Number with same-slice register load:      8
      Number with same-slice carry load:         4
      Number with other load:                    0

Slice Logic Distribution:
  Number of occupied Slices:                 3,236 out of  11,640   27%
  Number of LUT Flip Flop pairs used:       12,106
    Number with an unused Flip Flop:         9,746 out of  12,106   80%
    Number with an unused LUT:                  85 out of  12,106    1%
    Number of fully used LUT-FF pairs:       2,275 out of  12,106   18%
    Number of unique control sets:              81
    Number of slice register sites lost
      to control set restrictions:             243 out of  93,120    1%

  A LUT Flip Flop pair for this architecture represents one LUT paired with
  one Flip Flop within a slice.  A control set is a unique combination of
  clock, reset, set, and enable signals for a registered element.
  The Slice Logic Distribution report is not meaningful if the design is
  over-mapped for a non-slice resource or if Placement fails.
  OVERMAPPING of BRAM resources should be ignored if the design is
  over-mapped for a non-BRAM resource or if placement fails.

IO Utilization:
  Number of bonded IOBs:                       205 out of     360   56%
    IOB Latches:                                36

Specific Feature Utilization:
  Number of RAMB36E1/FIFO36E1s:                  0 out of     156    0%
  Number of RAMB18E1/FIFO18E1s:                  0 out of     312    0%
  Number of BUFG/BUFGCTRLs:                      2 out of      32    6%
    Number used as BUFGs:                        2
    Number used as BUFGCTRLs:                    0
  Number of ILOGICE1/ISERDESE1s:                 0 out of     360    0%
  Number of OLOGICE1/OSERDESE1s:                36 out of     360   10%
    Number used as OLOGICE1s:                   36
    Number used as OSERDESE1s:                   0
  Number of BSCANs:                              0 out of       4    0%
  Number of BUFHCEs:                             0 out of      72    0%
  Number of BUFIODQSs:                           0 out of      36    0%
  Number of BUFRs:                               0 out of      18    0%
  Number of CAPTUREs:                            0 out of       1    0%
  Number of DSP48E1s:                            6 out of     288    2%
  Number of EFUSE_USRs:                          0 out of       1    0%
  Number of FRAME_ECCs:                          0 out of       1    0%
  Number of GTXE1s:                              0 out of      12    0%
  Number of IBUFDS_GTXE1s:                       0 out of       6    0%
  Number of ICAPs:                               0 out of       2    0%
  Number of IDELAYCTRLs:                         0 out of       9    0%
  Number of IODELAYE1s:                          0 out of     360    0%
  Number of MMCM_ADVs:                           0 out of       6    0%
  Number of PCIE_2_0s:                           0 out of       1    0%
  Number of STARTUPs:                            1 out of       1  100%
  Number of SYSMONs:                             0 out of       1    0%
  Number of TEMAC_SINGLEs:                       0 out of       4    0%

Average Fanout of Non-Clock Nets:                7.72

Peak Memory Usage:  498 MB
Total REAL time to MAP completion:  6 mins 31 secs 
Total CPU time to MAP completion:   6 mins 10 secs 

Table of Contents
-----------------
Section 1 - Errors
Section 2 - Warnings
Section 3 - Informational
Section 4 - Removed Logic Summary
Section 5 - Removed Logic
Section 6 - IOB Properties
Section 7 - RPMs
Section 8 - Guide Report
Section 9 - Area Group and Partition Summary
Section 10 - Timing Report
Section 11 - Configuration String Information
Section 12 - Control Set Information
Section 13 - Utilization by Hierarchy

Section 1 - Errors
------------------

Section 2 - Warnings
--------------------
WARNING:Security:42 - Your software subscription period has lapsed. Your current
version of Xilinx tools will continue to function, but you no longer qualify for
Xilinx software updates or new releases.
WARNING:PhysDesignRules:372 - Gated clock. Clock net PRSG/reset_shift[3]_AND_9_o
   is sourced by a combinatorial pin. This is not good design practice. Use the
   CE pin to control the loading of data into the flip-flop.
WARNING:PhysDesignRules:372 - Gated clock. Clock net
   PRSG/reset_shift[0]_AND_11_o is sourced by a combinatorial pin. This is not
   good design practice. Use the CE pin to control the loading of data into the
   flip-flop.
WARNING:PhysDesignRules:372 - Gated clock. Clock net PRSG/reset_u1_AND_13_o is
   sourced by a combinatorial pin. This is not good design practice. Use the CE
   pin to control the loading of data into the flip-flop.

Section 3 - Informational
-------------------------
INFO:Security:54 - 'xc6vlx75tl' is a WebPack part.
INFO:LIT:244 - All of the single ended outputs in this design are using slew
   rate limited output drivers. The delay on speed critical single ended outputs
   can be dramatically reduced by designating them as fast outputs.
INFO:Pack:1716 - Initializing temperature to 85.000 Celsius. (default - Range:
   0.000 to 85.000 Celsius)
INFO:Pack:1720 - Initializing voltage to 0.870 Volts. (default - Range: 0.870 to
   0.930 Volts)
INFO:Map:215 - The Interim Design Summary has been generated in the MAP Report
   (.mrp).
INFO:Pack:1650 - Map created a placed design.

Section 4 - Removed Logic Summary
---------------------------------
   3 block(s) optimized away

Section 5 - Removed Logic
-------------------------

Optimized Block(s):
TYPE 		BLOCK
GND 		XST_GND
VCC 		XST_VCC
GND 		general/blk00000001

To enable printing of redundant blocks removed and signals merged, set the
detailed map report option and rerun map.

Section 6 - IOB Properties
--------------------------

+---------------------------------------------------------------------------------------------------------------------------------------------------------+
| IOB Name                           | Type             | Direction | IO Standard          | Diff  | Drive    | Slew | Reg (s)      | Resistor | IOB      |
|                                    |                  |           |                      | Term  | Strength | Rate |              |          | Delay    |
+---------------------------------------------------------------------------------------------------------------------------------------------------------+
| DONE                               | IOB              | OUTPUT    | LVCMOS25             |       | 12       | SLOW |              |          |          |
| Y<0>                               | IOB              | INPUT     | LVCMOS25             |       |          |      |              |          |          |
| Y<1>                               | IOB              | INPUT     | LVCMOS25             |       |          |      |              |          |          |
| Y<2>                               | IOB              | INPUT     | LVCMOS25             |       |          |      |              |          |          |
| Y<3>                               | IOB              | INPUT     | LVCMOS25             |       |          |      |              |          |          |
| Y<4>                               | IOB              | INPUT     | LVCMOS25             |       |          |      |              |          |          |
| Y<5>                               | IOB              | INPUT     | LVCMOS25             |       |          |      |              |          |          |
| Y<6>                               | IOB              | INPUT     | LVCMOS25             |       |          |      |              |          |          |
| Y<7>                               | IOB              | INPUT     | LVCMOS25             |       |          |      |              |          |          |
| Y<8>                               | IOB              | INPUT     | LVCMOS25             |       |          |      |              |          |          |
| Y<9>                               | IOB              | INPUT     | LVCMOS25             |       |          |      |              |          |          |
| Y<10>                              | IOB              | INPUT     | LVCMOS25             |       |          |      |              |          |          |
| Y<11>                              | IOB              | INPUT     | LVCMOS25             |       |          |      |              |          |          |
| Y<12>                              | IOB              | INPUT     | LVCMOS25             |       |          |      |              |          |          |
| Y<13>                              | IOB              | INPUT     | LVCMOS25             |       |          |      |              |          |          |
| Y<14>                              | IOB              | INPUT     | LVCMOS25             |       |          |      |              |          |          |
| Y<15>                              | IOB              | INPUT     | LVCMOS25             |       |          |      |              |          |          |
| Y<16>                              | IOB              | INPUT     | LVCMOS25             |       |          |      |              |          |          |
| Y<17>                              | IOB              | INPUT     | LVCMOS25             |       |          |      |              |          |          |
| clk                                | IOB              | INPUT     | LVCMOS25             |       |          |      |              |          |          |
| clk_en                             | IOB              | INPUT     | LVCMOS25             |       |          |      |              |          |          |
| output_dev<0>                      | IOB              | OUTPUT    | LVCMOS25             |       | 12       | SLOW | OLATCH       |          |          |
| output_dev<1>                      | IOB              | OUTPUT    | LVCMOS25             |       | 12       | SLOW | OLATCH       |          |          |
| output_dev<2>                      | IOB              | OUTPUT    | LVCMOS25             |       | 12       | SLOW | OLATCH       |          |          |
| output_dev<3>                      | IOB              | OUTPUT    | LVCMOS25             |       | 12       | SLOW | OLATCH       |          |          |
| output_dev<4>                      | IOB              | OUTPUT    | LVCMOS25             |       | 12       | SLOW | OLATCH       |          |          |
| output_dev<5>                      | IOB              | OUTPUT    | LVCMOS25             |       | 12       | SLOW | OLATCH       |          |          |
| output_dev<6>                      | IOB              | OUTPUT    | LVCMOS25             |       | 12       | SLOW | OLATCH       |          |          |
| output_dev<7>                      | IOB              | OUTPUT    | LVCMOS25             |       | 12       | SLOW | OLATCH       |          |          |
| output_dev<8>                      | IOB              | OUTPUT    | LVCMOS25             |       | 12       | SLOW | OLATCH       |          |          |
| output_dev<9>                      | IOB              | OUTPUT    | LVCMOS25             |       | 12       | SLOW | OLATCH       |          |          |
| output_dev<10>                     | IOB              | OUTPUT    | LVCMOS25             |       | 12       | SLOW | OLATCH       |          |          |
| output_dev<11>                     | IOB              | OUTPUT    | LVCMOS25             |       | 12       | SLOW | OLATCH       |          |          |
| output_dev<12>                     | IOB              | OUTPUT    | LVCMOS25             |       | 12       | SLOW | OLATCH       |          |          |
| output_dev<13>                     | IOB              | OUTPUT    | LVCMOS25             |       | 12       | SLOW | OLATCH       |          |          |
| output_dev<14>                     | IOB              | OUTPUT    | LVCMOS25             |       | 12       | SLOW | OLATCH       |          |          |
| output_dev<15>                     | IOB              | OUTPUT    | LVCMOS25             |       | 12       | SLOW | OLATCH       |          |          |
| output_dev<16>                     | IOB              | OUTPUT    | LVCMOS25             |       | 12       | SLOW | OLATCH       |          |          |
| output_dev<17>                     | IOB              | OUTPUT    | LVCMOS25             |       | 12       | SLOW | OLATCH       |          |          |
| output_dev<18>                     | IOB              | OUTPUT    | LVCMOS25             |       | 12       | SLOW | OLATCH       |          |          |
| output_dev<19>                     | IOB              | OUTPUT    | LVCMOS25             |       | 12       | SLOW | OLATCH       |          |          |
| output_dev<20>                     | IOB              | OUTPUT    | LVCMOS25             |       | 12       | SLOW | OLATCH       |          |          |
| output_dev<21>                     | IOB              | OUTPUT    | LVCMOS25             |       | 12       | SLOW | OLATCH       |          |          |
| output_dev<22>                     | IOB              | OUTPUT    | LVCMOS25             |       | 12       | SLOW | OLATCH       |          |          |
| output_dev<23>                     | IOB              | OUTPUT    | LVCMOS25             |       | 12       | SLOW | OLATCH       |          |          |
| output_dev<24>                     | IOB              | OUTPUT    | LVCMOS25             |       | 12       | SLOW | OLATCH       |          |          |
| output_dev<25>                     | IOB              | OUTPUT    | LVCMOS25             |       | 12       | SLOW | OLATCH       |          |          |
| output_dev<26>                     | IOB              | OUTPUT    | LVCMOS25             |       | 12       | SLOW | OLATCH       |          |          |
| output_dev<27>                     | IOB              | OUTPUT    | LVCMOS25             |       | 12       | SLOW | OLATCH       |          |          |
| output_dev<28>                     | IOB              | OUTPUT    | LVCMOS25             |       | 12       | SLOW | OLATCH       |          |          |
| output_dev<29>                     | IOB              | OUTPUT    | LVCMOS25             |       | 12       | SLOW | OLATCH       |          |          |
| output_dev<30>                     | IOB              | OUTPUT    | LVCMOS25             |       | 12       | SLOW | OLATCH       |          |          |
| output_dev<31>                     | IOB              | OUTPUT    | LVCMOS25             |       | 12       | SLOW | OLATCH       |          |          |
| output_dev<32>                     | IOB              | OUTPUT    | LVCMOS25             |       | 12       | SLOW | OLATCH       |          |          |
| output_dev<33>                     | IOB              | OUTPUT    | LVCMOS25             |       | 12       | SLOW | OLATCH       |          |          |
| output_dev<34>                     | IOB              | OUTPUT    | LVCMOS25             |       | 12       | SLOW | OLATCH       |          |          |
| output_dev<35>                     | IOB              | OUTPUT    | LVCMOS25             |       | 12       | SLOW | OLATCH       |          |          |
| rst                                | IOB              | INPUT     | LVCMOS25             |       |          |      |              |          |          |
| test_mode                          | IOB              | INPUT     | LVCMOS25             |       |          |      |              |          |          |
| watermark_output<0>                | IOB              | OUTPUT    | LVCMOS25             |       | 12       | SLOW |              |          |          |
| watermark_output<1>                | IOB              | OUTPUT    | LVCMOS25             |       | 12       | SLOW |              |          |          |
| watermark_output<2>                | IOB              | OUTPUT    | LVCMOS25             |       | 12       | SLOW |              |          |          |
| watermark_output<3>                | IOB              | OUTPUT    | LVCMOS25             |       | 12       | SLOW |              |          |          |
| watermark_output<4>                | IOB              | OUTPUT    | LVCMOS25             |       | 12       | SLOW |              |          |          |
| watermark_output<5>                | IOB              | OUTPUT    | LVCMOS25             |       | 12       | SLOW |              |          |          |
| watermark_output<6>                | IOB              | OUTPUT    | LVCMOS25             |       | 12       | SLOW |              |          |          |
| watermark_output<7>                | IOB              | OUTPUT    | LVCMOS25             |       | 12       | SLOW |              |          |          |
| watermark_output<8>                | IOB              | OUTPUT    | LVCMOS25             |       | 12       | SLOW |              |          |          |
| watermark_output<9>                | IOB              | OUTPUT    | LVCMOS25             |       | 12       | SLOW |              |          |          |
| watermark_output<10>               | IOB              | OUTPUT    | LVCMOS25             |       | 12       | SLOW |              |          |          |
| watermark_output<11>               | IOB              | OUTPUT    | LVCMOS25             |       | 12       | SLOW |              |          |          |
| watermark_output<12>               | IOB              | OUTPUT    | LVCMOS25             |       | 12       | SLOW |              |          |          |
| watermark_output<13>               | IOB              | OUTPUT    | LVCMOS25             |       | 12       | SLOW |              |          |          |
| watermark_output<14>               | IOB              | OUTPUT    | LVCMOS25             |       | 12       | SLOW |              |          |          |
| watermark_output<15>               | IOB              | OUTPUT    | LVCMOS25             |       | 12       | SLOW |              |          |          |
| watermark_output<16>               | IOB              | OUTPUT    | LVCMOS25             |       | 12       | SLOW |              |          |          |
| watermark_output<17>               | IOB              | OUTPUT    | LVCMOS25             |       | 12       | SLOW |              |          |          |
| watermark_output<18>               | IOB              | OUTPUT    | LVCMOS25             |       | 12       | SLOW |              |          |          |
| watermark_output<19>               | IOB              | OUTPUT    | LVCMOS25             |       | 12       | SLOW |              |          |          |
| watermark_output<20>               | IOB              | OUTPUT    | LVCMOS25             |       | 12       | SLOW |              |          |          |
| watermark_output<21>               | IOB              | OUTPUT    | LVCMOS25             |       | 12       | SLOW |              |          |          |
| watermark_output<22>               | IOB              | OUTPUT    | LVCMOS25             |       | 12       | SLOW |              |          |          |
| watermark_output<23>               | IOB              | OUTPUT    | LVCMOS25             |       | 12       | SLOW |              |          |          |
| watermark_output<24>               | IOB              | OUTPUT    | LVCMOS25             |       | 12       | SLOW |              |          |          |
| watermark_output<25>               | IOB              | OUTPUT    | LVCMOS25             |       | 12       | SLOW |              |          |          |
| watermark_output<26>               | IOB              | OUTPUT    | LVCMOS25             |       | 12       | SLOW |              |          |          |
| watermark_output<27>               | IOB              | OUTPUT    | LVCMOS25             |       | 12       | SLOW |              |          |          |
| watermark_output<28>               | IOB              | OUTPUT    | LVCMOS25             |       | 12       | SLOW |              |          |          |
| watermark_output<29>               | IOB              | OUTPUT    | LVCMOS25             |       | 12       | SLOW |              |          |          |
| watermark_output<30>               | IOB              | OUTPUT    | LVCMOS25             |       | 12       | SLOW |              |          |          |
| watermark_output<31>               | IOB              | OUTPUT    | LVCMOS25             |       | 12       | SLOW |              |          |          |
| watermark_output<32>               | IOB              | OUTPUT    | LVCMOS25             |       | 12       | SLOW |              |          |          |
| watermark_output<33>               | IOB              | OUTPUT    | LVCMOS25             |       | 12       | SLOW |              |          |          |
| watermark_output<34>               | IOB              | OUTPUT    | LVCMOS25             |       | 12       | SLOW |              |          |          |
| watermark_output<35>               | IOB              | OUTPUT    | LVCMOS25             |       | 12       | SLOW |              |          |          |
| watermark_output<36>               | IOB              | OUTPUT    | LVCMOS25             |       | 12       | SLOW |              |          |          |
| watermark_output<37>               | IOB              | OUTPUT    | LVCMOS25             |       | 12       | SLOW |              |          |          |
| watermark_output<38>               | IOB              | OUTPUT    | LVCMOS25             |       | 12       | SLOW |              |          |          |
| watermark_output<39>               | IOB              | OUTPUT    | LVCMOS25             |       | 12       | SLOW |              |          |          |
| watermark_output<40>               | IOB              | OUTPUT    | LVCMOS25             |       | 12       | SLOW |              |          |          |
| watermark_output<41>               | IOB              | OUTPUT    | LVCMOS25             |       | 12       | SLOW |              |          |          |
| watermark_output<42>               | IOB              | OUTPUT    | LVCMOS25             |       | 12       | SLOW |              |          |          |
| watermark_output<43>               | IOB              | OUTPUT    | LVCMOS25             |       | 12       | SLOW |              |          |          |
| watermark_output<44>               | IOB              | OUTPUT    | LVCMOS25             |       | 12       | SLOW |              |          |          |
| watermark_output<45>               | IOB              | OUTPUT    | LVCMOS25             |       | 12       | SLOW |              |          |          |
| watermark_output<46>               | IOB              | OUTPUT    | LVCMOS25             |       | 12       | SLOW |              |          |          |
| watermark_output<47>               | IOB              | OUTPUT    | LVCMOS25             |       | 12       | SLOW |              |          |          |
| watermark_output<48>               | IOB              | OUTPUT    | LVCMOS25             |       | 12       | SLOW |              |          |          |
| watermark_output<49>               | IOB              | OUTPUT    | LVCMOS25             |       | 12       | SLOW |              |          |          |
| watermark_output<50>               | IOB              | OUTPUT    | LVCMOS25             |       | 12       | SLOW |              |          |          |
| watermark_output<51>               | IOB              | OUTPUT    | LVCMOS25             |       | 12       | SLOW |              |          |          |
| watermark_output<52>               | IOB              | OUTPUT    | LVCMOS25             |       | 12       | SLOW |              |          |          |
| watermark_output<53>               | IOB              | OUTPUT    | LVCMOS25             |       | 12       | SLOW |              |          |          |
| watermark_output<54>               | IOB              | OUTPUT    | LVCMOS25             |       | 12       | SLOW |              |          |          |
| watermark_output<55>               | IOB              | OUTPUT    | LVCMOS25             |       | 12       | SLOW |              |          |          |
| watermark_output<56>               | IOB              | OUTPUT    | LVCMOS25             |       | 12       | SLOW |              |          |          |
| watermark_output<57>               | IOB              | OUTPUT    | LVCMOS25             |       | 12       | SLOW |              |          |          |
| watermark_output<58>               | IOB              | OUTPUT    | LVCMOS25             |       | 12       | SLOW |              |          |          |
| watermark_output<59>               | IOB              | OUTPUT    | LVCMOS25             |       | 12       | SLOW |              |          |          |
| watermark_output<60>               | IOB              | OUTPUT    | LVCMOS25             |       | 12       | SLOW |              |          |          |
| watermark_output<61>               | IOB              | OUTPUT    | LVCMOS25             |       | 12       | SLOW |              |          |          |
| watermark_output<62>               | IOB              | OUTPUT    | LVCMOS25             |       | 12       | SLOW |              |          |          |
| watermark_output<63>               | IOB              | OUTPUT    | LVCMOS25             |       | 12       | SLOW |              |          |          |
| watermark_output<64>               | IOB              | OUTPUT    | LVCMOS25             |       | 12       | SLOW |              |          |          |
| watermark_output<65>               | IOB              | OUTPUT    | LVCMOS25             |       | 12       | SLOW |              |          |          |
| watermark_output<66>               | IOB              | OUTPUT    | LVCMOS25             |       | 12       | SLOW |              |          |          |
| watermark_output<67>               | IOB              | OUTPUT    | LVCMOS25             |       | 12       | SLOW |              |          |          |
| watermark_output<68>               | IOB              | OUTPUT    | LVCMOS25             |       | 12       | SLOW |              |          |          |
| watermark_output<69>               | IOB              | OUTPUT    | LVCMOS25             |       | 12       | SLOW |              |          |          |
| watermark_output<70>               | IOB              | OUTPUT    | LVCMOS25             |       | 12       | SLOW |              |          |          |
| watermark_output<71>               | IOB              | OUTPUT    | LVCMOS25             |       | 12       | SLOW |              |          |          |
| watermark_output<72>               | IOB              | OUTPUT    | LVCMOS25             |       | 12       | SLOW |              |          |          |
| watermark_output<73>               | IOB              | OUTPUT    | LVCMOS25             |       | 12       | SLOW |              |          |          |
| watermark_output<74>               | IOB              | OUTPUT    | LVCMOS25             |       | 12       | SLOW |              |          |          |
| watermark_output<75>               | IOB              | OUTPUT    | LVCMOS25             |       | 12       | SLOW |              |          |          |
| watermark_output<76>               | IOB              | OUTPUT    | LVCMOS25             |       | 12       | SLOW |              |          |          |
| watermark_output<77>               | IOB              | OUTPUT    | LVCMOS25             |       | 12       | SLOW |              |          |          |
| watermark_output<78>               | IOB              | OUTPUT    | LVCMOS25             |       | 12       | SLOW |              |          |          |
| watermark_output<79>               | IOB              | OUTPUT    | LVCMOS25             |       | 12       | SLOW |              |          |          |
| watermark_output<80>               | IOB              | OUTPUT    | LVCMOS25             |       | 12       | SLOW |              |          |          |
| watermark_output<81>               | IOB              | OUTPUT    | LVCMOS25             |       | 12       | SLOW |              |          |          |
| watermark_output<82>               | IOB              | OUTPUT    | LVCMOS25             |       | 12       | SLOW |              |          |          |
| watermark_output<83>               | IOB              | OUTPUT    | LVCMOS25             |       | 12       | SLOW |              |          |          |
| watermark_output<84>               | IOB              | OUTPUT    | LVCMOS25             |       | 12       | SLOW |              |          |          |
| watermark_output<85>               | IOB              | OUTPUT    | LVCMOS25             |       | 12       | SLOW |              |          |          |
| watermark_output<86>               | IOB              | OUTPUT    | LVCMOS25             |       | 12       | SLOW |              |          |          |
| watermark_output<87>               | IOB              | OUTPUT    | LVCMOS25             |       | 12       | SLOW |              |          |          |
| watermark_output<88>               | IOB              | OUTPUT    | LVCMOS25             |       | 12       | SLOW |              |          |          |
| watermark_output<89>               | IOB              | OUTPUT    | LVCMOS25             |       | 12       | SLOW |              |          |          |
| watermark_output<90>               | IOB              | OUTPUT    | LVCMOS25             |       | 12       | SLOW |              |          |          |
| watermark_output<91>               | IOB              | OUTPUT    | LVCMOS25             |       | 12       | SLOW |              |          |          |
| watermark_output<92>               | IOB              | OUTPUT    | LVCMOS25             |       | 12       | SLOW |              |          |          |
| watermark_output<93>               | IOB              | OUTPUT    | LVCMOS25             |       | 12       | SLOW |              |          |          |
| watermark_output<94>               | IOB              | OUTPUT    | LVCMOS25             |       | 12       | SLOW |              |          |          |
| watermark_output<95>               | IOB              | OUTPUT    | LVCMOS25             |       | 12       | SLOW |              |          |          |
| watermark_output<96>               | IOB              | OUTPUT    | LVCMOS25             |       | 12       | SLOW |              |          |          |
| watermark_output<97>               | IOB              | OUTPUT    | LVCMOS25             |       | 12       | SLOW |              |          |          |
| watermark_output<98>               | IOB              | OUTPUT    | LVCMOS25             |       | 12       | SLOW |              |          |          |
| watermark_output<99>               | IOB              | OUTPUT    | LVCMOS25             |       | 12       | SLOW |              |          |          |
| watermark_output<100>              | IOB              | OUTPUT    | LVCMOS25             |       | 12       | SLOW |              |          |          |
| watermark_output<101>              | IOB              | OUTPUT    | LVCMOS25             |       | 12       | SLOW |              |          |          |
| watermark_output<102>              | IOB              | OUTPUT    | LVCMOS25             |       | 12       | SLOW |              |          |          |
| watermark_output<103>              | IOB              | OUTPUT    | LVCMOS25             |       | 12       | SLOW |              |          |          |
| watermark_output<104>              | IOB              | OUTPUT    | LVCMOS25             |       | 12       | SLOW |              |          |          |
| watermark_output<105>              | IOB              | OUTPUT    | LVCMOS25             |       | 12       | SLOW |              |          |          |
| watermark_output<106>              | IOB              | OUTPUT    | LVCMOS25             |       | 12       | SLOW |              |          |          |
| watermark_output<107>              | IOB              | OUTPUT    | LVCMOS25             |       | 12       | SLOW |              |          |          |
| watermark_output<108>              | IOB              | OUTPUT    | LVCMOS25             |       | 12       | SLOW |              |          |          |
| watermark_output<109>              | IOB              | OUTPUT    | LVCMOS25             |       | 12       | SLOW |              |          |          |
| watermark_output<110>              | IOB              | OUTPUT    | LVCMOS25             |       | 12       | SLOW |              |          |          |
| watermark_output<111>              | IOB              | OUTPUT    | LVCMOS25             |       | 12       | SLOW |              |          |          |
| watermark_output<112>              | IOB              | OUTPUT    | LVCMOS25             |       | 12       | SLOW |              |          |          |
| watermark_output<113>              | IOB              | OUTPUT    | LVCMOS25             |       | 12       | SLOW |              |          |          |
| watermark_output<114>              | IOB              | OUTPUT    | LVCMOS25             |       | 12       | SLOW |              |          |          |
| watermark_output<115>              | IOB              | OUTPUT    | LVCMOS25             |       | 12       | SLOW |              |          |          |
| watermark_output<116>              | IOB              | OUTPUT    | LVCMOS25             |       | 12       | SLOW |              |          |          |
| watermark_output<117>              | IOB              | OUTPUT    | LVCMOS25             |       | 12       | SLOW |              |          |          |
| watermark_output<118>              | IOB              | OUTPUT    | LVCMOS25             |       | 12       | SLOW |              |          |          |
| watermark_output<119>              | IOB              | OUTPUT    | LVCMOS25             |       | 12       | SLOW |              |          |          |
| watermark_output<120>              | IOB              | OUTPUT    | LVCMOS25             |       | 12       | SLOW |              |          |          |
| watermark_output<121>              | IOB              | OUTPUT    | LVCMOS25             |       | 12       | SLOW |              |          |          |
| watermark_output<122>              | IOB              | OUTPUT    | LVCMOS25             |       | 12       | SLOW |              |          |          |
| watermark_output<123>              | IOB              | OUTPUT    | LVCMOS25             |       | 12       | SLOW |              |          |          |
| watermark_output<124>              | IOB              | OUTPUT    | LVCMOS25             |       | 12       | SLOW |              |          |          |
| watermark_output<125>              | IOB              | OUTPUT    | LVCMOS25             |       | 12       | SLOW |              |          |          |
| watermark_output<126>              | IOB              | OUTPUT    | LVCMOS25             |       | 12       | SLOW |              |          |          |
| watermark_output<127>              | IOB              | OUTPUT    | LVCMOS25             |       | 12       | SLOW |              |          |          |
| x<0>                               | IOB              | INPUT     | LVCMOS25             |       |          |      |              |          |          |
| x<1>                               | IOB              | INPUT     | LVCMOS25             |       |          |      |              |          |          |
| x<2>                               | IOB              | INPUT     | LVCMOS25             |       |          |      |              |          |          |
| x<3>                               | IOB              | INPUT     | LVCMOS25             |       |          |      |              |          |          |
| x<4>                               | IOB              | INPUT     | LVCMOS25             |       |          |      |              |          |          |
| x<5>                               | IOB              | INPUT     | LVCMOS25             |       |          |      |              |          |          |
| x<6>                               | IOB              | INPUT     | LVCMOS25             |       |          |      |              |          |          |
| x<7>                               | IOB              | INPUT     | LVCMOS25             |       |          |      |              |          |          |
| x<8>                               | IOB              | INPUT     | LVCMOS25             |       |          |      |              |          |          |
| x<9>                               | IOB              | INPUT     | LVCMOS25             |       |          |      |              |          |          |
| x<10>                              | IOB              | INPUT     | LVCMOS25             |       |          |      |              |          |          |
| x<11>                              | IOB              | INPUT     | LVCMOS25             |       |          |      |              |          |          |
| x<12>                              | IOB              | INPUT     | LVCMOS25             |       |          |      |              |          |          |
| x<13>                              | IOB              | INPUT     | LVCMOS25             |       |          |      |              |          |          |
| x<14>                              | IOB              | INPUT     | LVCMOS25             |       |          |      |              |          |          |
| x<15>                              | IOB              | INPUT     | LVCMOS25             |       |          |      |              |          |          |
| x<16>                              | IOB              | INPUT     | LVCMOS25             |       |          |      |              |          |          |
| x<17>                              | IOB              | INPUT     | LVCMOS25             |       |          |      |              |          |          |
+---------------------------------------------------------------------------------------------------------------------------------------------------------+

Section 7 - RPMs
----------------

Section 8 - Guide Report
------------------------
Guide not run on this design.

Section 9 - Area Group and Partition Summary
--------------------------------------------

Partition Implementation Status
-------------------------------

  No Partitions were found in this design.

-------------------------------

Area Group Information
----------------------

  No area groups were found in this design.

----------------------

Section 10 - Timing Report
--------------------------
A logic-level (pre-route) timing report can be generated by using Xilinx static
timing analysis tools, Timing Analyzer (GUI) or TRCE (command line), with the
mapped NCD and PCF files. Please note that this timing report will be generated
using estimated delay information. For accurate numbers, please generate a
timing report with the post Place and Route NCD file.

For more information about the Timing Analyzer, consult the Xilinx Timing
Analyzer Reference Manual; for more information about TRCE, consult the Xilinx
Command Line Tools User Guide "TRACE" chapter.

Section 11 - Configuration String Details
-----------------------------------------
Use the "-detail" map option to print out Configuration Strings

Section 12 - Control Set Information
------------------------------------
Use the "-detail" map option to print out Control Set Information.

Section 13 - Utilization by Hierarchy
-------------------------------------
Use the "-detail" map option to print out the Utilization by Hierarchy section.
